<?xml version="1.0" encoding="UTF-8"?>
<testsuites name="S4" time="805.282" tests="6" failures="0" errors="0">
   <testsuite name="S4" tests="6" failures="0" errors="0" time="805.282" skipped="0" timestamp="2022-04-07 15:06:19" hostname="Nia Yusniati - Apandi" id="Test Suites/Skenario_4/S4">
      <properties>
[...]
</properties>
      <testcase name="Test Cases/Sprint 4/Skenario 4/04-01-Transaction-AppBaru-InisiasiKonsumenBaru" time="114.396" classname="Test Cases/Sprint 4/Skenario 4/04-01-Transaction-AppBaru-InisiasiKonsumenBaru" status="PASSED">
         <system-out><![CDATA[2022-04-07 15:06:20 - [TEST_CASE][PASSED] - Test Cases/Sprint 4/Skenario 4/04-01-Transaction-AppBaru-InisiasiKonsumenBaru: Test Cases/Sprint 4/Skenario 4/04-01-Transaction-AppBaru-InisiasiKonsumenBaru

2022-04-07 15:06:23 - [TEST_STEP][PASSED] - robot = new java.awt.Robot(): null

2022-04-07 15:06:23 - [TEST_STEP][PASSED] - userDir = getProjectDir(): null

2022-04-07 15:06:23 - [TEST_STEP][PASSED] - openBrowser(""): Browser is opened with url: ''

2022-04-07 15:06:24 - [MESSAGE][INFO] - Starting 'Chrome' driver

2022-04-07 15:06:24 - [MESSAGE][INFO] - Action delay is set to 0 milliseconds

2022-04-07 15:06:27 - [MESSAGE][PASSED] - Browser is opened with url: ''

2022-04-07 15:06:27 - [TEST_STEP][PASSED] - driver = getWebDriver(): null

2022-04-07 15:06:27 - [TEST_STEP][PASSED] - navigateToUrl(ME_url): Navigate to 'https://mecorporate.idofocus.co.id:25443/login' successfully

2022-04-07 15:06:35 - [MESSAGE][PASSED] - Navigate to 'https://mecorporate.idofocus.co.id:25443/login' successfully

2022-04-07 15:06:35 - [TEST_STEP][PASSED] - maximizeWindow(): Current window maximized

2022-04-07 15:06:35 - [MESSAGE][PASSED] - Current window maximized

2022-04-07 15:06:35 - [TEST_STEP][PASSED] - delay(5): Delayed 5 second(s)

2022-04-07 15:06:40 - [MESSAGE][PASSED] - Delayed 5 second(s)

2022-04-07 15:06:40 - [TEST_STEP][PASSED] - setText(findTestObject("MEApp_AppBaru_InisiasiKonsumen/input_User ID_login"), CMO): Text '20190364' is set on object 'Object Repository/MEApp_AppBaru_InisiasiKonsumen/input_User ID_login'

2022-04-07 15:06:42 - [MESSAGE][PASSED] - Text '20190364' is set on object 'Object Repository/MEApp_AppBaru_InisiasiKonsumen/input_User ID_login'

2022-04-07 15:06:42 - [TEST_STEP][PASSED] - setText(findTestObject("MEApp_AppBaru_InisiasiKonsumen/input_User Password_login"), password): Text 'Mobile123+' is set on object 'Object Repository/MEApp_AppBaru_InisiasiKonsumen/input_User Password_login'

2022-04-07 15:06:43 - [MESSAGE][PASSED] - Text 'Mobile123+' is set on object 'Object Repository/MEApp_AppBaru_InisiasiKonsumen/input_User Password_login'

2022-04-07 15:06:43 - [TEST_STEP][PASSED] - takeFullPageScreenshotAsCheckpoint(userDir + sprint4WebScreenshootPath + "scenario-4-aplikasi-baru-login.png"): Taking screenshot successfully

2022-04-07 15:06:43 - [MESSAGE][INFO] - 0 hidden object(s)

2022-04-07 15:06:43 - [MESSAGE][PASSED] - Taking screenshot successfully
[[ATTACHMENT|C:\Users\Nia Yusniati\Git_Asa\BCAF_MEAPP_i3\Screenshoot\Sprint4\Web\keyes\keyes-scenario-4-aplikasi-baru-login.png]]

2022-04-07 15:06:43 - [TEST_STEP][PASSED] - markPassed("scenario 4 - Memastikan login berhasil"): scenario 4 - Memastikan login berhasil

2022-04-07 15:06:43 - [MESSAGE][PASSED] - scenario 4 - Memastikan login berhasil

2022-04-07 15:06:43 - [TEST_STEP][PASSED] - click(findTestObject("MEApp_AppBaru_InisiasiKonsumen/button_Login")): Object: 'Object Repository/MEApp_AppBaru_InisiasiKonsumen/button_Login' is clicked on

2022-04-07 15:06:44 - [MESSAGE][PASSED] - Object: 'Object Repository/MEApp_AppBaru_InisiasiKonsumen/button_Login' is clicked on

2022-04-07 15:06:44 - [TEST_STEP][PASSED] - delay(2): Delayed 2 second(s)

2022-04-07 15:06:46 - [MESSAGE][PASSED] - Delayed 2 second(s)

2022-04-07 15:06:46 - [TEST_STEP][PASSED] - verifyElementPresent(findTestObject("MEApp_AppBaru_InisiasiKonsumen/span_Transaksi"), 0): Object 'Object Repository/MEApp_AppBaru_InisiasiKonsumen/span_Transaksi' is present

2022-04-07 15:06:46 - [MESSAGE][WARNING] - Timeout '0' is invalid. Using default page load timeout: '30'

2022-04-07 15:06:47 - [MESSAGE][PASSED] - Object 'Object Repository/MEApp_AppBaru_InisiasiKonsumen/span_Transaksi' is present

2022-04-07 15:06:47 - [TEST_STEP][PASSED] - click(findTestObject("MEApp_AppBaru_InisiasiKonsumen/span_Transaksi")): Object: 'Object Repository/MEApp_AppBaru_InisiasiKonsumen/span_Transaksi' is clicked on

2022-04-07 15:06:47 - [MESSAGE][PASSED] - Object: 'Object Repository/MEApp_AppBaru_InisiasiKonsumen/span_Transaksi' is clicked on

2022-04-07 15:06:47 - [TEST_STEP][PASSED] - delay(1): Delayed 1 second(s)

2022-04-07 15:06:48 - [MESSAGE][PASSED] - Delayed 1 second(s)

2022-04-07 15:06:48 - [TEST_STEP][PASSED] - click(findTestObject("MEApp_AppBaru_InisiasiKonsumen/span_Aplikasi Baru")): Object: 'Object Repository/MEApp_AppBaru_InisiasiKonsumen/span_Aplikasi Baru' is clicked on

2022-04-07 15:06:49 - [MESSAGE][PASSED] - Object: 'Object Repository/MEApp_AppBaru_InisiasiKonsumen/span_Aplikasi Baru' is clicked on

2022-04-07 15:06:49 - [TEST_STEP][PASSED] - delay(1): Delayed 1 second(s)

2022-04-07 15:06:50 - [MESSAGE][PASSED] - Delayed 1 second(s)

2022-04-07 15:06:50 - [TEST_STEP][PASSED] - takeFullPageScreenshotAsCheckpoint(userDir + sprint4WebScreenshootPath + "scenario-4-memilih-button-transaksi-dan-aplikasi-baru.png"): Taking screenshot successfully

2022-04-07 15:06:51 - [MESSAGE][INFO] - 0 hidden object(s)

2022-04-07 15:06:51 - [MESSAGE][PASSED] - Taking screenshot successfully
[[ATTACHMENT|C:\Users\Nia Yusniati\Git_Asa\BCAF_MEAPP_i3\Screenshoot\Sprint4\Web\keyes\keyes-scenario-4-memilih-button-transaksi-dan-aplikasi-baru.png]]

2022-04-07 15:06:51 - [TEST_STEP][PASSED] - markPassed("scenario 4 - Memilih button transaksi dan aplikasi baru"): scenario 4 - Memilih button transaksi dan aplikasi baru

2022-04-07 15:06:51 - [MESSAGE][PASSED] - scenario 4 - Memilih button transaksi dan aplikasi baru

2022-04-07 15:06:51 - [TEST_STEP][PASSED] - click(findTestObject("MEApp_AppBaru_InisiasiKonsumen/input_perorangan_radios-apptype")): Object: 'Object Repository/MEApp_AppBaru_InisiasiKonsumen/input_perorangan_radios-apptype' is clicked on

2022-04-07 15:06:51 - [MESSAGE][PASSED] - Object: 'Object Repository/MEApp_AppBaru_InisiasiKonsumen/input_perorangan_radios-apptype' is clicked on

2022-04-07 15:06:51 - [TEST_STEP][PASSED] - delay(1): Delayed 1 second(s)

2022-04-07 15:06:52 - [MESSAGE][PASSED] - Delayed 1 second(s)

2022-04-07 15:06:52 - [TEST_STEP][PASSED] - click(findTestObject("MEApp_AppBaru_InisiasiKonsumen/input_korporasi_radios-apptype")): Object: 'Object Repository/MEApp_AppBaru_InisiasiKonsumen/input_korporasi_radios-apptype' is clicked on

2022-04-07 15:06:53 - [MESSAGE][PASSED] - Object: 'Object Repository/MEApp_AppBaru_InisiasiKonsumen/input_korporasi_radios-apptype' is clicked on

2022-04-07 15:06:53 - [TEST_STEP][PASSED] - delay(1): Delayed 1 second(s)

2022-04-07 15:06:54 - [MESSAGE][PASSED] - Delayed 1 second(s)

2022-04-07 15:06:54 - [TEST_STEP][PASSED] - click(findTestObject("MEApp_AppBaru_InisiasiKonsumen/input-badanusaha")): Object: 'Object Repository/MEApp_AppBaru_InisiasiKonsumen/input-badanusaha' is clicked on

2022-04-07 15:07:16 - [MESSAGE][PASSED] - Object: 'Object Repository/MEApp_AppBaru_InisiasiKonsumen/input-badanusaha' is clicked on

2022-04-07 15:07:16 - [TEST_STEP][PASSED] - delay(1): Delayed 1 second(s)

2022-04-07 15:07:17 - [MESSAGE][PASSED] - Delayed 1 second(s)

2022-04-07 15:07:17 - [TEST_STEP][PASSED] - setText(findTestObject("MEApp_AppBaru_InisiasiKonsumen/input-badanusaha"), "Perseroan Terbatas ( PT. , NV. , LTD. )"): Text 'Perseroan Terbatas ( PT. , NV. , LTD. )' is set on object 'Object Repository/MEApp_AppBaru_InisiasiKonsumen/input-badanusaha'

2022-04-07 15:07:18 - [MESSAGE][PASSED] - Text 'Perseroan Terbatas ( PT. , NV. , LTD. )' is set on object 'Object Repository/MEApp_AppBaru_InisiasiKonsumen/input-badanusaha'

2022-04-07 15:07:18 - [TEST_STEP][PASSED] - delay(1): Delayed 1 second(s)

2022-04-07 15:07:19 - [MESSAGE][PASSED] - Delayed 1 second(s)

2022-04-07 15:07:19 - [TEST_STEP][PASSED] - takeFullPageScreenshotAsCheckpoint(userDir + sprint4WebScreenshootPath + "scenario-4-input-badan-usaha.png"): Taking screenshot successfully

2022-04-07 15:07:20 - [MESSAGE][INFO] - 0 hidden object(s)

2022-04-07 15:07:20 - [MESSAGE][PASSED] - Taking screenshot successfully
[[ATTACHMENT|C:\Users\Nia Yusniati\Git_Asa\BCAF_MEAPP_i3\Screenshoot\Sprint4\Web\keyes\keyes-scenario-4-input-badan-usaha.png]]

2022-04-07 15:07:20 - [TEST_STEP][PASSED] - markPassed("scenario 4 - Input badan usaha"): scenario 4 - Input badan usaha

2022-04-07 15:07:20 - [MESSAGE][PASSED] - scenario 4 - Input badan usaha

2022-04-07 15:07:20 - [TEST_STEP][PASSED] - delay(2): Delayed 2 second(s)

2022-04-07 15:07:22 - [MESSAGE][PASSED] - Delayed 2 second(s)

2022-04-07 15:07:22 - [TEST_STEP][PASSED] - click(findTestObject("MEApp_AppBaru_InisiasiKonsumen/span_Perseroan Terbatas ( PT. , NV. , LTD. )")): Object: 'Object Repository/MEApp_AppBaru_InisiasiKonsumen/span_Perseroan Terbatas ( PT. , NV. , LTD. )' is clicked on

2022-04-07 15:07:23 - [MESSAGE][PASSED] - Object: 'Object Repository/MEApp_AppBaru_InisiasiKonsumen/span_Perseroan Terbatas ( PT. , NV. , LTD. )' is clicked on

2022-04-07 15:07:23 - [TEST_STEP][PASSED] - delay(2): Delayed 2 second(s)

2022-04-07 15:07:25 - [MESSAGE][PASSED] - Delayed 2 second(s)

2022-04-07 15:07:25 - [TEST_STEP][PASSED] - takeFullPageScreenshotAsCheckpoint(userDir + sprint4WebScreenshootPath + "scenario-4-page-sebelum-input-capture.png"): Taking screenshot successfully

2022-04-07 15:07:25 - [MESSAGE][INFO] - 0 hidden object(s)

2022-04-07 15:07:25 - [MESSAGE][PASSED] - Taking screenshot successfully
[[ATTACHMENT|C:\Users\Nia Yusniati\Git_Asa\BCAF_MEAPP_i3\Screenshoot\Sprint4\Web\keyes\keyes-scenario-4-page-sebelum-input-capture.png]]

2022-04-07 15:07:25 - [TEST_STEP][PASSED] - markPassed("scenario 4 - Sebelum input capture npwp + SIUP + TDP"): scenario 4 - Sebelum input capture npwp + SIUP + TDP

2022-04-07 15:07:25 - [MESSAGE][PASSED] - scenario 4 - Sebelum input capture npwp + SIUP + TDP

2022-04-07 15:07:25 - [TEST_STEP][PASSED] - delay(2): Delayed 2 second(s)

2022-04-07 15:07:27 - [MESSAGE][PASSED] - Delayed 2 second(s)

2022-04-07 15:07:27 - [TEST_STEP][PASSED] - click(findTestObject("MEApp_AppBaru_InisiasiKonsumen/button_Capture_npwp")): Object: 'Object Repository/MEApp_AppBaru_InisiasiKonsumen/button_Capture_npwp' is clicked on

2022-04-07 15:07:28 - [MESSAGE][PASSED] - Object: 'Object Repository/MEApp_AppBaru_InisiasiKonsumen/button_Capture_npwp' is clicked on

2022-04-07 15:07:28 - [TEST_STEP][PASSED] - delay(2): Delayed 2 second(s)

2022-04-07 15:07:30 - [MESSAGE][PASSED] - Delayed 2 second(s)

2022-04-07 15:07:30 - [TEST_STEP][PASSED] - uploadFile(findTestObject("MEApp_AppBaru_InisiasiKonsumen/Capture_"), userDir + pathfinder_npwp): File 'C:/Users/Nia Yusniati/Git_Asa/BCAF_MEAPP_i3/Assets/npwp-dummy.jpg' sent to object: 'Object Repository/MEApp_AppBaru_InisiasiKonsumen/Capture_'

2022-04-07 15:07:30 - [MESSAGE][PASSED] - File 'C:/Users/Nia Yusniati/Git_Asa/BCAF_MEAPP_i3/Assets/npwp-dummy.jpg' sent to object: 'Object Repository/MEApp_AppBaru_InisiasiKonsumen/Capture_'

2022-04-07 15:07:30 - [TEST_STEP][PASSED] - waitForElementPresent(findTestObject("MEApp_AppBaru_InisiasiKonsumen/button_NPWP"), 0): Object 'Object Repository/MEApp_AppBaru_InisiasiKonsumen/button_NPWP' is present

2022-04-07 15:07:31 - [MESSAGE][WARNING] - Timeout '0' is invalid. Using default page load timeout: '30'

2022-04-07 15:07:34 - [MESSAGE][PASSED] - Object 'Object Repository/MEApp_AppBaru_InisiasiKonsumen/button_NPWP' is present

2022-04-07 15:07:34 - [TEST_STEP][PASSED] - setText(findTestObject("MEApp_AppBaru_InisiasiKonsumen/input_NPWP No fix"), NPWP_Cancel): Text '032792012047000' is set on object 'Object Repository/MEApp_AppBaru_InisiasiKonsumen/input_NPWP No fix'

2022-04-07 15:07:35 - [MESSAGE][PASSED] - Text '032792012047000' is set on object 'Object Repository/MEApp_AppBaru_InisiasiKonsumen/input_NPWP No fix'

2022-04-07 15:07:35 - [TEST_STEP][PASSED] - delay(1): Delayed 1 second(s)

2022-04-07 15:07:36 - [MESSAGE][PASSED] - Delayed 1 second(s)

2022-04-07 15:07:36 - [TEST_STEP][PASSED] - setText(findTestObject("MEApp_AppBaru_InisiasiKonsumen/input_Name fix"), CN_Cancel): Text 'ARMITNIA NEERAA     T ' is set on object 'Object Repository/MEApp_AppBaru_InisiasiKonsumen/input_Name fix'

2022-04-07 15:07:37 - [MESSAGE][PASSED] - Text 'ARMITNIA NEERAA     T ' is set on object 'Object Repository/MEApp_AppBaru_InisiasiKonsumen/input_Name fix'

2022-04-07 15:07:37 - [TEST_STEP][PASSED] - click(findTestObject("MEApp_AppBaru_InisiasiKonsumen/button_Capture_siupfix")): Object: 'Object Repository/MEApp_AppBaru_InisiasiKonsumen/button_Capture_siupfix' is clicked on

2022-04-07 15:07:37 - [MESSAGE][PASSED] - Object: 'Object Repository/MEApp_AppBaru_InisiasiKonsumen/button_Capture_siupfix' is clicked on

2022-04-07 15:07:37 - [TEST_STEP][PASSED] - delay(2): Delayed 2 second(s)

2022-04-07 15:07:39 - [MESSAGE][PASSED] - Delayed 2 second(s)

2022-04-07 15:07:39 - [TEST_STEP][PASSED] - uploadFile(findTestObject("MEApp_AppBaru_InisiasiKonsumen/Capture_"), userDir + pathfinder_siup): File 'C:/Users/Nia Yusniati/Git_Asa/BCAF_MEAPP_i3/Assets/siup-dummy.jpg' sent to object: 'Object Repository/MEApp_AppBaru_InisiasiKonsumen/Capture_'

2022-04-07 15:07:40 - [MESSAGE][PASSED] - File 'C:/Users/Nia Yusniati/Git_Asa/BCAF_MEAPP_i3/Assets/siup-dummy.jpg' sent to object: 'Object Repository/MEApp_AppBaru_InisiasiKonsumen/Capture_'

2022-04-07 15:07:40 - [TEST_STEP][PASSED] - delay(2): Delayed 2 second(s)

2022-04-07 15:07:42 - [MESSAGE][PASSED] - Delayed 2 second(s)

2022-04-07 15:07:42 - [TEST_STEP][PASSED] - click(findTestObject("MEApp_AppBaru_InisiasiKonsumen/button_Capture_TDP")): Object: 'Object Repository/MEApp_AppBaru_InisiasiKonsumen/button_Capture_TDP' is clicked on

2022-04-07 15:07:45 - [MESSAGE][PASSED] - Object: 'Object Repository/MEApp_AppBaru_InisiasiKonsumen/button_Capture_TDP' is clicked on

2022-04-07 15:07:45 - [TEST_STEP][PASSED] - delay(2): Delayed 2 second(s)

2022-04-07 15:07:47 - [MESSAGE][PASSED] - Delayed 2 second(s)

2022-04-07 15:07:47 - [TEST_STEP][PASSED] - uploadFile(findTestObject("MEApp_AppBaru_InisiasiKonsumen/Capture_"), userDir + pathfinder_tdp): File 'C:/Users/Nia Yusniati/Git_Asa/BCAF_MEAPP_i3/Assets/tdp-dummy.jpg' sent to object: 'Object Repository/MEApp_AppBaru_InisiasiKonsumen/Capture_'

2022-04-07 15:07:47 - [MESSAGE][PASSED] - File 'C:/Users/Nia Yusniati/Git_Asa/BCAF_MEAPP_i3/Assets/tdp-dummy.jpg' sent to object: 'Object Repository/MEApp_AppBaru_InisiasiKonsumen/Capture_'

2022-04-07 15:07:47 - [TEST_STEP][PASSED] - delay(2): Delayed 2 second(s)

2022-04-07 15:07:49 - [MESSAGE][PASSED] - Delayed 2 second(s)

2022-04-07 15:07:49 - [TEST_STEP][PASSED] - takeFullPageScreenshotAsCheckpoint(userDir + sprint4WebScreenshootPath + "scenario-4-Capture-npwp-siup-tdp.png"): Taking screenshot successfully

2022-04-07 15:07:50 - [MESSAGE][INFO] - 0 hidden object(s)

2022-04-07 15:07:50 - [MESSAGE][PASSED] - Taking screenshot successfully
[[ATTACHMENT|C:\Users\Nia Yusniati\Git_Asa\BCAF_MEAPP_i3\Screenshoot\Sprint4\Web\keyes\keyes-scenario-4-Capture-npwp-siup-tdp.png]]

2022-04-07 15:07:50 - [TEST_STEP][PASSED] - markPassed("scenario 4 - Capture NPWP + SIUP + TDP"): scenario 4 - Capture NPWP + SIUP + TDP

2022-04-07 15:07:50 - [MESSAGE][PASSED] - scenario 4 - Capture NPWP + SIUP + TDP

2022-04-07 15:07:50 - [TEST_STEP][PASSED] - delay(2): Delayed 2 second(s)

2022-04-07 15:07:52 - [MESSAGE][PASSED] - Delayed 2 second(s)

2022-04-07 15:07:52 - [TEST_STEP][PASSED] - click(findTestObject("MEApp_AppBaru_InisiasiKonsumen/input_Ada Perubahan Data Tidak")): Object: 'Object Repository/MEApp_AppBaru_InisiasiKonsumen/input_Ada Perubahan Data Tidak' is clicked on

2022-04-07 15:07:53 - [MESSAGE][PASSED] - Object: 'Object Repository/MEApp_AppBaru_InisiasiKonsumen/input_Ada Perubahan Data Tidak' is clicked on

2022-04-07 15:07:53 - [TEST_STEP][PASSED] - delay(1): Delayed 1 second(s)

2022-04-07 15:07:54 - [MESSAGE][PASSED] - Delayed 1 second(s)

2022-04-07 15:07:54 - [TEST_STEP][PASSED] - click(findTestObject("MEApp_AppBaru_InisiasiKonsumen/input_Ada Perubahan Data YA")): Object: 'Object Repository/MEApp_AppBaru_InisiasiKonsumen/input_Ada Perubahan Data YA' is clicked on

2022-04-07 15:07:55 - [MESSAGE][PASSED] - Object: 'Object Repository/MEApp_AppBaru_InisiasiKonsumen/input_Ada Perubahan Data YA' is clicked on

2022-04-07 15:07:55 - [TEST_STEP][PASSED] - delay(1): Delayed 1 second(s)

2022-04-07 15:07:56 - [MESSAGE][PASSED] - Delayed 1 second(s)

2022-04-07 15:07:56 - [TEST_STEP][PASSED] - takeFullPageScreenshotAsCheckpoint(userDir + sprint4WebScreenshootPath + "scenario-4-Memilih-Radio-Button-Perubahan-Data.png"): Taking screenshot successfully

2022-04-07 15:07:57 - [MESSAGE][INFO] - 0 hidden object(s)

2022-04-07 15:07:57 - [MESSAGE][PASSED] - Taking screenshot successfully
[[ATTACHMENT|C:\Users\Nia Yusniati\Git_Asa\BCAF_MEAPP_i3\Screenshoot\Sprint4\Web\keyes\keyes-scenario-4-Memilih-Radio-Button-Perubahan-Data.png]]

2022-04-07 15:07:57 - [TEST_STEP][PASSED] - markPassed("scenario 4 - Memilih Radio Button Perubahan Data"): scenario 4 - Memilih Radio Button Perubahan Data

2022-04-07 15:07:57 - [MESSAGE][PASSED] - scenario 4 - Memilih Radio Button Perubahan Data

2022-04-07 15:07:57 - [TEST_STEP][PASSED] - delay(2): Delayed 2 second(s)

2022-04-07 15:07:59 - [MESSAGE][PASSED] - Delayed 2 second(s)

2022-04-07 15:07:59 - [TEST_STEP][PASSED] - click(findTestObject("MEApp_AppBaru_InisiasiKonsumen/button_Prosesfix")): Object: 'Object Repository/MEApp_AppBaru_InisiasiKonsumen/button_Prosesfix' is clicked on

2022-04-07 15:07:59 - [MESSAGE][PASSED] - Object: 'Object Repository/MEApp_AppBaru_InisiasiKonsumen/button_Prosesfix' is clicked on

2022-04-07 15:07:59 - [TEST_STEP][PASSED] - delay(2): Delayed 2 second(s)

2022-04-07 15:08:01 - [MESSAGE][PASSED] - Delayed 2 second(s)

2022-04-07 15:08:01 - [TEST_STEP][PASSED] - waitForElementPresent(findTestObject("MEApp_AppBaru_InisiasiKonsumen/AplikasiBaruMatching"), 300): Object 'Object Repository/MEApp_AppBaru_InisiasiKonsumen/AplikasiBaruMatching' is present

2022-04-07 15:08:03 - [MESSAGE][PASSED] - Object 'Object Repository/MEApp_AppBaru_InisiasiKonsumen/AplikasiBaruMatching' is present

2022-04-07 15:08:03 - [TEST_STEP][PASSED] - takeFullPageScreenshotAsCheckpoint(userDir + sprint4WebScreenshootPath + "scenario-4-Masuk-aplikasi-matching.png"): Taking screenshot successfully

2022-04-07 15:08:04 - [MESSAGE][INFO] - 0 hidden object(s)

2022-04-07 15:08:04 - [MESSAGE][PASSED] - Taking screenshot successfully
[[ATTACHMENT|C:\Users\Nia Yusniati\Git_Asa\BCAF_MEAPP_i3\Screenshoot\Sprint4\Web\keyes\keyes-scenario-4-Masuk-aplikasi-matching.png]]

2022-04-07 15:08:04 - [TEST_STEP][PASSED] - markPassed("scenario 4 - Masuk aplikasi matching"): scenario 4 - Masuk aplikasi matching

2022-04-07 15:08:04 - [MESSAGE][PASSED] - scenario 4 - Masuk aplikasi matching

2022-04-07 15:08:04 - [TEST_STEP][PASSED] - delay(2): Delayed 2 second(s)

2022-04-07 15:08:06 - [MESSAGE][PASSED] - Delayed 2 second(s)

2022-04-07 15:08:06 - [TEST_STEP][PASSED] - click(findTestObject("MEApp_AppBaru_InisiasiKonsumen/a_Ok")): Object: 'Object Repository/MEApp_AppBaru_InisiasiKonsumen/a_Ok' is clicked on

2022-04-07 15:08:06 - [MESSAGE][PASSED] - Object: 'Object Repository/MEApp_AppBaru_InisiasiKonsumen/a_Ok' is clicked on

2022-04-07 15:08:06 - [TEST_STEP][PASSED] - delay(1): Delayed 1 second(s)

2022-04-07 15:08:07 - [MESSAGE][PASSED] - Delayed 1 second(s)

2022-04-07 15:08:07 - [TEST_STEP][PASSED] - click(findTestObject("MEApp_AppBaru_InisiasiKonsumen/button_Ya")): Object: 'Object Repository/MEApp_AppBaru_InisiasiKonsumen/button_Ya' is clicked on

2022-04-07 15:08:08 - [MESSAGE][PASSED] - Object: 'Object Repository/MEApp_AppBaru_InisiasiKonsumen/button_Ya' is clicked on

2022-04-07 15:08:08 - [TEST_STEP][PASSED] - delay(3): Delayed 3 second(s)

2022-04-07 15:08:11 - [MESSAGE][PASSED] - Delayed 3 second(s)

2022-04-07 15:08:11 - [TEST_STEP][PASSED] - takeFullPageScreenshotAsCheckpoint(userDir + sprint4WebScreenshootPath + "scenario-4-Berhasil-dilakukan-inisiasi-konsumen-baru.png"): Taking screenshot successfully

2022-04-07 15:08:12 - [MESSAGE][INFO] - 0 hidden object(s)

2022-04-07 15:08:12 - [MESSAGE][PASSED] - Taking screenshot successfully
[[ATTACHMENT|C:\Users\Nia Yusniati\Git_Asa\BCAF_MEAPP_i3\Screenshoot\Sprint4\Web\keyes\keyes-scenario-4-Berhasil-dilakukan-inisiasi-konsumen-baru.png]]

2022-04-07 15:08:12 - [TEST_STEP][PASSED] - markPassed("scenario 4 - Berhasil dilakukan inisiasi konsumen baru"): scenario 4 - Berhasil dilakukan inisiasi konsumen baru

2022-04-07 15:08:12 - [MESSAGE][PASSED] - scenario 4 - Berhasil dilakukan inisiasi konsumen baru

2022-04-07 15:08:12 - [TEST_STEP][PASSED] - delay(2): Delayed 2 second(s)

2022-04-07 15:08:14 - [MESSAGE][PASSED] - Delayed 2 second(s)]]></system-out>
         <system-err><![CDATA[]]></system-err>
      </testcase>
      <testcase name="Test Cases/Sprint 4/Skenario 4/04-02-Transaction-AppPending-InputCorporate" time="265.101" classname="Test Cases/Sprint 4/Skenario 4/04-02-Transaction-AppPending-InputCorporate" status="PASSED">
         <system-out><![CDATA[2022-04-07 15:08:14 - [TEST_CASE][PASSED] - Test Cases/Sprint 4/Skenario 4/04-02-Transaction-AppPending-InputCorporate: Test Cases/Sprint 4/Skenario 4/04-02-Transaction-AppPending-InputCorporate

2022-04-07 15:08:16 - [TEST_STEP][PASSED] - userDir = getProjectDir(): null

2022-04-07 15:08:16 - [TEST_STEP][PASSED] - setText(findTestObject("Object Repository/Input_Corporate/Input_Konsumen/input_SID Name_form-control ng-untouched ng-pristine ng-invalid"), konsumen_SID, OPTIONAL): Text '223213445' is set on object 'Object Repository/Input_Corporate/Input_Konsumen/input_SID Name_form-control ng-untouched ng-pristine ng-invalid'

2022-04-07 15:09:14 - [MESSAGE][PASSED] - Text '223213445' is set on object 'Object Repository/Input_Corporate/Input_Konsumen/input_SID Name_form-control ng-untouched ng-pristine ng-invalid'

2022-04-07 15:09:14 - [TEST_STEP][PASSED] - delay(1): Delayed 1 second(s)

2022-04-07 15:09:15 - [MESSAGE][PASSED] - Delayed 1 second(s)

2022-04-07 15:09:15 - [TEST_STEP][PASSED] - scrollToElement(findTestObject("Object Repository/Input_Corporate/Input_Konsumen/i_Fax 2_ri-arrow-right-line"), 60, OPTIONAL): Scroll to object 'Object Repository/Input_Corporate/Input_Konsumen/i_Fax 2_ri-arrow-right-line' successfully

2022-04-07 15:09:16 - [MESSAGE][PASSED] - Scroll to object 'Object Repository/Input_Corporate/Input_Konsumen/i_Fax 2_ri-arrow-right-line' successfully

2022-04-07 15:09:16 - [TEST_STEP][PASSED] - delay(1): Delayed 1 second(s)

2022-04-07 15:09:17 - [MESSAGE][PASSED] - Delayed 1 second(s)

2022-04-07 15:09:17 - [TEST_STEP][PASSED] - click(findTestObject("Object Repository/Input_Corporate/Input_Konsumen/button_Surat Keterangan Domisili"), OPTIONAL): Object: 'Object Repository/Input_Corporate/Input_Konsumen/button_Surat Keterangan Domisili' is clicked on

2022-04-07 15:09:17 - [MESSAGE][PASSED] - Object: 'Object Repository/Input_Corporate/Input_Konsumen/button_Surat Keterangan Domisili' is clicked on

2022-04-07 15:09:17 - [TEST_STEP][PASSED] - delay(1): Delayed 1 second(s)

2022-04-07 15:09:18 - [MESSAGE][PASSED] - Delayed 1 second(s)

2022-04-07 15:09:18 - [TEST_STEP][PASSED] - takeFullPageScreenshotAsCheckpoint(userDir + sprint4WebScreenshootPath + "scenario-4-masuk-submenu-surat-keterangan-domisili.png"): Taking screenshot successfully

2022-04-07 15:09:19 - [MESSAGE][INFO] - 0 hidden object(s)

2022-04-07 15:09:19 - [MESSAGE][PASSED] - Taking screenshot successfully
[[ATTACHMENT|C:\Users\Nia Yusniati\Git_Asa\BCAF_MEAPP_i3\Screenshoot\Sprint4\Web\keyes\keyes-scenario-4-masuk-submenu-surat-keterangan-domisili.png]]

2022-04-07 15:09:19 - [TEST_STEP][PASSED] - markPassed("scenario 4 - Masuk submenu surat keterangan domisili"): scenario 4 - Masuk submenu surat keterangan domisili

2022-04-07 15:09:19 - [MESSAGE][PASSED] - scenario 4 - Masuk submenu surat keterangan domisili

2022-04-07 15:09:19 - [TEST_STEP][PASSED] - delay(1): Delayed 1 second(s)

2022-04-07 15:09:20 - [MESSAGE][PASSED] - Delayed 1 second(s)

2022-04-07 15:09:20 - [TEST_STEP][PASSED] - click(findTestObject("Object Repository/Input_Corporate/Input_Konsumen/button_Capture_Domisili"), OPTIONAL): Object: 'Object Repository/Input_Corporate/Input_Konsumen/button_Capture_Domisili' is clicked on

2022-04-07 15:09:21 - [MESSAGE][PASSED] - Object: 'Object Repository/Input_Corporate/Input_Konsumen/button_Capture_Domisili' is clicked on

2022-04-07 15:09:21 - [TEST_STEP][PASSED] - delay(1): Delayed 1 second(s)

2022-04-07 15:09:22 - [MESSAGE][PASSED] - Delayed 1 second(s)

2022-04-07 15:09:22 - [TEST_STEP][PASSED] - uploadFile(findTestObject("Input_Corporate/Capture_"), userDir + cobaKTP, OPTIONAL): File 'C:/Users/Nia Yusniati/Git_Asa/BCAF_MEAPP_i3/Assets/ktp_dummy.png' sent to object: 'Object Repository/Input_Corporate/Capture_'

2022-04-07 15:09:22 - [MESSAGE][PASSED] - File 'C:/Users/Nia Yusniati/Git_Asa/BCAF_MEAPP_i3/Assets/ktp_dummy.png' sent to object: 'Object Repository/Input_Corporate/Capture_'

2022-04-07 15:09:22 - [TEST_STEP][PASSED] - delay(1): Delayed 1 second(s)

2022-04-07 15:09:23 - [MESSAGE][PASSED] - Delayed 1 second(s)

2022-04-07 15:09:23 - [TEST_STEP][PASSED] - takeFullPageScreenshotAsCheckpoint(userDir + sprint4WebScreenshootPath + "scenario-4-capture-surat-keterangan-domisili-berhasil.png"): Taking screenshot successfully

2022-04-07 15:09:24 - [MESSAGE][INFO] - 0 hidden object(s)

2022-04-07 15:09:25 - [MESSAGE][PASSED] - Taking screenshot successfully
[[ATTACHMENT|C:\Users\Nia Yusniati\Git_Asa\BCAF_MEAPP_i3\Screenshoot\Sprint4\Web\keyes\keyes-scenario-4-capture-surat-keterangan-domisili-berhasil.png]]

2022-04-07 15:09:25 - [TEST_STEP][PASSED] - markPassed("scenario 4 - Capture surat keterangan domisili berhasil"): scenario 4 - Capture surat keterangan domisili berhasil

2022-04-07 15:09:25 - [MESSAGE][PASSED] - scenario 4 - Capture surat keterangan domisili berhasil

2022-04-07 15:09:25 - [TEST_STEP][PASSED] - delay(1): Delayed 1 second(s)

2022-04-07 15:09:26 - [MESSAGE][PASSED] - Delayed 1 second(s)

2022-04-07 15:09:26 - [TEST_STEP][PASSED] - click(findTestObject("Object Repository/Input_Corporate/Input_Konsumen/button_FAP"), OPTIONAL): Object: 'Object Repository/Input_Corporate/Input_Konsumen/button_FAP' is clicked on

2022-04-07 15:09:26 - [MESSAGE][PASSED] - Object: 'Object Repository/Input_Corporate/Input_Konsumen/button_FAP' is clicked on

2022-04-07 15:09:26 - [TEST_STEP][PASSED] - delay(1): Delayed 1 second(s)

2022-04-07 15:09:27 - [MESSAGE][PASSED] - Delayed 1 second(s)

2022-04-07 15:09:27 - [TEST_STEP][PASSED] - takeFullPageScreenshotAsCheckpoint(userDir + sprint4WebScreenshootPath + "scenario-4-Masuk-submenu-FAP.png"): Taking screenshot successfully

2022-04-07 15:09:29 - [MESSAGE][INFO] - 0 hidden object(s)

2022-04-07 15:09:29 - [MESSAGE][PASSED] - Taking screenshot successfully
[[ATTACHMENT|C:\Users\Nia Yusniati\Git_Asa\BCAF_MEAPP_i3\Screenshoot\Sprint4\Web\keyes\keyes-scenario-4-Masuk-submenu-FAP.png]]

2022-04-07 15:09:29 - [TEST_STEP][PASSED] - markPassed("scenario 4 - Masuk submenu FAP"): scenario 4 - Masuk submenu FAP

2022-04-07 15:09:29 - [MESSAGE][PASSED] - scenario 4 - Masuk submenu FAP

2022-04-07 15:09:29 - [TEST_STEP][PASSED] - delay(1): Delayed 1 second(s)

2022-04-07 15:09:30 - [MESSAGE][PASSED] - Delayed 1 second(s)

2022-04-07 15:09:30 - [TEST_STEP][PASSED] - click(findTestObject("Object Repository/Input_Corporate/Input_Konsumen/a_Add Capture_FAP"), OPTIONAL): Object: 'Object Repository/Input_Corporate/Input_Konsumen/a_Add Capture_FAP' is clicked on

2022-04-07 15:09:31 - [MESSAGE][PASSED] - Object: 'Object Repository/Input_Corporate/Input_Konsumen/a_Add Capture_FAP' is clicked on

2022-04-07 15:09:31 - [TEST_STEP][PASSED] - delay(1): Delayed 1 second(s)

2022-04-07 15:09:32 - [MESSAGE][PASSED] - Delayed 1 second(s)

2022-04-07 15:09:32 - [TEST_STEP][PASSED] - uploadFile(findTestObject("Input_Corporate/Capture_"), userDir + cobaKTP, OPTIONAL): File 'C:/Users/Nia Yusniati/Git_Asa/BCAF_MEAPP_i3/Assets/ktp_dummy.png' sent to object: 'Object Repository/Input_Corporate/Capture_'

2022-04-07 15:09:32 - [MESSAGE][PASSED] - File 'C:/Users/Nia Yusniati/Git_Asa/BCAF_MEAPP_i3/Assets/ktp_dummy.png' sent to object: 'Object Repository/Input_Corporate/Capture_'

2022-04-07 15:09:32 - [TEST_STEP][PASSED] - delay(1): Delayed 1 second(s)

2022-04-07 15:09:33 - [MESSAGE][PASSED] - Delayed 1 second(s)

2022-04-07 15:09:33 - [TEST_STEP][PASSED] - setText(findTestObject("Object Repository/Input_Corporate/Input_Konsumen/input_Jenis Usaha_form-control ng-untouched ng-pristine ng-invalid"), konsumen_jenisUsaha, OPTIONAL): Text 'Kontruksi' is set on object 'Object Repository/Input_Corporate/Input_Konsumen/input_Jenis Usaha_form-control ng-untouched ng-pristine ng-invalid'

2022-04-07 15:09:34 - [MESSAGE][PASSED] - Text 'Kontruksi' is set on object 'Object Repository/Input_Corporate/Input_Konsumen/input_Jenis Usaha_form-control ng-untouched ng-pristine ng-invalid'

2022-04-07 15:09:34 - [TEST_STEP][PASSED] - delay(1): Delayed 1 second(s)

2022-04-07 15:09:35 - [MESSAGE][PASSED] - Delayed 1 second(s)

2022-04-07 15:09:35 - [TEST_STEP][PASSED] - setText(findTestObject("Object Repository/Input_Corporate/Input_Konsumen/input_Economy Code_form-control bcaf-autocomplete ng-untouched ng-pristine ng-invalid"), konsumen_economyCode, OPTIONAL): Text '010103' is set on object 'Object Repository/Input_Corporate/Input_Konsumen/input_Economy Code_form-control bcaf-autocomplete ng-untouched ng-pristine ng-invalid'

2022-04-07 15:09:37 - [MESSAGE][PASSED] - Text '010103' is set on object 'Object Repository/Input_Corporate/Input_Konsumen/input_Economy Code_form-control bcaf-autocomplete ng-untouched ng-pristine ng-invalid'

2022-04-07 15:09:37 - [TEST_STEP][PASSED] - delay(1): Delayed 1 second(s)

2022-04-07 15:09:38 - [MESSAGE][PASSED] - Delayed 1 second(s)

2022-04-07 15:09:38 - [TEST_STEP][PASSED] - waitForElementPresent(findTestObject("Object Repository/Input_Corporate/Input_Konsumen/li_010103 Pertanian  Kehutanan-Pertanian  Pupuk-Importir"), 100, OPTIONAL): Object 'Object Repository/Input_Corporate/Input_Konsumen/li_010103 Pertanian  Kehutanan-Pertanian  Pupuk-Importir' is present

2022-04-07 15:09:38 - [MESSAGE][PASSED] - Object 'Object Repository/Input_Corporate/Input_Konsumen/li_010103 Pertanian  Kehutanan-Pertanian  Pupuk-Importir' is present

2022-04-07 15:09:38 - [TEST_STEP][PASSED] - delay(1): Delayed 1 second(s)

2022-04-07 15:09:39 - [MESSAGE][PASSED] - Delayed 1 second(s)

2022-04-07 15:09:39 - [TEST_STEP][PASSED] - click(findTestObject("Object Repository/Input_Corporate/Input_Konsumen/li_010103 Pertanian  Kehutanan-Pertanian  Pupuk-Importir"), OPTIONAL): Object: 'Object Repository/Input_Corporate/Input_Konsumen/li_010103 Pertanian  Kehutanan-Pertanian  Pupuk-Importir' is clicked on

2022-04-07 15:09:40 - [MESSAGE][PASSED] - Object: 'Object Repository/Input_Corporate/Input_Konsumen/li_010103 Pertanian  Kehutanan-Pertanian  Pupuk-Importir' is clicked on

2022-04-07 15:09:40 - [TEST_STEP][PASSED] - delay(1): Delayed 1 second(s)

2022-04-07 15:09:41 - [MESSAGE][PASSED] - Delayed 1 second(s)

2022-04-07 15:09:41 - [TEST_STEP][PASSED] - setText(findTestObject("Object Repository/Input_Corporate/Input_Konsumen/input_Kode Lokasi Proyek_form"), konsumen_kodeLokasi, OPTIONAL): Text '1213' is set on object 'Object Repository/Input_Corporate/Input_Konsumen/input_Kode Lokasi Proyek_form'

2022-04-07 15:09:42 - [MESSAGE][PASSED] - Text '1213' is set on object 'Object Repository/Input_Corporate/Input_Konsumen/input_Kode Lokasi Proyek_form'

2022-04-07 15:09:42 - [TEST_STEP][PASSED] - delay(1): Delayed 1 second(s)

2022-04-07 15:09:43 - [MESSAGE][PASSED] - Delayed 1 second(s)

2022-04-07 15:09:43 - [TEST_STEP][PASSED] - waitForElementPresent(findTestObject("Object Repository/Input_Corporate/Input_Konsumen/li_1213 - MALANG,KAB"), 100, OPTIONAL): Object 'Object Repository/Input_Corporate/Input_Konsumen/li_1213 - MALANG,KAB' is present

2022-04-07 15:09:44 - [MESSAGE][PASSED] - Object 'Object Repository/Input_Corporate/Input_Konsumen/li_1213 - MALANG,KAB' is present

2022-04-07 15:09:44 - [TEST_STEP][PASSED] - delay(1): Delayed 1 second(s)

2022-04-07 15:09:45 - [MESSAGE][PASSED] - Delayed 1 second(s)

2022-04-07 15:09:45 - [TEST_STEP][PASSED] - click(findTestObject("Object Repository/Input_Corporate/Input_Konsumen/li_1213 - MALANG,KAB"), OPTIONAL): Object: 'Object Repository/Input_Corporate/Input_Konsumen/li_1213 - MALANG,KAB' is clicked on

2022-04-07 15:09:45 - [MESSAGE][PASSED] - Object: 'Object Repository/Input_Corporate/Input_Konsumen/li_1213 - MALANG,KAB' is clicked on

2022-04-07 15:09:45 - [TEST_STEP][PASSED] - delay(1): Delayed 1 second(s)

2022-04-07 15:09:46 - [MESSAGE][PASSED] - Delayed 1 second(s)

2022-04-07 15:09:46 - [TEST_STEP][PASSED] - setText(findTestObject("Object Repository/Input_Corporate/Input_Konsumen/input_Berdiri Sejak Tahun_form-control ng-untouched ng-pristine ng-invalid"), konsumen_tahunBerdiri, OPTIONAL): Text '1995' is set on object 'Object Repository/Input_Corporate/Input_Konsumen/input_Berdiri Sejak Tahun_form-control ng-untouched ng-pristine ng-invalid'

2022-04-07 15:09:48 - [MESSAGE][PASSED] - Text '1995' is set on object 'Object Repository/Input_Corporate/Input_Konsumen/input_Berdiri Sejak Tahun_form-control ng-untouched ng-pristine ng-invalid'

2022-04-07 15:09:48 - [TEST_STEP][PASSED] - delay(1): Delayed 1 second(s)

2022-04-07 15:09:49 - [MESSAGE][PASSED] - Delayed 1 second(s)

2022-04-07 15:09:49 - [TEST_STEP][PASSED] - setText(findTestObject("Object Repository/Input_Corporate/Input_Konsumen/input_Omzet Usaha per Tahun_form-control text-right ng-untouched ng-pristine ng-invalid"), konsumen_omzetUsaha, OPTIONAL): Text '10000000000' is set on object 'Object Repository/Input_Corporate/Input_Konsumen/input_Omzet Usaha per Tahun_form-control text-right ng-untouched ng-pristine ng-invalid'

2022-04-07 15:09:50 - [MESSAGE][PASSED] - Text '10000000000' is set on object 'Object Repository/Input_Corporate/Input_Konsumen/input_Omzet Usaha per Tahun_form-control text-right ng-untouched ng-pristine ng-invalid'

2022-04-07 15:09:50 - [TEST_STEP][PASSED] - delay(1): Delayed 1 second(s)

2022-04-07 15:09:51 - [MESSAGE][PASSED] - Delayed 1 second(s)

2022-04-07 15:09:51 - [TEST_STEP][PASSED] - setText(findTestObject("Object Repository/Input_Corporate/Input_Konsumen/input_No. Rekening BCA_form-control ng-untouched ng-pristine ng-valid"), konsumen_noRekBCA, OPTIONAL): Text '413514512' is set on object 'Object Repository/Input_Corporate/Input_Konsumen/input_No. Rekening BCA_form-control ng-untouched ng-pristine ng-valid'

2022-04-07 15:09:52 - [MESSAGE][PASSED] - Text '413514512' is set on object 'Object Repository/Input_Corporate/Input_Konsumen/input_No. Rekening BCA_form-control ng-untouched ng-pristine ng-valid'

2022-04-07 15:09:52 - [TEST_STEP][PASSED] - delay(1): Delayed 1 second(s)

2022-04-07 15:09:53 - [MESSAGE][PASSED] - Delayed 1 second(s)

2022-04-07 15:09:53 - [TEST_STEP][PASSED] - setText(findTestObject("Object Repository/Input_Corporate/Input_Konsumen/input_Alamat Perusahaan_form-control ng-untouched ng-pristine ng-invalid"), konsumen_alamatPT, OPTIONAL): Text 'Jakarta, No. 45' is set on object 'Object Repository/Input_Corporate/Input_Konsumen/input_Alamat Perusahaan_form-control ng-untouched ng-pristine ng-invalid'

2022-04-07 15:09:54 - [MESSAGE][PASSED] - Text 'Jakarta, No. 45' is set on object 'Object Repository/Input_Corporate/Input_Konsumen/input_Alamat Perusahaan_form-control ng-untouched ng-pristine ng-invalid'

2022-04-07 15:09:54 - [TEST_STEP][PASSED] - delay(1): Delayed 1 second(s)

2022-04-07 15:09:55 - [MESSAGE][PASSED] - Delayed 1 second(s)

2022-04-07 15:09:55 - [TEST_STEP][PASSED] - setText(findTestObject("Object Repository/Input_Corporate/Input_Konsumen/input_Provinsi_form-control bcaf-autocomplete ng-untouched ng-pristine ng-invalid"), konsumen_provinsi, OPTIONAL): Text 'JAWA TIMUR' is set on object 'Object Repository/Input_Corporate/Input_Konsumen/input_Provinsi_form-control bcaf-autocomplete ng-untouched ng-pristine ng-invalid'

2022-04-07 15:09:57 - [MESSAGE][PASSED] - Text 'JAWA TIMUR' is set on object 'Object Repository/Input_Corporate/Input_Konsumen/input_Provinsi_form-control bcaf-autocomplete ng-untouched ng-pristine ng-invalid'

2022-04-07 15:09:57 - [TEST_STEP][PASSED] - delay(1): Delayed 1 second(s)

2022-04-07 15:09:58 - [MESSAGE][PASSED] - Delayed 1 second(s)

2022-04-07 15:09:58 - [TEST_STEP][PASSED] - waitForElementPresent(findTestObject("Object Repository/Input_Corporate/Input_Konsumen/li_JAWA TIMUR"), 100, OPTIONAL): Object 'Object Repository/Input_Corporate/Input_Konsumen/li_JAWA TIMUR' is present

2022-04-07 15:09:58 - [MESSAGE][PASSED] - Object 'Object Repository/Input_Corporate/Input_Konsumen/li_JAWA TIMUR' is present

2022-04-07 15:09:58 - [TEST_STEP][PASSED] - delay(1): Delayed 1 second(s)

2022-04-07 15:09:59 - [MESSAGE][PASSED] - Delayed 1 second(s)

2022-04-07 15:09:59 - [TEST_STEP][PASSED] - click(findTestObject("Object Repository/Input_Corporate/Input_Konsumen/li_JAWA TIMUR"), OPTIONAL): Object: 'Object Repository/Input_Corporate/Input_Konsumen/li_JAWA TIMUR' is clicked on

2022-04-07 15:10:00 - [MESSAGE][PASSED] - Object: 'Object Repository/Input_Corporate/Input_Konsumen/li_JAWA TIMUR' is clicked on

2022-04-07 15:10:00 - [TEST_STEP][PASSED] - delay(1): Delayed 1 second(s)

2022-04-07 15:10:01 - [MESSAGE][PASSED] - Delayed 1 second(s)

2022-04-07 15:10:01 - [TEST_STEP][PASSED] - setText(findTestObject("Object Repository/Input_Corporate/Input_Konsumen/input_KabKota_form-control bcaf-autocomplete ng-untouched ng-pristine ng-invalid"), konsumen_kabKota, OPTIONAL): Text 'Malang' is set on object 'Object Repository/Input_Corporate/Input_Konsumen/input_KabKota_form-control bcaf-autocomplete ng-untouched ng-pristine ng-invalid'

2022-04-07 15:10:02 - [MESSAGE][PASSED] - Text 'Malang' is set on object 'Object Repository/Input_Corporate/Input_Konsumen/input_KabKota_form-control bcaf-autocomplete ng-untouched ng-pristine ng-invalid'

2022-04-07 15:10:02 - [TEST_STEP][PASSED] - delay(1): Delayed 1 second(s)

2022-04-07 15:10:03 - [MESSAGE][PASSED] - Delayed 1 second(s)

2022-04-07 15:10:03 - [TEST_STEP][PASSED] - waitForElementPresent(findTestObject("Object Repository/Input_Corporate/Input_Konsumen/li_MALANG"), 100, OPTIONAL): Object 'Object Repository/Input_Corporate/Input_Konsumen/li_MALANG' is present

2022-04-07 15:10:03 - [MESSAGE][PASSED] - Object 'Object Repository/Input_Corporate/Input_Konsumen/li_MALANG' is present

2022-04-07 15:10:03 - [TEST_STEP][PASSED] - delay(1): Delayed 1 second(s)

2022-04-07 15:10:04 - [MESSAGE][PASSED] - Delayed 1 second(s)

2022-04-07 15:10:04 - [TEST_STEP][PASSED] - click(findTestObject("Object Repository/Input_Corporate/Input_Konsumen/li_MALANG"), OPTIONAL): Object: 'Object Repository/Input_Corporate/Input_Konsumen/li_MALANG' is clicked on

2022-04-07 15:10:05 - [MESSAGE][PASSED] - Object: 'Object Repository/Input_Corporate/Input_Konsumen/li_MALANG' is clicked on

2022-04-07 15:10:05 - [TEST_STEP][PASSED] - delay(1): Delayed 1 second(s)

2022-04-07 15:10:06 - [MESSAGE][PASSED] - Delayed 1 second(s)

2022-04-07 15:10:06 - [TEST_STEP][PASSED] - setText(findTestObject("Object Repository/Input_Corporate/Input_Konsumen/input_Kecamatan_form-control bcaf-autocomplete ng-untouched ng-pristine ng-invalid"), konsumen_kecamantan, OPTIONAL): Text 'lowokwaru' is set on object 'Object Repository/Input_Corporate/Input_Konsumen/input_Kecamatan_form-control bcaf-autocomplete ng-untouched ng-pristine ng-invalid'

2022-04-07 15:10:07 - [MESSAGE][PASSED] - Text 'lowokwaru' is set on object 'Object Repository/Input_Corporate/Input_Konsumen/input_Kecamatan_form-control bcaf-autocomplete ng-untouched ng-pristine ng-invalid'

2022-04-07 15:10:07 - [TEST_STEP][PASSED] - delay(1): Delayed 1 second(s)

2022-04-07 15:10:08 - [MESSAGE][PASSED] - Delayed 1 second(s)

2022-04-07 15:10:08 - [TEST_STEP][PASSED] - waitForElementPresent(findTestObject("Object Repository/Input_Corporate/Input_Konsumen/li_LOWOKWARU"), 0, OPTIONAL): Object 'Object Repository/Input_Corporate/Input_Konsumen/li_LOWOKWARU' is present

2022-04-07 15:10:08 - [MESSAGE][WARNING] - Timeout '0' is invalid. Using default page load timeout: '30'

2022-04-07 15:10:09 - [MESSAGE][PASSED] - Object 'Object Repository/Input_Corporate/Input_Konsumen/li_LOWOKWARU' is present

2022-04-07 15:10:09 - [TEST_STEP][PASSED] - delay(1): Delayed 1 second(s)

2022-04-07 15:10:10 - [MESSAGE][PASSED] - Delayed 1 second(s)

2022-04-07 15:10:10 - [TEST_STEP][PASSED] - click(findTestObject("Object Repository/Input_Corporate/Input_Konsumen/li_LOWOKWARU"), OPTIONAL): Object: 'Object Repository/Input_Corporate/Input_Konsumen/li_LOWOKWARU' is clicked on

2022-04-07 15:10:10 - [MESSAGE][PASSED] - Object: 'Object Repository/Input_Corporate/Input_Konsumen/li_LOWOKWARU' is clicked on

2022-04-07 15:10:10 - [TEST_STEP][PASSED] - delay(1): Delayed 1 second(s)

2022-04-07 15:10:11 - [MESSAGE][PASSED] - Delayed 1 second(s)

2022-04-07 15:10:11 - [TEST_STEP][PASSED] - setText(findTestObject("Object Repository/Input_Corporate/Input_Konsumen/input_Kelurahan_form-control bcaf-autocomplete ng-untouched ng-pristine ng-invalid"), konsumen_kelurahan, OPTIONAL): Text 'ketawanggede' is set on object 'Object Repository/Input_Corporate/Input_Konsumen/input_Kelurahan_form-control bcaf-autocomplete ng-untouched ng-pristine ng-invalid'

2022-04-07 15:10:13 - [MESSAGE][PASSED] - Text 'ketawanggede' is set on object 'Object Repository/Input_Corporate/Input_Konsumen/input_Kelurahan_form-control bcaf-autocomplete ng-untouched ng-pristine ng-invalid'

2022-04-07 15:10:13 - [TEST_STEP][PASSED] - delay(1): Delayed 1 second(s)

2022-04-07 15:10:14 - [MESSAGE][PASSED] - Delayed 1 second(s)

2022-04-07 15:10:14 - [TEST_STEP][PASSED] - waitForElementPresent(findTestObject("Object Repository/Input_Corporate/Input_Konsumen/li_KETAWANGGEDE"), 100, OPTIONAL): Object 'Object Repository/Input_Corporate/Input_Konsumen/li_KETAWANGGEDE' is present

2022-04-07 15:10:14 - [MESSAGE][PASSED] - Object 'Object Repository/Input_Corporate/Input_Konsumen/li_KETAWANGGEDE' is present

2022-04-07 15:10:14 - [TEST_STEP][PASSED] - delay(1): Delayed 1 second(s)

2022-04-07 15:10:15 - [MESSAGE][PASSED] - Delayed 1 second(s)

2022-04-07 15:10:15 - [TEST_STEP][PASSED] - click(findTestObject("Object Repository/Input_Corporate/Input_Konsumen/li_KETAWANGGEDE"), OPTIONAL): Object: 'Object Repository/Input_Corporate/Input_Konsumen/li_KETAWANGGEDE' is clicked on

2022-04-07 15:10:16 - [MESSAGE][PASSED] - Object: 'Object Repository/Input_Corporate/Input_Konsumen/li_KETAWANGGEDE' is clicked on

2022-04-07 15:10:16 - [TEST_STEP][PASSED] - delay(1): Delayed 1 second(s)

2022-04-07 15:10:17 - [MESSAGE][PASSED] - Delayed 1 second(s)

2022-04-07 15:10:17 - [TEST_STEP][PASSED] - setText(findTestObject("Object Repository/Input_Corporate/Input_Konsumen/input_Kode Pos_form-control bcaf-autocomplete ng-untouched ng-pristine ng-invalid"), konsumen_kodePos, OPTIONAL): Text '65145' is set on object 'Object Repository/Input_Corporate/Input_Konsumen/input_Kode Pos_form-control bcaf-autocomplete ng-untouched ng-pristine ng-invalid'

2022-04-07 15:10:18 - [MESSAGE][PASSED] - Text '65145' is set on object 'Object Repository/Input_Corporate/Input_Konsumen/input_Kode Pos_form-control bcaf-autocomplete ng-untouched ng-pristine ng-invalid'

2022-04-07 15:10:18 - [TEST_STEP][PASSED] - delay(1): Delayed 1 second(s)

2022-04-07 15:10:19 - [MESSAGE][PASSED] - Delayed 1 second(s)

2022-04-07 15:10:19 - [TEST_STEP][PASSED] - waitForElementPresent(findTestObject("Object Repository/Input_Corporate/Input_Konsumen/li_65145"), 100, OPTIONAL): Object 'Object Repository/Input_Corporate/Input_Konsumen/li_65145' is present

2022-04-07 15:10:19 - [MESSAGE][PASSED] - Object 'Object Repository/Input_Corporate/Input_Konsumen/li_65145' is present

2022-04-07 15:10:19 - [TEST_STEP][PASSED] - delay(1): Delayed 1 second(s)

2022-04-07 15:10:20 - [MESSAGE][PASSED] - Delayed 1 second(s)

2022-04-07 15:10:20 - [TEST_STEP][PASSED] - click(findTestObject("Object Repository/Input_Corporate/Input_Konsumen/li_65145"), OPTIONAL): Object: 'Object Repository/Input_Corporate/Input_Konsumen/li_65145' is clicked on

2022-04-07 15:10:21 - [MESSAGE][PASSED] - Object: 'Object Repository/Input_Corporate/Input_Konsumen/li_65145' is clicked on

2022-04-07 15:10:21 - [TEST_STEP][PASSED] - delay(1): Delayed 1 second(s)

2022-04-07 15:10:22 - [MESSAGE][PASSED] - Delayed 1 second(s)

2022-04-07 15:10:22 - [TEST_STEP][PASSED] - takeFullPageScreenshotAsCheckpoint(userDir + sprint4WebScreenshootPath + "scenario-4-Input-data-FAP.png"): Taking screenshot successfully

2022-04-07 15:10:23 - [MESSAGE][INFO] - 0 hidden object(s)

2022-04-07 15:10:24 - [MESSAGE][PASSED] - Taking screenshot successfully
[[ATTACHMENT|C:\Users\Nia Yusniati\Git_Asa\BCAF_MEAPP_i3\Screenshoot\Sprint4\Web\keyes\keyes-scenario-4-Input-data-FAP.png]]

2022-04-07 15:10:24 - [TEST_STEP][PASSED] - markPassed("scenario 4 - Input data FAP"): scenario 4 - Input data FAP

2022-04-07 15:10:24 - [MESSAGE][PASSED] - scenario 4 - Input data FAP

2022-04-07 15:10:24 - [TEST_STEP][PASSED] - delay(1): Delayed 1 second(s)

2022-04-07 15:10:25 - [MESSAGE][PASSED] - Delayed 1 second(s)

2022-04-07 15:10:25 - [TEST_STEP][PASSED] - scrollToElement(findTestObject("Object Repository/Input_Corporate/Input_Konsumen/i_Fax 2_ri-arrow-right-line"), 60, OPTIONAL): Scroll to object 'Object Repository/Input_Corporate/Input_Konsumen/i_Fax 2_ri-arrow-right-line' successfully

2022-04-07 15:10:25 - [MESSAGE][PASSED] - Scroll to object 'Object Repository/Input_Corporate/Input_Konsumen/i_Fax 2_ri-arrow-right-line' successfully

2022-04-07 15:10:25 - [TEST_STEP][PASSED] - click(findTestObject("Object Repository/Input_Corporate/Input_Konsumen/input_Alamat Pengiriman Surat  Alamat Perusahaan_isAlamatPengirimanSurat"), OPTIONAL): Unable to click on object 'Object Repository/Input_Corporate/Input_Konsumen/input_Alamat Pengiriman Surat  Alamat Perusahaan_isAlamatPengirimanSurat' (Root cause: com.kms.katalon.core.exception.StepFailedException: Unable to click on object 'Object Repository/Input_Corporate/Input_Konsumen/input_Alamat Pengiriman Surat  Alamat Perusahaan_isAlamatPengirimanSurat'
	at com.kms.katalon.core.webui.keyword.internal.WebUIKeywordMain.stepFailed(WebUIKeywordMain.groovy:64)
	at com.kms.katalon.core.webui.keyword.internal.WebUIKeywordMain.runKeyword(WebUIKeywordMain.groovy:26)
	at com.kms.katalon.core.webui.keyword.builtin.ClickKeyword.click(ClickKeyword.groovy:75)
	at com.kms.katalon.core.webui.keyword.builtin.ClickKeyword.execute(ClickKeyword.groovy:42)
	at com.kms.katalon.core.keyword.internal.KeywordExecutor.executeKeywordForPlatform(KeywordExecutor.groovy:74)
	at com.kms.katalon.core.webui.keyword.WebUiBuiltInKeywords.click(WebUiBuiltInKeywords.groovy:608)
	at com.kms.katalon.core.webui.keyword.WebUiBuiltInKeywords$click$10.call(Unknown Source)
	at 04-02-Transaction-AppPending-InputCorporate.run(04-02-Transaction-AppPending-InputCorporate:294)
	at com.kms.katalon.core.main.ScriptEngine.run(ScriptEngine.java:194)
	at com.kms.katalon.core.main.ScriptEngine.runScriptAsRawText(ScriptEngine.java:119)
	at com.kms.katalon.core.main.TestCaseExecutor.runScript(TestCaseExecutor.java:430)
	at com.kms.katalon.core.main.TestCaseExecutor.doExecute(TestCaseExecutor.java:421)
	at com.kms.katalon.core.main.TestCaseExecutor.processExecutionPhase(TestCaseExecutor.java:400)
	at com.kms.katalon.core.main.TestCaseExecutor.accessMainPhase(TestCaseExecutor.java:392)
	at com.kms.katalon.core.main.TestCaseExecutor.execute(TestCaseExecutor.java:273)
	at com.kms.katalon.core.main.TestSuiteExecutor.accessTestCaseMainPhase(TestSuiteExecutor.java:202)
	at com.kms.katalon.core.main.TestSuiteExecutor.accessTestSuiteMainPhase(TestSuiteExecutor.java:164)
	at com.kms.katalon.core.main.TestSuiteExecutor.execute(TestSuiteExecutor.java:105)
	at com.kms.katalon.core.main.TestCaseMain.startTestSuite(TestCaseMain.java:185)
	at com.kms.katalon.core.main.TestCaseMain$startTestSuite$0.call(Unknown Source)
	at TempTestSuite1649318765415.run(TempTestSuite1649318765415.groovy:36)
Caused by: org.openqa.selenium.ElementClickInterceptedException: element click intercepted: Element <input _ngcontent-ptm-c99="" formcontrolname="isAlamatPengirimanSurat" id="radio-perorangan" type="radio" value="ya" name="isAlamatPengirimanSurat" class="form-check-input ng-untouched ng-pristine ng-valid"> is not clickable at point (312, 7). Other element would receive the click: <header _ngcontent-ptm-c84="" id="mainHeader" class="c-header c-header-light c-header-fixed">...</header>
  (Session info: chrome=99.0.4844.84)
Build info: version: '3.141.59', revision: 'e82be7d358', time: '2018-11-14T08:25:53'
System info: host: 'APANDI', ip: '192.168.250.25', os.name: 'Windows 10', os.arch: 'amd64', os.version: '10.0', java.version: '1.8.0_282'
Driver info: com.kms.katalon.selenium.driver.CChromeDriver
Capabilities {acceptInsecureCerts: false, browserName: chrome, browserVersion: 99.0.4844.84, chrome: {chromedriverVersion: 99.0.4844.51 (d537ec02474b5..., userDataDir: C:\Users\NIAYUS~1\AppData\L...}, goog:chromeOptions: {debuggerAddress: localhost:61156}, javascriptEnabled: true, networkConnectionEnabled: false, pageLoadStrategy: normal, platform: WINDOWS, platformName: WINDOWS, proxy: Proxy(), setWindowRect: true, strictFileInteractability: false, timeouts: {implicit: 0, pageLoad: 300000, script: 30000}, unhandledPromptBehavior: dismiss and notify, webauthn:extension:credBlob: true, webauthn:extension:largeBlob: true, webauthn:virtualAuthenticators: true}
Session ID: a6ae958be6058541b58d1327e2db2c05
	at org.openqa.selenium.remote.http.W3CHttpResponseCodec.createException(W3CHttpResponseCodec.java:187)
	at org.openqa.selenium.remote.http.W3CHttpResponseCodec.decode(W3CHttpResponseCodec.java:122)
	at org.openqa.selenium.remote.http.W3CHttpResponseCodec.decode(W3CHttpResponseCodec.java:49)
	at org.openqa.selenium.remote.HttpCommandExecutor.execute(HttpCommandExecutor.java:158)
	at org.openqa.selenium.remote.service.DriverCommandExecutor.execute(DriverCommandExecutor.java:83)
	at org.openqa.selenium.remote.RemoteWebDriver.execute(RemoteWebDriver.java:552)
	at com.kms.katalon.selenium.driver.CChromeDriver.execute(CChromeDriver.java:19)
	at org.openqa.selenium.remote.RemoteWebElement.execute(RemoteWebElement.java:285)
	at org.openqa.selenium.remote.RemoteWebElement.click(RemoteWebElement.java:84)
	at org.openqa.selenium.support.events.EventFiringWebDriver$EventFiringWebElement.lambda$new$0(EventFiringWebDriver.java:404)
	at com.sun.proxy.$Proxy11.click(Unknown Source)
	at org.openqa.selenium.support.events.EventFiringWebDriver$EventFiringWebElement.click(EventFiringWebDriver.java:417)
	at com.kms.katalon.core.webui.keyword.builtin.ClickKeyword$_click_closure1.doCall(ClickKeyword.groovy:68)
	at com.kms.katalon.core.webui.keyword.builtin.ClickKeyword$_click_closure1.call(ClickKeyword.groovy)
	at com.kms.katalon.core.webui.keyword.internal.WebUIKeywordMain.runKeyword(WebUIKeywordMain.groovy:20)
	at com.kms.katalon.core.webui.keyword.builtin.ClickKeyword.click(ClickKeyword.groovy:75)
	at com.kms.katalon.core.webui.keyword.builtin.ClickKeyword.execute(ClickKeyword.groovy:42)
	at com.kms.katalon.core.keyword.internal.KeywordExecutor.executeKeywordForPlatform(KeywordExecutor.groovy:74)
	at com.kms.katalon.core.webui.keyword.WebUiBuiltInKeywords.click(WebUiBuiltInKeywords.groovy:608)
	at com.kms.katalon.core.webui.keyword.WebUiBuiltInKeywords$click$10.call(Unknown Source)
	at Script1647432078315.run(Script1647432078315.groovy:294)
	... 13 more
)

2022-04-07 15:10:27 - [MESSAGE][WARNING] - Unable to click on object 'Object Repository/Input_Corporate/Input_Konsumen/input_Alamat Pengiriman Surat  Alamat Perusahaan_isAlamatPengirimanSurat' (Root cause: com.kms.katalon.core.exception.StepFailedException: Unable to click on object 'Object Repository/Input_Corporate/Input_Konsumen/input_Alamat Pengiriman Surat  Alamat Perusahaan_isAlamatPengirimanSurat'
	at com.kms.katalon.core.webui.keyword.internal.WebUIKeywordMain.stepFailed(WebUIKeywordMain.groovy:64)
	at com.kms.katalon.core.webui.keyword.internal.WebUIKeywordMain.runKeyword(WebUIKeywordMain.groovy:26)
	at com.kms.katalon.core.webui.keyword.builtin.ClickKeyword.click(ClickKeyword.groovy:75)
	at com.kms.katalon.core.webui.keyword.builtin.ClickKeyword.execute(ClickKeyword.groovy:42)
	at com.kms.katalon.core.keyword.internal.KeywordExecutor.executeKeywordForPlatform(KeywordExecutor.groovy:74)
	at com.kms.katalon.core.webui.keyword.WebUiBuiltInKeywords.click(WebUiBuiltInKeywords.groovy:608)
	at com.kms.katalon.core.webui.keyword.WebUiBuiltInKeywords$click$10.call(Unknown Source)
	at 04-02-Transaction-AppPending-InputCorporate.run(04-02-Transaction-AppPending-InputCorporate:294)
	at com.kms.katalon.core.main.ScriptEngine.run(ScriptEngine.java:194)
	at com.kms.katalon.core.main.ScriptEngine.runScriptAsRawText(ScriptEngine.java:119)
	at com.kms.katalon.core.main.TestCaseExecutor.runScript(TestCaseExecutor.java:430)
	at com.kms.katalon.core.main.TestCaseExecutor.doExecute(TestCaseExecutor.java:421)
	at com.kms.katalon.core.main.TestCaseExecutor.processExecutionPhase(TestCaseExecutor.java:400)
	at com.kms.katalon.core.main.TestCaseExecutor.accessMainPhase(TestCaseExecutor.java:392)
	at com.kms.katalon.core.main.TestCaseExecutor.execute(TestCaseExecutor.java:273)
	at com.kms.katalon.core.main.TestSuiteExecutor.accessTestCaseMainPhase(TestSuiteExecutor.java:202)
	at com.kms.katalon.core.main.TestSuiteExecutor.accessTestSuiteMainPhase(TestSuiteExecutor.java:164)
	at com.kms.katalon.core.main.TestSuiteExecutor.execute(TestSuiteExecutor.java:105)
	at com.kms.katalon.core.main.TestCaseMain.startTestSuite(TestCaseMain.java:185)
	at com.kms.katalon.core.main.TestCaseMain$startTestSuite$0.call(Unknown Source)
	at TempTestSuite1649318765415.run(TempTestSuite1649318765415.groovy:36)
Caused by: org.openqa.selenium.ElementClickInterceptedException: element click intercepted: Element <input _ngcontent-ptm-c99="" formcontrolname="isAlamatPengirimanSurat" id="radio-perorangan" type="radio" value="ya" name="isAlamatPengirimanSurat" class="form-check-input ng-untouched ng-pristine ng-valid"> is not clickable at point (312, 7). Other element would receive the click: <header _ngcontent-ptm-c84="" id="mainHeader" class="c-header c-header-light c-header-fixed">...</header>
  (Session info: chrome=99.0.4844.84)
Build info: version: '3.141.59', revision: 'e82be7d358', time: '2018-11-14T08:25:53'
System info: host: 'APANDI', ip: '192.168.250.25', os.name: 'Windows 10', os.arch: 'amd64', os.version: '10.0', java.version: '1.8.0_282'
Driver info: com.kms.katalon.selenium.driver.CChromeDriver
Capabilities {acceptInsecureCerts: false, browserName: chrome, browserVersion: 99.0.4844.84, chrome: {chromedriverVersion: 99.0.4844.51 (d537ec02474b5..., userDataDir: C:\Users\NIAYUS~1\AppData\L...}, goog:chromeOptions: {debuggerAddress: localhost:61156}, javascriptEnabled: true, networkConnectionEnabled: false, pageLoadStrategy: normal, platform: WINDOWS, platformName: WINDOWS, proxy: Proxy(), setWindowRect: true, strictFileInteractability: false, timeouts: {implicit: 0, pageLoad: 300000, script: 30000}, unhandledPromptBehavior: dismiss and notify, webauthn:extension:credBlob: true, webauthn:extension:largeBlob: true, webauthn:virtualAuthenticators: true}
Session ID: a6ae958be6058541b58d1327e2db2c05
	at org.openqa.selenium.remote.http.W3CHttpResponseCodec.createException(W3CHttpResponseCodec.java:187)
	at org.openqa.selenium.remote.http.W3CHttpResponseCodec.decode(W3CHttpResponseCodec.java:122)
	at org.openqa.selenium.remote.http.W3CHttpResponseCodec.decode(W3CHttpResponseCodec.java:49)
	at org.openqa.selenium.remote.HttpCommandExecutor.execute(HttpCommandExecutor.java:158)
	at org.openqa.selenium.remote.service.DriverCommandExecutor.execute(DriverCommandExecutor.java:83)
	at org.openqa.selenium.remote.RemoteWebDriver.execute(RemoteWebDriver.java:552)
	at com.kms.katalon.selenium.driver.CChromeDriver.execute(CChromeDriver.java:19)
	at org.openqa.selenium.remote.RemoteWebElement.execute(RemoteWebElement.java:285)
	at org.openqa.selenium.remote.RemoteWebElement.click(RemoteWebElement.java:84)
	at org.openqa.selenium.support.events.EventFiringWebDriver$EventFiringWebElement.lambda$new$0(EventFiringWebDriver.java:404)
	at com.sun.proxy.$Proxy11.click(Unknown Source)
	at org.openqa.selenium.support.events.EventFiringWebDriver$EventFiringWebElement.click(EventFiringWebDriver.java:417)
	at com.kms.katalon.core.webui.keyword.builtin.ClickKeyword$_click_closure1.doCall(ClickKeyword.groovy:68)
	at com.kms.katalon.core.webui.keyword.builtin.ClickKeyword$_click_closure1.call(ClickKeyword.groovy)
	at com.kms.katalon.core.webui.keyword.internal.WebUIKeywordMain.runKeyword(WebUIKeywordMain.groovy:20)
	at com.kms.katalon.core.webui.keyword.builtin.ClickKeyword.click(ClickKeyword.groovy:75)
	at com.kms.katalon.core.webui.keyword.builtin.ClickKeyword.execute(ClickKeyword.groovy:42)
	at com.kms.katalon.core.keyword.internal.KeywordExecutor.executeKeywordForPlatform(KeywordExecutor.groovy:74)
	at com.kms.katalon.core.webui.keyword.WebUiBuiltInKeywords.click(WebUiBuiltInKeywords.groovy:608)
	at com.kms.katalon.core.webui.keyword.WebUiBuiltInKeywords$click$10.call(Unknown Source)
	at Script1647432078315.run(Script1647432078315.groovy:294)
	... 13 more
)
[[ATTACHMENT|C:\\Users\\Nia Yusniati\\Git_Asa\\BCAF_MEAPP_i3\\Reports\\20220407_150605\\Skenario_4\\S4\\20220407_150605\\1649319027217.png]]

2022-04-07 15:10:27 - [TEST_STEP][PASSED] - delay(1): Delayed 1 second(s)

2022-04-07 15:10:28 - [MESSAGE][PASSED] - Delayed 1 second(s)

2022-04-07 15:10:28 - [TEST_STEP][PASSED] - setText(findTestObject("Object Repository/Input_Corporate/Input_Konsumen/input_Email_form-control ng-untouched ng-pristine ng-valid"), konsumen_email, OPTIONAL): Text 'contoh@gmail.com' is set on object 'Object Repository/Input_Corporate/Input_Konsumen/input_Email_form-control ng-untouched ng-pristine ng-valid'

2022-04-07 15:10:29 - [MESSAGE][PASSED] - Text 'contoh@gmail.com' is set on object 'Object Repository/Input_Corporate/Input_Konsumen/input_Email_form-control ng-untouched ng-pristine ng-valid'

2022-04-07 15:10:29 - [TEST_STEP][PASSED] - delay(1): Delayed 1 second(s)

2022-04-07 15:10:30 - [MESSAGE][PASSED] - Delayed 1 second(s)

2022-04-07 15:10:30 - [TEST_STEP][PASSED] - setText(findTestObject("Object Repository/Input_Corporate/Input_Konsumen/input_Telepon 1_form-control ng-untouched ng-pristine ng-valid"), konsumen_telepon1, OPTIONAL): Text '089773662555' is set on object 'Object Repository/Input_Corporate/Input_Konsumen/input_Telepon 1_form-control ng-untouched ng-pristine ng-valid'

2022-04-07 15:10:31 - [MESSAGE][PASSED] - Text '089773662555' is set on object 'Object Repository/Input_Corporate/Input_Konsumen/input_Telepon 1_form-control ng-untouched ng-pristine ng-valid'

2022-04-07 15:10:31 - [TEST_STEP][PASSED] - delay(1): Delayed 1 second(s)

2022-04-07 15:10:32 - [MESSAGE][PASSED] - Delayed 1 second(s)

2022-04-07 15:10:32 - [TEST_STEP][PASSED] - takeFullPageScreenshotAsCheckpoint(userDir + sprint4WebScreenshootPath + "scenario-4-Input-data-alamat-pengirim-surat.png"): Taking screenshot successfully

2022-04-07 15:10:33 - [MESSAGE][INFO] - 0 hidden object(s)

2022-04-07 15:10:34 - [MESSAGE][PASSED] - Taking screenshot successfully
[[ATTACHMENT|C:\Users\Nia Yusniati\Git_Asa\BCAF_MEAPP_i3\Screenshoot\Sprint4\Web\keyes\keyes-scenario-4-Input-data-alamat-pengirim-surat.png]]

2022-04-07 15:10:34 - [TEST_STEP][PASSED] - markPassed("scenario 4 - Input data alamat pengirim surat"): scenario 4 - Input data alamat pengirim surat

2022-04-07 15:10:34 - [MESSAGE][PASSED] - scenario 4 - Input data alamat pengirim surat

2022-04-07 15:10:34 - [TEST_STEP][PASSED] - scrollToPosition(0, 0, OPTIONAL): Browser is scrolled to position x = 0, y = 0

2022-04-07 15:10:34 - [MESSAGE][PASSED] - Browser is scrolled to position x = 0, y = 0

2022-04-07 15:10:34 - [TEST_STEP][PASSED] - delay(2): Delayed 2 second(s)

2022-04-07 15:10:36 - [MESSAGE][PASSED] - Delayed 2 second(s)

2022-04-07 15:10:36 - [TEST_STEP][PASSED] - delay(1): Delayed 1 second(s)

2022-04-07 15:10:37 - [MESSAGE][PASSED] - Delayed 1 second(s)

2022-04-07 15:10:37 - [TEST_STEP][PASSED] - click(findTestObject("Input_Corporate/Pengurus/1_a_Pengurus"), OPTIONAL): Object: 'Object Repository/Input_Corporate/Pengurus/1_a_Pengurus' is clicked on

2022-04-07 15:10:38 - [MESSAGE][PASSED] - Object: 'Object Repository/Input_Corporate/Pengurus/1_a_Pengurus' is clicked on

2022-04-07 15:10:38 - [TEST_STEP][PASSED] - delay(1): Delayed 1 second(s)

2022-04-07 15:10:39 - [MESSAGE][PASSED] - Delayed 1 second(s)

2022-04-07 15:10:39 - [TEST_STEP][PASSED] - takeFullPageScreenshotAsCheckpoint(userDir + sprint4WebScreenshootPath + "scenario-4-Input-data-pengurus.png"): Taking screenshot successfully

2022-04-07 15:10:39 - [MESSAGE][INFO] - 0 hidden object(s)

2022-04-07 15:10:39 - [MESSAGE][PASSED] - Taking screenshot successfully
[[ATTACHMENT|C:\Users\Nia Yusniati\Git_Asa\BCAF_MEAPP_i3\Screenshoot\Sprint4\Web\keyes\keyes-scenario-4-Input-data-pengurus.png]]

2022-04-07 15:10:39 - [TEST_STEP][PASSED] - markPassed("scenario 4 - Input data pengurus"): scenario 4 - Input data pengurus

2022-04-07 15:10:39 - [MESSAGE][PASSED] - scenario 4 - Input data pengurus

2022-04-07 15:10:39 - [TEST_STEP][PASSED] - delay(1): Delayed 1 second(s)

2022-04-07 15:10:40 - [MESSAGE][PASSED] - Delayed 1 second(s)

2022-04-07 15:10:40 - [TEST_STEP][PASSED] - click(findTestObject("Input_Corporate/Pengurus/2_i_Add_ri-file-add-line ( Add_Pengurus )"), OPTIONAL): Object: 'Object Repository/Input_Corporate/Pengurus/2_i_Add_ri-file-add-line ( Add_Pengurus )' is clicked on

2022-04-07 15:10:41 - [MESSAGE][PASSED] - Object: 'Object Repository/Input_Corporate/Pengurus/2_i_Add_ri-file-add-line ( Add_Pengurus )' is clicked on

2022-04-07 15:10:41 - [TEST_STEP][PASSED] - delay(1): Delayed 1 second(s)

2022-04-07 15:10:42 - [MESSAGE][PASSED] - Delayed 1 second(s)

2022-04-07 15:10:42 - [TEST_STEP][PASSED] - click(findTestObject("Input_Corporate/Pengurus/3_button_Pengurus 1"), OPTIONAL): Object: 'Object Repository/Input_Corporate/Pengurus/3_button_Pengurus 1' is clicked on

2022-04-07 15:10:43 - [MESSAGE][PASSED] - Object: 'Object Repository/Input_Corporate/Pengurus/3_button_Pengurus 1' is clicked on

2022-04-07 15:10:43 - [TEST_STEP][PASSED] - delay(1): Delayed 1 second(s)

2022-04-07 15:10:44 - [MESSAGE][PASSED] - Delayed 1 second(s)

2022-04-07 15:10:44 - [TEST_STEP][PASSED] - takeFullPageScreenshotAsCheckpoint(userDir + sprint4WebScreenshootPath + "scenario-4-Masuk-submenu-data-pengurus-1.png"): Taking screenshot successfully

2022-04-07 15:10:45 - [MESSAGE][INFO] - 0 hidden object(s)

2022-04-07 15:10:45 - [MESSAGE][PASSED] - Taking screenshot successfully
[[ATTACHMENT|C:\Users\Nia Yusniati\Git_Asa\BCAF_MEAPP_i3\Screenshoot\Sprint4\Web\keyes\keyes-scenario-4-Masuk-submenu-data-pengurus-1.png]]

2022-04-07 15:10:45 - [TEST_STEP][PASSED] - markPassed("scenario 4 - Masuk submenu data pengurus 1"): scenario 4 - Masuk submenu data pengurus 1

2022-04-07 15:10:45 - [MESSAGE][PASSED] - scenario 4 - Masuk submenu data pengurus 1

2022-04-07 15:10:45 - [TEST_STEP][PASSED] - delay(1): Delayed 1 second(s)

2022-04-07 15:10:46 - [MESSAGE][PASSED] - Delayed 1 second(s)

2022-04-07 15:10:46 - [TEST_STEP][PASSED] - click(findTestObject("Input_Corporate/Pengurus/4_a_Capture File"), OPTIONAL): Object: 'Object Repository/Input_Corporate/Pengurus/4_a_Capture File' is clicked on

2022-04-07 15:10:47 - [MESSAGE][PASSED] - Object: 'Object Repository/Input_Corporate/Pengurus/4_a_Capture File' is clicked on

2022-04-07 15:10:47 - [TEST_STEP][PASSED] - delay(1): Delayed 1 second(s)

2022-04-07 15:10:48 - [MESSAGE][PASSED] - Delayed 1 second(s)

2022-04-07 15:10:48 - [TEST_STEP][PASSED] - uploadFile(findTestObject("Input_Corporate/Capture_"), userDir + cobaKTP, OPTIONAL): File 'C:/Users/Nia Yusniati/Git_Asa/BCAF_MEAPP_i3/Assets/ktp_dummy.png' sent to object: 'Object Repository/Input_Corporate/Capture_'

2022-04-07 15:10:48 - [MESSAGE][PASSED] - File 'C:/Users/Nia Yusniati/Git_Asa/BCAF_MEAPP_i3/Assets/ktp_dummy.png' sent to object: 'Object Repository/Input_Corporate/Capture_'

2022-04-07 15:10:48 - [TEST_STEP][PASSED] - delay(1): Delayed 1 second(s)

2022-04-07 15:10:49 - [MESSAGE][PASSED] - Delayed 1 second(s)

2022-04-07 15:10:49 - [TEST_STEP][PASSED] - waitForElementClickable(findTestObject("Input_Corporate/Pengurus/5_input_Name_form-control ng-untouched ng-pristine ng-invalid"), 300): Object 'Object Repository/Input_Corporate/Pengurus/5_input_Name_form-control ng-untouched ng-pristine ng-invalid' is clickable

2022-04-07 15:11:03 - [MESSAGE][PASSED] - Object 'Object Repository/Input_Corporate/Pengurus/5_input_Name_form-control ng-untouched ng-pristine ng-invalid' is clickable

2022-04-07 15:11:03 - [TEST_STEP][PASSED] - delay(1): Delayed 1 second(s)

2022-04-07 15:11:04 - [MESSAGE][PASSED] - Delayed 1 second(s)

2022-04-07 15:11:04 - [TEST_STEP][PASSED] - takeFullPageScreenshotAsCheckpoint(userDir + sprint4WebScreenshootPath + "scenario-4-Berhasil-input-otomatis-data-pengurus-berdasarkan-data-capture-ktp-pengurus-yang-di-capture.png"): Taking screenshot successfully

2022-04-07 15:11:05 - [MESSAGE][INFO] - 0 hidden object(s)

2022-04-07 15:11:05 - [MESSAGE][PASSED] - Taking screenshot successfully
[[ATTACHMENT|C:\Users\Nia Yusniati\Git_Asa\BCAF_MEAPP_i3\Screenshoot\Sprint4\Web\keyes\keyes-scenario-4-Berhasil-input-otomatis-data-pengurus-berdasarkan-data-capture-ktp-pengurus-yang-di-capture.png]]

2022-04-07 15:11:05 - [TEST_STEP][PASSED] - markPassed("scenario 4 - Berhasil input otomatis data pengurus berdasarkan data capture ktp pengurus yang di capture "): scenario 4 - Berhasil input otomatis data pengurus berdasarkan data capture ktp pengurus yang di capture 

2022-04-07 15:11:05 - [MESSAGE][PASSED] - scenario 4 - Berhasil input otomatis data pengurus berdasarkan data capture ktp pengurus yang di capture 

2022-04-07 15:11:05 - [TEST_STEP][PASSED] - delay(1): Delayed 1 second(s)

2022-04-07 15:11:06 - [MESSAGE][PASSED] - Delayed 1 second(s)

2022-04-07 15:11:06 - [TEST_STEP][PASSED] - setText(findTestObject("Input_Corporate/Pengurus/8_input_SID Pengurus_form-control ng-pristine ng-invalid is-invalid ng-touched"), pengurus_SID, OPTIONAL): Text '3345434656' is set on object 'Object Repository/Input_Corporate/Pengurus/8_input_SID Pengurus_form-control ng-pristine ng-invalid is-invalid ng-touched'

2022-04-07 15:11:07 - [MESSAGE][PASSED] - Text '3345434656' is set on object 'Object Repository/Input_Corporate/Pengurus/8_input_SID Pengurus_form-control ng-pristine ng-invalid is-invalid ng-touched'

2022-04-07 15:11:07 - [TEST_STEP][PASSED] - delay(1): Delayed 1 second(s)

2022-04-07 15:11:08 - [MESSAGE][PASSED] - Delayed 1 second(s)

2022-04-07 15:11:08 - [TEST_STEP][PASSED] - scrollToElement(findTestObject("Input_Corporate/Pengurus/2_i_Add_ri-file-add-line ( Add_Pengurus )"), 30, OPTIONAL): Scroll to object 'Object Repository/Input_Corporate/Pengurus/2_i_Add_ri-file-add-line ( Add_Pengurus )' successfully

2022-04-07 15:11:09 - [MESSAGE][PASSED] - Scroll to object 'Object Repository/Input_Corporate/Pengurus/2_i_Add_ri-file-add-line ( Add_Pengurus )' successfully

2022-04-07 15:11:09 - [TEST_STEP][PASSED] - delay(1): Delayed 1 second(s)

2022-04-07 15:11:10 - [MESSAGE][PASSED] - Delayed 1 second(s)

2022-04-07 15:11:10 - [TEST_STEP][PASSED] - setText(findTestObject("Input_Corporate/Pengurus/15_input_Kode Pos_form-control bcaf-autocomplete ng-pristine ng-invalid ng-touched"), pengurus_kodePos, OPTIONAL): Text '56643' is set on object 'Object Repository/Input_Corporate/Pengurus/15_input_Kode Pos_form-control bcaf-autocomplete ng-pristine ng-invalid ng-touched'

2022-04-07 15:11:11 - [MESSAGE][PASSED] - Text '56643' is set on object 'Object Repository/Input_Corporate/Pengurus/15_input_Kode Pos_form-control bcaf-autocomplete ng-pristine ng-invalid ng-touched'

2022-04-07 15:11:11 - [TEST_STEP][PASSED] - delay(1): Delayed 1 second(s)

2022-04-07 15:11:12 - [MESSAGE][PASSED] - Delayed 1 second(s)

2022-04-07 15:11:12 - [TEST_STEP][PASSED] - click(findTestObject("Input_Corporate/Pengurus/13_div_Pilih Role"), OPTIONAL): Object: 'Object Repository/Input_Corporate/Pengurus/13_div_Pilih Role' is clicked on

2022-04-07 15:11:13 - [MESSAGE][PASSED] - Object: 'Object Repository/Input_Corporate/Pengurus/13_div_Pilih Role' is clicked on

2022-04-07 15:11:13 - [TEST_STEP][PASSED] - delay(1): Delayed 1 second(s)

2022-04-07 15:11:14 - [MESSAGE][PASSED] - Delayed 1 second(s)

2022-04-07 15:11:14 - [TEST_STEP][PASSED] - setText(findTestObject("Input_Corporate/Pengurus/13_div_Pilih Role"), pengurus_role, OPTIONAL): Text 'not set' is set on object 'Object Repository/Input_Corporate/Pengurus/13_div_Pilih Role'

2022-04-07 15:11:15 - [MESSAGE][PASSED] - Text 'not set' is set on object 'Object Repository/Input_Corporate/Pengurus/13_div_Pilih Role'

2022-04-07 15:11:15 - [TEST_STEP][PASSED] - delay(1): Delayed 1 second(s)

2022-04-07 15:11:16 - [MESSAGE][PASSED] - Delayed 1 second(s)

2022-04-07 15:11:16 - [TEST_STEP][PASSED] - click(findTestObject("Input_Corporate/Pengurus/14_div_Not Set"), OPTIONAL): Object: 'Object Repository/Input_Corporate/Pengurus/14_div_Not Set' is clicked on

2022-04-07 15:11:16 - [MESSAGE][PASSED] - Object: 'Object Repository/Input_Corporate/Pengurus/14_div_Not Set' is clicked on

2022-04-07 15:11:16 - [TEST_STEP][PASSED] - delay(1): Delayed 1 second(s)

2022-04-07 15:11:17 - [MESSAGE][PASSED] - Delayed 1 second(s)

2022-04-07 15:11:17 - [TEST_STEP][PASSED] - click(findTestObject("Input_Corporate/Pengurus/21_div_Pilih Jabatan"), OPTIONAL): Object: 'Object Repository/Input_Corporate/Pengurus/21_div_Pilih Jabatan' is clicked on

2022-04-07 15:11:18 - [MESSAGE][PASSED] - Object: 'Object Repository/Input_Corporate/Pengurus/21_div_Pilih Jabatan' is clicked on

2022-04-07 15:11:18 - [TEST_STEP][PASSED] - delay(1): Delayed 1 second(s)

2022-04-07 15:11:19 - [MESSAGE][PASSED] - Delayed 1 second(s)

2022-04-07 15:11:19 - [TEST_STEP][PASSED] - setText(findTestObject("Object Repository/Input_Corporate/Pengurus/21_div_Pilih Jabatan"), pengurus_jabatan, OPTIONAL): Text 'komisaris utama' is set on object 'Object Repository/Input_Corporate/Pengurus/21_div_Pilih Jabatan'

2022-04-07 15:11:21 - [MESSAGE][PASSED] - Text 'komisaris utama' is set on object 'Object Repository/Input_Corporate/Pengurus/21_div_Pilih Jabatan'

2022-04-07 15:11:21 - [TEST_STEP][PASSED] - delay(1): Delayed 1 second(s)

2022-04-07 15:11:22 - [MESSAGE][PASSED] - Delayed 1 second(s)

2022-04-07 15:11:22 - [TEST_STEP][PASSED] - click(findTestObject("Input_Corporate/Pengurus/22_span_Komisaris Utama"), OPTIONAL): Object: 'Object Repository/Input_Corporate/Pengurus/22_span_Komisaris Utama' is clicked on

2022-04-07 15:11:22 - [MESSAGE][PASSED] - Object: 'Object Repository/Input_Corporate/Pengurus/22_span_Komisaris Utama' is clicked on

2022-04-07 15:11:22 - [TEST_STEP][PASSED] - takeFullPageScreenshotAsCheckpoint(userDir + sprint4WebScreenshootPath + "scenario-4-Berhasil-input-otomatis-data-pengurus-1.png"): Taking screenshot successfully

2022-04-07 15:11:23 - [MESSAGE][INFO] - 0 hidden object(s)

2022-04-07 15:11:24 - [MESSAGE][PASSED] - Taking screenshot successfully
[[ATTACHMENT|C:\Users\Nia Yusniati\Git_Asa\BCAF_MEAPP_i3\Screenshoot\Sprint4\Web\keyes\keyes-scenario-4-Berhasil-input-otomatis-data-pengurus-1.png]]

2022-04-07 15:11:24 - [TEST_STEP][PASSED] - markPassed("scenario 4 - Berhasil input data pengurus 1"): scenario 4 - Berhasil input data pengurus 1

2022-04-07 15:11:24 - [MESSAGE][PASSED] - scenario 4 - Berhasil input data pengurus 1

2022-04-07 15:11:24 - [TEST_STEP][PASSED] - delay(1): Delayed 1 second(s)

2022-04-07 15:11:25 - [MESSAGE][PASSED] - Delayed 1 second(s)

2022-04-07 15:11:25 - [TEST_STEP][PASSED] - delay(1): Delayed 1 second(s)

2022-04-07 15:11:26 - [MESSAGE][PASSED] - Delayed 1 second(s)

2022-04-07 15:11:26 - [TEST_STEP][PASSED] - scrollToPosition(0, 133, OPTIONAL): Browser is scrolled to position x = 0, y = 133

2022-04-07 15:11:26 - [MESSAGE][PASSED] - Browser is scrolled to position x = 0, y = 133

2022-04-07 15:11:26 - [TEST_STEP][PASSED] - delay(1): Delayed 1 second(s)

2022-04-07 15:11:27 - [MESSAGE][PASSED] - Delayed 1 second(s)

2022-04-07 15:11:27 - [TEST_STEP][PASSED] - click(findTestObject("Input_Corporate/Pemegang_saham/1_a_Pemegang Saham"), OPTIONAL): Object: 'Object Repository/Input_Corporate/Pemegang_saham/1_a_Pemegang Saham' is clicked on

2022-04-07 15:11:28 - [MESSAGE][PASSED] - Object: 'Object Repository/Input_Corporate/Pemegang_saham/1_a_Pemegang Saham' is clicked on

2022-04-07 15:11:28 - [TEST_STEP][PASSED] - delay(1): Delayed 1 second(s)

2022-04-07 15:11:29 - [MESSAGE][PASSED] - Delayed 1 second(s)

2022-04-07 15:11:29 - [TEST_STEP][PASSED] - takeFullPageScreenshotAsCheckpoint(userDir + sprint4WebScreenshootPath + "scenario-4-Masuk-Submenu-pemegang-saham-1.png"): Taking screenshot successfully

2022-04-07 15:11:29 - [MESSAGE][INFO] - 0 hidden object(s)

2022-04-07 15:11:29 - [MESSAGE][PASSED] - Taking screenshot successfully
[[ATTACHMENT|C:\Users\Nia Yusniati\Git_Asa\BCAF_MEAPP_i3\Screenshoot\Sprint4\Web\keyes\keyes-scenario-4-Masuk-Submenu-pemegang-saham-1.png]]

2022-04-07 15:11:29 - [TEST_STEP][PASSED] - markPassed("scenario 4 - Berhasil masuk menu pemegang saham "): scenario 4 - Berhasil masuk menu pemegang saham 

2022-04-07 15:11:29 - [MESSAGE][PASSED] - scenario 4 - Berhasil masuk menu pemegang saham 

2022-04-07 15:11:29 - [TEST_STEP][PASSED] - delay(1): Delayed 1 second(s)

2022-04-07 15:11:30 - [MESSAGE][PASSED] - Delayed 1 second(s)

2022-04-07 15:11:30 - [TEST_STEP][PASSED] - click(findTestObject("Input_Corporate/Pemegang_saham/2_a_Add"), OPTIONAL): Object: 'Object Repository/Input_Corporate/Pemegang_saham/2_a_Add' is clicked on

2022-04-07 15:11:31 - [MESSAGE][PASSED] - Object: 'Object Repository/Input_Corporate/Pemegang_saham/2_a_Add' is clicked on

2022-04-07 15:11:31 - [TEST_STEP][PASSED] - delay(1): Delayed 1 second(s)

2022-04-07 15:11:32 - [MESSAGE][PASSED] - Delayed 1 second(s)

2022-04-07 15:11:32 - [TEST_STEP][PASSED] - click(findTestObject("Input_Corporate/Pemegang_saham/input_Perorangan_radios"), OPTIONAL): Object: 'Object Repository/Input_Corporate/Pemegang_saham/input_Perorangan_radios' is clicked on

2022-04-07 15:11:33 - [MESSAGE][PASSED] - Object: 'Object Repository/Input_Corporate/Pemegang_saham/input_Perorangan_radios' is clicked on

2022-04-07 15:11:33 - [TEST_STEP][PASSED] - click(findTestObject("Input_Corporate/Pemegang_saham/input_Jenis Pemegang Saham_radios"), OPTIONAL): Object: 'Object Repository/Input_Corporate/Pemegang_saham/input_Jenis Pemegang Saham_radios' is clicked on

2022-04-07 15:11:33 - [MESSAGE][PASSED] - Object: 'Object Repository/Input_Corporate/Pemegang_saham/input_Jenis Pemegang Saham_radios' is clicked on

2022-04-07 15:11:33 - [TEST_STEP][PASSED] - delay(1): Delayed 1 second(s)

2022-04-07 15:11:34 - [MESSAGE][PASSED] - Delayed 1 second(s)

2022-04-07 15:11:34 - [TEST_STEP][PASSED] - takeFullPageScreenshotAsCheckpoint(userDir + sprint4WebScreenshootPath + "scenario-4-Memilih-radio-button-pemegang-saham.png"): Taking screenshot successfully

2022-04-07 15:11:35 - [MESSAGE][INFO] - 0 hidden object(s)

2022-04-07 15:11:35 - [MESSAGE][PASSED] - Taking screenshot successfully
[[ATTACHMENT|C:\Users\Nia Yusniati\Git_Asa\BCAF_MEAPP_i3\Screenshoot\Sprint4\Web\keyes\keyes-scenario-4-Memilih-radio-button-pemegang-saham.png]]

2022-04-07 15:11:35 - [TEST_STEP][PASSED] - markPassed("scenario 4 - Memilih radio button pemegang saham"): scenario 4 - Memilih radio button pemegang saham

2022-04-07 15:11:35 - [MESSAGE][PASSED] - scenario 4 - Memilih radio button pemegang saham

2022-04-07 15:11:35 - [TEST_STEP][PASSED] - delay(1): Delayed 1 second(s)

2022-04-07 15:11:36 - [MESSAGE][PASSED] - Delayed 1 second(s)

2022-04-07 15:11:36 - [TEST_STEP][PASSED] - click(findTestObject("Input_Corporate/Pemegang_saham/4_button_OK"), OPTIONAL): Object: 'Object Repository/Input_Corporate/Pemegang_saham/4_button_OK' is clicked on

2022-04-07 15:11:37 - [MESSAGE][PASSED] - Object: 'Object Repository/Input_Corporate/Pemegang_saham/4_button_OK' is clicked on

2022-04-07 15:11:37 - [TEST_STEP][PASSED] - delay(1): Delayed 1 second(s)

2022-04-07 15:11:38 - [MESSAGE][PASSED] - Delayed 1 second(s)

2022-04-07 15:11:38 - [TEST_STEP][PASSED] - click(findTestObject("Input_Corporate/Pemegang_saham/5_button_Pemegang Saham 1"), OPTIONAL): Object: 'Object Repository/Input_Corporate/Pemegang_saham/5_button_Pemegang Saham 1' is clicked on

2022-04-07 15:11:39 - [MESSAGE][PASSED] - Object: 'Object Repository/Input_Corporate/Pemegang_saham/5_button_Pemegang Saham 1' is clicked on

2022-04-07 15:11:39 - [TEST_STEP][PASSED] - delay(1): Delayed 1 second(s)

2022-04-07 15:11:40 - [MESSAGE][PASSED] - Delayed 1 second(s)

2022-04-07 15:11:40 - [TEST_STEP][PASSED] - takeFullPageScreenshotAsCheckpoint(userDir + sprint4WebScreenshootPath + "scenario-4-Masuk-Submenu-pemegang-saham-1.png"): Taking screenshot successfully

2022-04-07 15:11:41 - [MESSAGE][INFO] - 0 hidden object(s)

2022-04-07 15:11:41 - [MESSAGE][PASSED] - Taking screenshot successfully
[[ATTACHMENT|C:\Users\Nia Yusniati\Git_Asa\BCAF_MEAPP_i3\Screenshoot\Sprint4\Web\keyes\keyes-scenario-4-Masuk-Submenu-pemegang-saham-1.png]]

2022-04-07 15:11:41 - [TEST_STEP][PASSED] - markPassed("scenario 4 - Masuk submenu pemegang saham 1"): scenario 4 - Masuk submenu pemegang saham 1

2022-04-07 15:11:41 - [MESSAGE][PASSED] - scenario 4 - Masuk submenu pemegang saham 1

2022-04-07 15:11:41 - [TEST_STEP][PASSED] - delay(1): Delayed 1 second(s)

2022-04-07 15:11:42 - [MESSAGE][PASSED] - Delayed 1 second(s)

2022-04-07 15:11:42 - [TEST_STEP][PASSED] - click(findTestObject("Input_Corporate/Pemegang_saham/6_a_Capture File"), OPTIONAL): Object: 'Object Repository/Input_Corporate/Pemegang_saham/6_a_Capture File' is clicked on

2022-04-07 15:11:43 - [MESSAGE][PASSED] - Object: 'Object Repository/Input_Corporate/Pemegang_saham/6_a_Capture File' is clicked on

2022-04-07 15:11:43 - [TEST_STEP][PASSED] - delay(1): Delayed 1 second(s)

2022-04-07 15:11:44 - [MESSAGE][PASSED] - Delayed 1 second(s)

2022-04-07 15:11:44 - [TEST_STEP][PASSED] - uploadFile(findTestObject("Input_Corporate/Capture_"), userDir + cobaKTP, OPTIONAL): File 'C:/Users/Nia Yusniati/Git_Asa/BCAF_MEAPP_i3/Assets/ktp_dummy.png' sent to object: 'Object Repository/Input_Corporate/Capture_'

2022-04-07 15:11:44 - [MESSAGE][PASSED] - File 'C:/Users/Nia Yusniati/Git_Asa/BCAF_MEAPP_i3/Assets/ktp_dummy.png' sent to object: 'Object Repository/Input_Corporate/Capture_'

2022-04-07 15:11:44 - [TEST_STEP][PASSED] - delay(1): Delayed 1 second(s)

2022-04-07 15:11:45 - [MESSAGE][PASSED] - Delayed 1 second(s)

2022-04-07 15:11:45 - [TEST_STEP][PASSED] - scrollToPosition(0, 200, OPTIONAL): Browser is scrolled to position x = 0, y = 200

2022-04-07 15:11:45 - [MESSAGE][PASSED] - Browser is scrolled to position x = 0, y = 200

2022-04-07 15:11:45 - [TEST_STEP][PASSED] - delay(1): Delayed 1 second(s)

2022-04-07 15:11:46 - [MESSAGE][PASSED] - Delayed 1 second(s)

[...]

2022-04-07 15:18:14 - [TEST_STEP][PASSED] - takeFullPageScreenshotAsCheckpoint(userDir + sprint4WebScreenshootPath + "scenario-4-pop-up-add-kendaraan.png"): Taking screenshot successfully

2022-04-07 15:18:16 - [MESSAGE][INFO] - 0 hidden object(s)

2022-04-07 15:18:16 - [MESSAGE][PASSED] - Taking screenshot successfully
[[ATTACHMENT|C:\Users\Nia Yusniati\Git_Asa\BCAF_MEAPP_i3\Screenshoot\Sprint4\Web\keyes\keyes-scenario-4-pop-up-add-kendaraan.png]]

2022-04-07 15:18:16 - [TEST_STEP][PASSED] - markPassed("scenario 4 - Popup add unit kendaraan"): scenario 4 - Popup add unit kendaraan

2022-04-07 15:18:16 - [MESSAGE][PASSED] - scenario 4 - Popup add unit kendaraan

2022-04-07 15:18:16 - [TEST_STEP][PASSED] - delay(1): Delayed 1 second(s)

2022-04-07 15:18:17 - [MESSAGE][PASSED] - Delayed 1 second(s)

2022-04-07 15:18:17 - [TEST_STEP][PASSED] - setText(findTestObject("vehiclekedua/input_Jumlah unit_kedua"), "2"): Text '2' is set on object 'Object Repository/vehiclekedua/input_Jumlah unit_kedua'

2022-04-07 15:18:18 - [MESSAGE][PASSED] - Text '2' is set on object 'Object Repository/vehiclekedua/input_Jumlah unit_kedua'

2022-04-07 15:18:18 - [TEST_STEP][PASSED] - delay(1): Delayed 1 second(s)

2022-04-07 15:18:19 - [MESSAGE][PASSED] - Delayed 1 second(s)

2022-04-07 15:18:19 - [TEST_STEP][PASSED] - click(findTestObject("ME_CollateralAndLoan_Vehicle/input_ya_copy_addunit")): Object: 'Object Repository/ME_CollateralAndLoan_Vehicle/input_ya_copy_addunit' is clicked on

2022-04-07 15:18:20 - [MESSAGE][PASSED] - Object: 'Object Repository/ME_CollateralAndLoan_Vehicle/input_ya_copy_addunit' is clicked on

2022-04-07 15:18:20 - [TEST_STEP][PASSED] - delay(1): Delayed 1 second(s)

2022-04-07 15:18:21 - [MESSAGE][PASSED] - Delayed 1 second(s)

2022-04-07 15:18:21 - [TEST_STEP][PASSED] - click(findTestObject("ME_CollateralAndLoan_Vehicle/span_Pilih Unit")): Object: 'Object Repository/ME_CollateralAndLoan_Vehicle/span_Pilih Unit' is clicked on

2022-04-07 15:18:22 - [MESSAGE][PASSED] - Object: 'Object Repository/ME_CollateralAndLoan_Vehicle/span_Pilih Unit' is clicked on

2022-04-07 15:18:22 - [TEST_STEP][PASSED] - delay(1): Delayed 1 second(s)

2022-04-07 15:18:23 - [MESSAGE][PASSED] - Delayed 1 second(s)

2022-04-07 15:18:23 - [TEST_STEP][PASSED] - setText(findTestObject("vehiclekedua/input_Add_select2-search__field-UNIT_yangakandicopy_kedua"), "Unit 1"): Text 'Unit 1' is set on object 'Object Repository/vehiclekedua/input_Add_select2-search__field-UNIT_yangakandicopy_kedua'

2022-04-07 15:18:24 - [MESSAGE][PASSED] - Text 'Unit 1' is set on object 'Object Repository/vehiclekedua/input_Add_select2-search__field-UNIT_yangakandicopy_kedua'

2022-04-07 15:18:24 - [TEST_STEP][PASSED] - delay(1): Delayed 1 second(s)

2022-04-07 15:18:25 - [MESSAGE][PASSED] - Delayed 1 second(s)

2022-04-07 15:18:25 - [TEST_STEP][PASSED] - sendKeys(findTestObject("vehiclekedua/input_Add_select2-search__field-UNIT_yangakandicopy_kedua"), Keys.chord(ENTER)): Keys 'ENTER + ' sent to object: 'Object Repository/vehiclekedua/input_Add_select2-search__field-UNIT_yangakandicopy_kedua'

2022-04-07 15:18:25 - [MESSAGE][PASSED] - Keys 'ENTER + ' sent to object: 'Object Repository/vehiclekedua/input_Add_select2-search__field-UNIT_yangakandicopy_kedua'

2022-04-07 15:18:25 - [TEST_STEP][PASSED] - delay(1): Delayed 1 second(s)

2022-04-07 15:18:26 - [MESSAGE][PASSED] - Delayed 1 second(s)

2022-04-07 15:18:26 - [TEST_STEP][PASSED] - takeFullPageScreenshotAsCheckpoint(userDir + sprint4WebScreenshootPath + "scenario-4-berhasil-add-kendaraan.png"): Taking screenshot successfully

2022-04-07 15:18:28 - [MESSAGE][INFO] - 0 hidden object(s)

2022-04-07 15:18:28 - [MESSAGE][PASSED] - Taking screenshot successfully
[[ATTACHMENT|C:\Users\Nia Yusniati\Git_Asa\BCAF_MEAPP_i3\Screenshoot\Sprint4\Web\keyes\keyes-scenario-4-berhasil-add-kendaraan.png]]

2022-04-07 15:18:28 - [TEST_STEP][PASSED] - markPassed("scenario 4 - berhasil add unit kendaraan"): scenario 4 - berhasil add unit kendaraan

2022-04-07 15:18:28 - [MESSAGE][PASSED] - scenario 4 - berhasil add unit kendaraan

2022-04-07 15:18:28 - [TEST_STEP][PASSED] - delay(1): Delayed 1 second(s)

2022-04-07 15:18:29 - [MESSAGE][PASSED] - Delayed 1 second(s)

2022-04-07 15:18:29 - [TEST_STEP][PASSED] - click(findTestObject("ME_CollateralAndLoan_Vehicle/button_Add_unit")): Object: 'Object Repository/ME_CollateralAndLoan_Vehicle/button_Add_unit' is clicked on

2022-04-07 15:18:30 - [MESSAGE][PASSED] - Object: 'Object Repository/ME_CollateralAndLoan_Vehicle/button_Add_unit' is clicked on

2022-04-07 15:18:30 - [TEST_STEP][PASSED] - delay(1): Delayed 1 second(s)

2022-04-07 15:18:31 - [MESSAGE][PASSED] - Delayed 1 second(s)

2022-04-07 15:18:31 - [TEST_STEP][PASSED] - click(findTestObject("ME_CollateralAndLoan_Vehicle/a_Calculate All Unit")): Object: 'Object Repository/ME_CollateralAndLoan_Vehicle/a_Calculate All Unit' is clicked on

2022-04-07 15:18:35 - [MESSAGE][PASSED] - Object: 'Object Repository/ME_CollateralAndLoan_Vehicle/a_Calculate All Unit' is clicked on

2022-04-07 15:18:35 - [TEST_STEP][PASSED] - delay(1): Delayed 1 second(s)

2022-04-07 15:18:36 - [MESSAGE][PASSED] - Delayed 1 second(s)

2022-04-07 15:18:36 - [TEST_STEP][PASSED] - verifyElementPresent(findTestObject("ME_CollateralAndLoan_Vehicle/label_Summary Total"), 0): Object 'Object Repository/ME_CollateralAndLoan_Vehicle/label_Summary Total' is present

2022-04-07 15:18:36 - [MESSAGE][WARNING] - Timeout '0' is invalid. Using default page load timeout: '30'

2022-04-07 15:18:39 - [MESSAGE][PASSED] - Object 'Object Repository/ME_CollateralAndLoan_Vehicle/label_Summary Total' is present

2022-04-07 15:18:39 - [TEST_STEP][PASSED] - delay(1): Delayed 1 second(s)

2022-04-07 15:18:40 - [MESSAGE][PASSED] - Delayed 1 second(s)

2022-04-07 15:18:40 - [TEST_STEP][PASSED] - takeFullPageScreenshotAsCheckpoint(userDir + sprint4WebScreenshootPath + "scenario-4-pop-up-summary-total.png"): Taking screenshot successfully

2022-04-07 15:18:41 - [MESSAGE][INFO] - 0 hidden object(s)

2022-04-07 15:18:42 - [MESSAGE][PASSED] - Taking screenshot successfully
[[ATTACHMENT|C:\Users\Nia Yusniati\Git_Asa\BCAF_MEAPP_i3\Screenshoot\Sprint4\Web\keyes\keyes-scenario-4-pop-up-summary-total.png]]

2022-04-07 15:18:42 - [TEST_STEP][PASSED] - markPassed("scenario 4 - Popup summary total"): scenario 4 - Popup summary total

2022-04-07 15:18:42 - [MESSAGE][PASSED] - scenario 4 - Popup summary total

2022-04-07 15:18:42 - [TEST_STEP][PASSED] - delay(1): Delayed 1 second(s)

2022-04-07 15:18:43 - [MESSAGE][PASSED] - Delayed 1 second(s)

2022-04-07 15:18:43 - [TEST_STEP][PASSED] - verifyElementPresent(findTestObject("ME_CollateralAndLoan_Vehicle/div_Calculating Summary_mx-0 proceed-state state-1_success"), 0): Object 'Object Repository/ME_CollateralAndLoan_Vehicle/div_Calculating Summary_mx-0 proceed-state state-1_success' is present

2022-04-07 15:18:43 - [MESSAGE][WARNING] - Timeout '0' is invalid. Using default page load timeout: '30'

2022-04-07 15:18:43 - [MESSAGE][PASSED] - Object 'Object Repository/ME_CollateralAndLoan_Vehicle/div_Calculating Summary_mx-0 proceed-state state-1_success' is present

2022-04-07 15:18:43 - [TEST_STEP][PASSED] - delay(1): Delayed 1 second(s)

2022-04-07 15:18:44 - [MESSAGE][PASSED] - Delayed 1 second(s)

2022-04-07 15:18:44 - [TEST_STEP][PASSED] - click(findTestObject("ME_CollateralAndLoan_Vehicle/a_Close_calculate")): Object: 'Object Repository/ME_CollateralAndLoan_Vehicle/a_Close_calculate' is clicked on

2022-04-07 15:18:45 - [MESSAGE][PASSED] - Object: 'Object Repository/ME_CollateralAndLoan_Vehicle/a_Close_calculate' is clicked on]]></system-out>
         <system-err><![CDATA[]]></system-err>
      </testcase>
      <testcase name="Test Cases/Sprint 4/Skenario 4/04-04-Transaction-InputPenyimpangan-ProcessBM" time="35.044" classname="Test Cases/Sprint 4/Skenario 4/04-04-Transaction-InputPenyimpangan-ProcessBM" status="PASSED">
         <system-out><![CDATA[2022-04-07 15:18:45 - [TEST_CASE][PASSED] - Test Cases/Sprint 4/Skenario 4/04-04-Transaction-InputPenyimpangan-ProcessBM: Test Cases/Sprint 4/Skenario 4/04-04-Transaction-InputPenyimpangan-ProcessBM

2022-04-07 15:18:46 - [TEST_STEP][PASSED] - userDir = getProjectDir(): null

2022-04-07 15:18:46 - [TEST_STEP][PASSED] - scrollToPosition(0, 0): Browser is scrolled to position x = 0, y = 0

2022-04-07 15:18:46 - [MESSAGE][PASSED] - Browser is scrolled to position x = 0, y = 0

2022-04-07 15:18:46 - [TEST_STEP][PASSED] - click(findTestObject("Object Repository/Penyimpangan/span_Penyimpangan"), OPTIONAL): Object: 'Object Repository/Penyimpangan/span_Penyimpangan' is clicked on

2022-04-07 15:18:47 - [MESSAGE][PASSED] - Object: 'Object Repository/Penyimpangan/span_Penyimpangan' is clicked on

2022-04-07 15:18:47 - [TEST_STEP][PASSED] - delay(1): Delayed 1 second(s)

2022-04-07 15:18:48 - [MESSAGE][PASSED] - Delayed 1 second(s)

2022-04-07 15:18:48 - [TEST_STEP][PASSED] - takeFullPageScreenshotAsCheckpoint(userDir + sprint4WebScreenshootPath + "scenario-4-masuk-menu-penyimpangan.png"): Taking screenshot successfully

2022-04-07 15:18:49 - [MESSAGE][INFO] - 0 hidden object(s)

2022-04-07 15:18:49 - [MESSAGE][PASSED] - Taking screenshot successfully
[[ATTACHMENT|C:\Users\Nia Yusniati\Git_Asa\BCAF_MEAPP_i3\Screenshoot\Sprint4\Web\keyes\keyes-scenario-4-masuk-menu-penyimpangan.png]]

2022-04-07 15:18:49 - [TEST_STEP][PASSED] - markPassed("scenario 4 - Masuk menu penyimpangan"): scenario 4 - Masuk menu penyimpangan

2022-04-07 15:18:49 - [MESSAGE][PASSED] - scenario 4 - Masuk menu penyimpangan

2022-04-07 15:18:49 - [TEST_STEP][PASSED] - delay(1): Delayed 1 second(s)

2022-04-07 15:18:50 - [MESSAGE][PASSED] - Delayed 1 second(s)

2022-04-07 15:18:50 - [TEST_STEP][PASSED] - setText(findTestObject("Object Repository/Penyimpangan/input_keyword"), processBM_keyword, OPTIONAL): Text 'BM - (Tidak berlaku lagi) Bukti rumah berupa AJB / PBB / PPJB / HGB / Perjanjian Kredit KPR yang menunjukkan alamat sesuai dengan tempat tinggal konsumen (dapat atas nama pemohon / pasangan / anak / orang tua / mertua) (CS)' is set on object 'Object Repository/Penyimpangan/input_keyword'

2022-04-07 15:19:02 - [MESSAGE][PASSED] - Text 'BM - (Tidak berlaku lagi) Bukti rumah berupa AJB / PBB / PPJB / HGB / Perjanjian Kredit KPR yang menunjukkan alamat sesuai dengan tempat tinggal konsumen (dapat atas nama pemohon / pasangan / anak / orang tua / mertua) (CS)' is set on object 'Object Repository/Penyimpangan/input_keyword'

2022-04-07 15:19:02 - [TEST_STEP][PASSED] - takeFullPageScreenshotAsCheckpoint(userDir + sprint4WebScreenshootPath + "scenario-4-input-penyimpangan.png"): Taking screenshot successfully

2022-04-07 15:19:04 - [MESSAGE][INFO] - 0 hidden object(s)

2022-04-07 15:19:05 - [MESSAGE][PASSED] - Taking screenshot successfully
[[ATTACHMENT|C:\Users\Nia Yusniati\Git_Asa\BCAF_MEAPP_i3\Screenshoot\Sprint4\Web\keyes\keyes-scenario-4-input-penyimpangan.png]]

2022-04-07 15:19:05 - [TEST_STEP][PASSED] - markPassed("scenario 4 - Input penyimpangan"): scenario 4 - Input penyimpangan

2022-04-07 15:19:05 - [MESSAGE][PASSED] - scenario 4 - Input penyimpangan

2022-04-07 15:19:05 - [TEST_STEP][PASSED] - delay(1): Delayed 1 second(s)

2022-04-07 15:19:06 - [MESSAGE][PASSED] - Delayed 1 second(s)

2022-04-07 15:19:06 - [TEST_STEP][PASSED] - click(findTestObject("Object Repository/Penyimpangan/span_BM 1"), OPTIONAL): Object: 'Object Repository/Penyimpangan/span_BM 1' is clicked on

2022-04-07 15:19:06 - [MESSAGE][PASSED] - Object: 'Object Repository/Penyimpangan/span_BM 1' is clicked on

2022-04-07 15:19:06 - [TEST_STEP][PASSED] - delay(1): Delayed 1 second(s)

2022-04-07 15:19:07 - [MESSAGE][PASSED] - Delayed 1 second(s)

2022-04-07 15:19:07 - [TEST_STEP][PASSED] - scrollToElement(findTestObject("Object Repository/Penyimpangan/textarea_Catatan_note"), 0, OPTIONAL): Scroll to object 'Object Repository/Penyimpangan/textarea_Catatan_note' successfully

2022-04-07 15:19:08 - [MESSAGE][WARNING] - Timeout '0' is invalid. Using default page load timeout: '30'

2022-04-07 15:19:08 - [MESSAGE][PASSED] - Scroll to object 'Object Repository/Penyimpangan/textarea_Catatan_note' successfully

2022-04-07 15:19:08 - [TEST_STEP][PASSED] - delay(1): Delayed 1 second(s)

2022-04-07 15:19:09 - [MESSAGE][PASSED] - Delayed 1 second(s)

2022-04-07 15:19:09 - [TEST_STEP][PASSED] - setText(findTestObject("Object Repository/Penyimpangan/textarea_Catatan_note"), processBM_catatanNote, OPTIONAL): Text 'Pengajuan 4' is set on object 'Object Repository/Penyimpangan/textarea_Catatan_note'

2022-04-07 15:19:10 - [MESSAGE][PASSED] - Text 'Pengajuan 4' is set on object 'Object Repository/Penyimpangan/textarea_Catatan_note'

2022-04-07 15:19:10 - [TEST_STEP][PASSED] - delay(1): Delayed 1 second(s)

2022-04-07 15:19:11 - [MESSAGE][PASSED] - Delayed 1 second(s)

2022-04-07 15:19:11 - [TEST_STEP][PASSED] - takeFullPageScreenshotAsCheckpoint(userDir + sprint4WebScreenshootPath + "scenario-4-input-penyimpangan-selesai.png"): Taking screenshot successfully

2022-04-07 15:19:12 - [MESSAGE][INFO] - 0 hidden object(s)

2022-04-07 15:19:12 - [MESSAGE][PASSED] - Taking screenshot successfully
[[ATTACHMENT|C:\Users\Nia Yusniati\Git_Asa\BCAF_MEAPP_i3\Screenshoot\Sprint4\Web\keyes\keyes-scenario-4-input-penyimpangan-selesai.png]]

2022-04-07 15:19:12 - [TEST_STEP][PASSED] - markPassed("scenario 4 - Input penyimpangan selesai"): scenario 4 - Input penyimpangan selesai

2022-04-07 15:19:12 - [MESSAGE][PASSED] - scenario 4 - Input penyimpangan selesai

2022-04-07 15:19:12 - [TEST_STEP][PASSED] - delay(1): Delayed 1 second(s)

2022-04-07 15:19:13 - [MESSAGE][PASSED] - Delayed 1 second(s)

2022-04-07 15:19:13 - [TEST_STEP][PASSED] - click(findTestObject("Object Repository/Penyimpangan/span_Proceed"), OPTIONAL): Object: 'Object Repository/Penyimpangan/span_Proceed' is clicked on

2022-04-07 15:19:14 - [MESSAGE][PASSED] - Object: 'Object Repository/Penyimpangan/span_Proceed' is clicked on

2022-04-07 15:19:14 - [TEST_STEP][PASSED] - takeFullPageScreenshotAsCheckpoint(userDir + sprint4WebScreenshootPath + "scenario-4-berhasil-proceed.png"): Taking screenshot successfully

2022-04-07 15:19:15 - [MESSAGE][INFO] - 0 hidden object(s)

2022-04-07 15:19:15 - [MESSAGE][PASSED] - Taking screenshot successfully
[[ATTACHMENT|C:\Users\Nia Yusniati\Git_Asa\BCAF_MEAPP_i3\Screenshoot\Sprint4\Web\keyes\keyes-scenario-4-berhasil-proceed.png]]

2022-04-07 15:19:15 - [TEST_STEP][PASSED] - markPassed("scenario 4 - berhasil proceed"): scenario 4 - berhasil proceed

2022-04-07 15:19:15 - [MESSAGE][PASSED] - scenario 4 - berhasil proceed

2022-04-07 15:19:15 - [TEST_STEP][PASSED] - delay(5): Delayed 5 second(s)

2022-04-07 15:19:20 - [MESSAGE][PASSED] - Delayed 5 second(s)

2022-04-07 15:19:20 - [TEST_STEP][PASSED] - getSearch4 = getText(findTestObject("Object Repository/Penyimpangan/SetSearch")): Text of object 'Object Repository/Penyimpangan/SetSearch' is: '4003940'

2022-04-07 15:19:20 - [MESSAGE][PASSED] - Text of object 'Object Repository/Penyimpangan/SetSearch' is: '4003940'

2022-04-07 15:19:20 - [TEST_STEP][PASSED] - println(getSearch4): null

2022-04-07 15:19:20 - [TEST_STEP][PASSED] - Search4 = getSearch4: null]]></system-out>
         <system-err><![CDATA[]]></system-err>
      </testcase>
      <testcase name="Test Cases/Sprint 4/Skenario 4/04-05-Transaction-InquiryStatus-SearchPengajuan" time="21.899" classname="Test Cases/Sprint 4/Skenario 4/04-05-Transaction-InquiryStatus-SearchPengajuan" status="PASSED">
         <system-out><![CDATA[2022-04-07 15:19:20 - [TEST_CASE][PASSED] - Test Cases/Sprint 4/Skenario 4/04-05-Transaction-InquiryStatus-SearchPengajuan: Test Cases/Sprint 4/Skenario 4/04-05-Transaction-InquiryStatus-SearchPengajuan

2022-04-07 15:19:21 - [TEST_STEP][PASSED] - userDir = getProjectDir(): null

2022-04-07 15:19:21 - [TEST_STEP][PASSED] - click(findTestObject("Inquiry_Status/a_Close")): Object: 'Object Repository/Inquiry_Status/a_Close' is clicked on

2022-04-07 15:19:22 - [MESSAGE][PASSED] - Object: 'Object Repository/Inquiry_Status/a_Close' is clicked on

2022-04-07 15:19:22 - [TEST_STEP][PASSED] - id4 = Search4: null

2022-04-07 15:19:22 - [TEST_STEP][PASSED] - println(id4): null

2022-04-07 15:19:22 - [TEST_STEP][PASSED] - delay(1): Delayed 1 second(s)

2022-04-07 15:19:23 - [MESSAGE][PASSED] - Delayed 1 second(s)

2022-04-07 15:19:23 - [TEST_STEP][PASSED] - click(findTestObject("Object Repository/Inquiry_Status/span_Inquiry Status Aplikasi")): Object: 'Object Repository/Inquiry_Status/span_Inquiry Status Aplikasi' is clicked on

2022-04-07 15:19:23 - [MESSAGE][PASSED] - Object: 'Object Repository/Inquiry_Status/span_Inquiry Status Aplikasi' is clicked on

2022-04-07 15:19:23 - [TEST_STEP][PASSED] - delay(1): Delayed 1 second(s)

2022-04-07 15:19:24 - [MESSAGE][PASSED] - Delayed 1 second(s)

2022-04-07 15:19:24 - [TEST_STEP][PASSED] - takeFullPageScreenshotAsCheckpoint(userDir + sprint4WebScreenshootPath + "scenario-4-menu-inquiry-status.png"): Taking screenshot successfully

2022-04-07 15:19:25 - [MESSAGE][INFO] - 0 hidden object(s)

2022-04-07 15:19:25 - [MESSAGE][PASSED] - Taking screenshot successfully
[[ATTACHMENT|C:\Users\Nia Yusniati\Git_Asa\BCAF_MEAPP_i3\Screenshoot\Sprint4\Web\keyes\keyes-scenario-4-menu-inquiry-status.png]]

2022-04-07 15:19:25 - [TEST_STEP][PASSED] - markPassed("scenario 4 - menu inquiry status"): scenario 4 - menu inquiry status

2022-04-07 15:19:25 - [MESSAGE][PASSED] - scenario 4 - menu inquiry status

2022-04-07 15:19:25 - [TEST_STEP][PASSED] - delay(1): Delayed 1 second(s)

2022-04-07 15:19:26 - [MESSAGE][PASSED] - Delayed 1 second(s)

2022-04-07 15:19:26 - [TEST_STEP][PASSED] - setText(findTestObject("Object Repository/Inquiry_Status/input_Mobile ID  Application ID_form-control ng-untouched ng-pristine ng-valid"), id4): Text '4003940' is set on object 'Object Repository/Inquiry_Status/input_Mobile ID  Application ID_form-control ng-untouched ng-pristine ng-valid'

2022-04-07 15:19:28 - [MESSAGE][PASSED] - Text '4003940' is set on object 'Object Repository/Inquiry_Status/input_Mobile ID  Application ID_form-control ng-untouched ng-pristine ng-valid'

2022-04-07 15:19:28 - [TEST_STEP][PASSED] - delay(2): Delayed 2 second(s)

2022-04-07 15:19:30 - [MESSAGE][PASSED] - Delayed 2 second(s)

2022-04-07 15:19:30 - [TEST_STEP][PASSED] - click(findTestObject("Object Repository/Inquiry_Status/span_Search")): Object: 'Object Repository/Inquiry_Status/span_Search' is clicked on

2022-04-07 15:19:30 - [MESSAGE][PASSED] - Object: 'Object Repository/Inquiry_Status/span_Search' is clicked on

2022-04-07 15:19:30 - [TEST_STEP][PASSED] - takeFullPageScreenshotAsCheckpoint(userDir + sprint4WebScreenshootPath + "scenario-4-input-search-inquiry-status-data-pengajuan-4.png"): Taking screenshot successfully

2022-04-07 15:19:31 - [MESSAGE][INFO] - 0 hidden object(s)

2022-04-07 15:19:31 - [MESSAGE][PASSED] - Taking screenshot successfully
[[ATTACHMENT|C:\Users\Nia Yusniati\Git_Asa\BCAF_MEAPP_i3\Screenshoot\Sprint4\Web\keyes\keyes-scenario-4-input-search-inquiry-status-data-pengajuan-4.png]]

2022-04-07 15:19:31 - [TEST_STEP][PASSED] - markPassed("scenario 4 - input search inquiry status data pengajuan 4"): scenario 4 - input search inquiry status data pengajuan 4

2022-04-07 15:19:31 - [MESSAGE][PASSED] - scenario 4 - input search inquiry status data pengajuan 4

2022-04-07 15:19:31 - [TEST_STEP][PASSED] - delay(1): Delayed 1 second(s)

2022-04-07 15:19:32 - [MESSAGE][PASSED] - Delayed 1 second(s)

2022-04-07 15:19:32 - [TEST_STEP][PASSED] - delay(10): Delayed 10 second(s)

2022-04-07 15:19:42 - [MESSAGE][PASSED] - Delayed 10 second(s)]]></system-out>
         <system-err><![CDATA[]]></system-err>
      </testcase>
      <system-out><![CDATA[2022-04-07 15:06:19 - [TEST_SUITE][PASSED] - S4: Test Cases/Sprint 4/Skenario 4/04-05-Transaction-InquiryStatus-SearchPengajuan]]></system-out>
      <system-err><![CDATA[]]></system-err>
   </testsuite>
</testsuites>
