<?xml version="1.0" encoding="UTF-8"?>
<testsuites name="S3" time="1426.823" tests="6" failures="0" errors="0">
   <testsuite name="S3" tests="6" failures="0" errors="0" time="1426.823" skipped="0" timestamp="2022-04-07 14:41:46" hostname="Nia Yusniati - Apandi" id="Test Suites/Skenario_3/S3">
      <properties>
[...]
</properties>
      <testcase name="Test Cases/Sprint 4/Skenario 3/03-01-Transaction-AppBaru-InisiasiKonsumenBaru" time="127.151" classname="Test Cases/Sprint 4/Skenario 3/03-01-Transaction-AppBaru-InisiasiKonsumenBaru" status="PASSED">
         <system-out><![CDATA[2022-04-07 14:41:47 - [TEST_CASE][PASSED] - Test Cases/Sprint 4/Skenario 3/03-01-Transaction-AppBaru-InisiasiKonsumenBaru: Test Cases/Sprint 4/Skenario 3/03-01-Transaction-AppBaru-InisiasiKonsumenBaru

2022-04-07 14:41:49 - [TEST_STEP][PASSED] - robot = new java.awt.Robot(): null

2022-04-07 14:41:49 - [TEST_STEP][PASSED] - userDir = getProjectDir(): null

2022-04-07 14:41:49 - [TEST_STEP][PASSED] - openBrowser(""): Browser is opened with url: ''

2022-04-07 14:41:49 - [MESSAGE][INFO] - Starting 'Chrome' driver

2022-04-07 14:41:49 - [MESSAGE][INFO] - Action delay is set to 0 milliseconds

2022-04-07 14:41:52 - [MESSAGE][PASSED] - Browser is opened with url: ''

2022-04-07 14:41:52 - [TEST_STEP][PASSED] - driver = getWebDriver(): null

2022-04-07 14:41:52 - [TEST_STEP][PASSED] - navigateToUrl(ME_url): Navigate to 'https://mecorporate.idofocus.co.id:25443/login' successfully

2022-04-07 14:42:00 - [MESSAGE][PASSED] - Navigate to 'https://mecorporate.idofocus.co.id:25443/login' successfully

2022-04-07 14:42:00 - [TEST_STEP][PASSED] - maximizeWindow(): Current window maximized

2022-04-07 14:42:00 - [MESSAGE][PASSED] - Current window maximized

2022-04-07 14:42:00 - [TEST_STEP][PASSED] - delay(5): Delayed 5 second(s)

2022-04-07 14:42:06 - [MESSAGE][PASSED] - Delayed 5 second(s)

2022-04-07 14:42:06 - [TEST_STEP][PASSED] - setText(findTestObject("MEApp_AppBaru_InisiasiKonsumen/input_User ID_login"), CMO): Text '20190364' is set on object 'Object Repository/MEApp_AppBaru_InisiasiKonsumen/input_User ID_login'

2022-04-07 14:42:07 - [MESSAGE][PASSED] - Text '20190364' is set on object 'Object Repository/MEApp_AppBaru_InisiasiKonsumen/input_User ID_login'

2022-04-07 14:42:07 - [TEST_STEP][PASSED] - setText(findTestObject("MEApp_AppBaru_InisiasiKonsumen/input_User Password_login"), password): Text 'Mobile123+' is set on object 'Object Repository/MEApp_AppBaru_InisiasiKonsumen/input_User Password_login'

2022-04-07 14:42:08 - [MESSAGE][PASSED] - Text 'Mobile123+' is set on object 'Object Repository/MEApp_AppBaru_InisiasiKonsumen/input_User Password_login'

2022-04-07 14:42:08 - [TEST_STEP][PASSED] - takeFullPageScreenshotAsCheckpoint(userDir + sprint4WebScreenshootPath + "scenario-3-aplikasi-baru-login.png"): Taking screenshot successfully

2022-04-07 14:42:08 - [MESSAGE][INFO] - 0 hidden object(s)

2022-04-07 14:42:09 - [MESSAGE][PASSED] - Taking screenshot successfully
[[ATTACHMENT|C:\Users\Nia Yusniati\Git_Asa\BCAF_MEAPP_i3\Screenshoot\Sprint4\Web\keyes\keyes-scenario-3-aplikasi-baru-login.png]]

2022-04-07 14:42:09 - [TEST_STEP][PASSED] - markPassed("scenario 3 - Memastikan login berhasil"): scenario 3 - Memastikan login berhasil

2022-04-07 14:42:09 - [MESSAGE][PASSED] - scenario 3 - Memastikan login berhasil

2022-04-07 14:42:09 - [TEST_STEP][PASSED] - click(findTestObject("MEApp_AppBaru_InisiasiKonsumen/button_Login")): Object: 'Object Repository/MEApp_AppBaru_InisiasiKonsumen/button_Login' is clicked on

2022-04-07 14:42:09 - [MESSAGE][PASSED] - Object: 'Object Repository/MEApp_AppBaru_InisiasiKonsumen/button_Login' is clicked on

2022-04-07 14:42:09 - [TEST_STEP][PASSED] - delay(2): Delayed 2 second(s)

2022-04-07 14:42:11 - [MESSAGE][PASSED] - Delayed 2 second(s)

2022-04-07 14:42:11 - [TEST_STEP][PASSED] - verifyElementPresent(findTestObject("MEApp_AppBaru_InisiasiKonsumen/span_Transaksi"), 0): Object 'Object Repository/MEApp_AppBaru_InisiasiKonsumen/span_Transaksi' is present

2022-04-07 14:42:11 - [MESSAGE][WARNING] - Timeout '0' is invalid. Using default page load timeout: '30'

2022-04-07 14:42:12 - [MESSAGE][PASSED] - Object 'Object Repository/MEApp_AppBaru_InisiasiKonsumen/span_Transaksi' is present

2022-04-07 14:42:12 - [TEST_STEP][PASSED] - click(findTestObject("MEApp_AppBaru_InisiasiKonsumen/span_Transaksi")): Object: 'Object Repository/MEApp_AppBaru_InisiasiKonsumen/span_Transaksi' is clicked on

2022-04-07 14:42:12 - [MESSAGE][PASSED] - Object: 'Object Repository/MEApp_AppBaru_InisiasiKonsumen/span_Transaksi' is clicked on

2022-04-07 14:42:12 - [TEST_STEP][PASSED] - delay(1): Delayed 1 second(s)

2022-04-07 14:42:13 - [MESSAGE][PASSED] - Delayed 1 second(s)

2022-04-07 14:42:13 - [TEST_STEP][PASSED] - click(findTestObject("MEApp_AppBaru_InisiasiKonsumen/span_Aplikasi Baru")): Object: 'Object Repository/MEApp_AppBaru_InisiasiKonsumen/span_Aplikasi Baru' is clicked on

2022-04-07 14:42:14 - [MESSAGE][PASSED] - Object: 'Object Repository/MEApp_AppBaru_InisiasiKonsumen/span_Aplikasi Baru' is clicked on

2022-04-07 14:42:14 - [TEST_STEP][PASSED] - delay(1): Delayed 1 second(s)

2022-04-07 14:42:15 - [MESSAGE][PASSED] - Delayed 1 second(s)

2022-04-07 14:42:15 - [TEST_STEP][PASSED] - takeFullPageScreenshotAsCheckpoint(userDir + sprint4WebScreenshootPath + "scenario-3-memilih-button-transaksi-dan-aplikasi-baru.png"): Taking screenshot successfully

2022-04-07 14:42:15 - [MESSAGE][INFO] - 0 hidden object(s)

2022-04-07 14:42:16 - [MESSAGE][PASSED] - Taking screenshot successfully
[[ATTACHMENT|C:\Users\Nia Yusniati\Git_Asa\BCAF_MEAPP_i3\Screenshoot\Sprint4\Web\keyes\keyes-scenario-3-memilih-button-transaksi-dan-aplikasi-baru.png]]

2022-04-07 14:42:16 - [TEST_STEP][PASSED] - markPassed("scenario 3 - Memilih button transaksi dan aplikasi baru"): scenario 3 - Memilih button transaksi dan aplikasi baru

2022-04-07 14:42:16 - [MESSAGE][PASSED] - scenario 3 - Memilih button transaksi dan aplikasi baru

2022-04-07 14:42:16 - [TEST_STEP][PASSED] - click(findTestObject("MEApp_AppBaru_InisiasiKonsumen/input_perorangan_radios-apptype")): Object: 'Object Repository/MEApp_AppBaru_InisiasiKonsumen/input_perorangan_radios-apptype' is clicked on

2022-04-07 14:42:16 - [MESSAGE][PASSED] - Object: 'Object Repository/MEApp_AppBaru_InisiasiKonsumen/input_perorangan_radios-apptype' is clicked on

2022-04-07 14:42:16 - [TEST_STEP][PASSED] - delay(1): Delayed 1 second(s)

2022-04-07 14:42:17 - [MESSAGE][PASSED] - Delayed 1 second(s)

2022-04-07 14:42:17 - [TEST_STEP][PASSED] - click(findTestObject("MEApp_AppBaru_InisiasiKonsumen/input_korporasi_radios-apptype")): Object: 'Object Repository/MEApp_AppBaru_InisiasiKonsumen/input_korporasi_radios-apptype' is clicked on

2022-04-07 14:42:18 - [MESSAGE][PASSED] - Object: 'Object Repository/MEApp_AppBaru_InisiasiKonsumen/input_korporasi_radios-apptype' is clicked on

2022-04-07 14:42:18 - [TEST_STEP][PASSED] - delay(1): Delayed 1 second(s)

2022-04-07 14:42:19 - [MESSAGE][PASSED] - Delayed 1 second(s)

2022-04-07 14:42:19 - [TEST_STEP][PASSED] - click(findTestObject("MEApp_AppBaru_InisiasiKonsumen/input-badanusaha")): Object: 'Object Repository/MEApp_AppBaru_InisiasiKonsumen/input-badanusaha' is clicked on

2022-04-07 14:42:38 - [MESSAGE][PASSED] - Object: 'Object Repository/MEApp_AppBaru_InisiasiKonsumen/input-badanusaha' is clicked on

2022-04-07 14:42:38 - [TEST_STEP][PASSED] - delay(1): Delayed 1 second(s)

2022-04-07 14:42:39 - [MESSAGE][PASSED] - Delayed 1 second(s)

2022-04-07 14:42:39 - [TEST_STEP][PASSED] - setText(findTestObject("MEApp_AppBaru_InisiasiKonsumen/input-badanusaha"), "Perseroan Terbatas ( PT. , NV. , LTD. )"): Text 'Perseroan Terbatas ( PT. , NV. , LTD. )' is set on object 'Object Repository/MEApp_AppBaru_InisiasiKonsumen/input-badanusaha'

2022-04-07 14:42:40 - [MESSAGE][PASSED] - Text 'Perseroan Terbatas ( PT. , NV. , LTD. )' is set on object 'Object Repository/MEApp_AppBaru_InisiasiKonsumen/input-badanusaha'

2022-04-07 14:42:40 - [TEST_STEP][PASSED] - delay(1): Delayed 1 second(s)

2022-04-07 14:42:41 - [MESSAGE][PASSED] - Delayed 1 second(s)

2022-04-07 14:42:41 - [TEST_STEP][PASSED] - takeFullPageScreenshotAsCheckpoint(userDir + sprint4WebScreenshootPath + "scenario-3-input-badan-usaha.png"): Taking screenshot successfully

2022-04-07 14:42:41 - [MESSAGE][INFO] - 0 hidden object(s)

2022-04-07 14:42:42 - [MESSAGE][PASSED] - Taking screenshot successfully
[[ATTACHMENT|C:\Users\Nia Yusniati\Git_Asa\BCAF_MEAPP_i3\Screenshoot\Sprint4\Web\keyes\keyes-scenario-3-input-badan-usaha.png]]

2022-04-07 14:42:42 - [TEST_STEP][PASSED] - markPassed("scenario 3 - Input badan usaha"): scenario 3 - Input badan usaha

2022-04-07 14:42:42 - [MESSAGE][PASSED] - scenario 3 - Input badan usaha

2022-04-07 14:42:42 - [TEST_STEP][PASSED] - delay(2): Delayed 2 second(s)

2022-04-07 14:42:44 - [MESSAGE][PASSED] - Delayed 2 second(s)

2022-04-07 14:42:44 - [TEST_STEP][PASSED] - click(findTestObject("MEApp_AppBaru_InisiasiKonsumen/span_Perseroan Terbatas ( PT. , NV. , LTD. )")): Object: 'Object Repository/MEApp_AppBaru_InisiasiKonsumen/span_Perseroan Terbatas ( PT. , NV. , LTD. )' is clicked on

2022-04-07 14:42:44 - [MESSAGE][PASSED] - Object: 'Object Repository/MEApp_AppBaru_InisiasiKonsumen/span_Perseroan Terbatas ( PT. , NV. , LTD. )' is clicked on

2022-04-07 14:42:44 - [TEST_STEP][PASSED] - delay(2): Delayed 2 second(s)

2022-04-07 14:42:46 - [MESSAGE][PASSED] - Delayed 2 second(s)

2022-04-07 14:42:46 - [TEST_STEP][PASSED] - takeFullPageScreenshotAsCheckpoint(userDir + sprint4WebScreenshootPath + "scenario-3-page-sebelum-input-capture.png"): Taking screenshot successfully

2022-04-07 14:42:47 - [MESSAGE][INFO] - 0 hidden object(s)

2022-04-07 14:42:47 - [MESSAGE][PASSED] - Taking screenshot successfully
[[ATTACHMENT|C:\Users\Nia Yusniati\Git_Asa\BCAF_MEAPP_i3\Screenshoot\Sprint4\Web\keyes\keyes-scenario-3-page-sebelum-input-capture.png]]

2022-04-07 14:42:47 - [TEST_STEP][PASSED] - markPassed("scenario 3 - Sebelum input capture npwp + SIUP + TDP"): scenario 3 - Sebelum input capture npwp + SIUP + TDP

2022-04-07 14:42:47 - [MESSAGE][PASSED] - scenario 3 - Sebelum input capture npwp + SIUP + TDP

2022-04-07 14:42:47 - [TEST_STEP][PASSED] - delay(2): Delayed 2 second(s)

2022-04-07 14:42:49 - [MESSAGE][PASSED] - Delayed 2 second(s)

2022-04-07 14:42:49 - [TEST_STEP][PASSED] - click(findTestObject("MEApp_AppBaru_InisiasiKonsumen/button_Capture_npwp")): Object: 'Object Repository/MEApp_AppBaru_InisiasiKonsumen/button_Capture_npwp' is clicked on

2022-04-07 14:42:49 - [MESSAGE][PASSED] - Object: 'Object Repository/MEApp_AppBaru_InisiasiKonsumen/button_Capture_npwp' is clicked on

2022-04-07 14:42:49 - [TEST_STEP][PASSED] - delay(2): Delayed 2 second(s)

2022-04-07 14:42:51 - [MESSAGE][PASSED] - Delayed 2 second(s)

2022-04-07 14:42:51 - [TEST_STEP][PASSED] - uploadFile(findTestObject("MEApp_AppBaru_InisiasiKonsumen/Capture_"), userDir + pathfinder_npwp): File 'C:/Users/Nia Yusniati/Git_Asa/BCAF_MEAPP_i3/Assets/npwp-dummy.jpg' sent to object: 'Object Repository/MEApp_AppBaru_InisiasiKonsumen/Capture_'

2022-04-07 14:42:52 - [MESSAGE][PASSED] - File 'C:/Users/Nia Yusniati/Git_Asa/BCAF_MEAPP_i3/Assets/npwp-dummy.jpg' sent to object: 'Object Repository/MEApp_AppBaru_InisiasiKonsumen/Capture_'

2022-04-07 14:42:52 - [TEST_STEP][PASSED] - waitForElementPresent(findTestObject("MEApp_AppBaru_InisiasiKonsumen/button_NPWP"), 0): Object 'Object Repository/MEApp_AppBaru_InisiasiKonsumen/button_NPWP' is present

2022-04-07 14:42:52 - [MESSAGE][WARNING] - Timeout '0' is invalid. Using default page load timeout: '30'

2022-04-07 14:42:55 - [MESSAGE][PASSED] - Object 'Object Repository/MEApp_AppBaru_InisiasiKonsumen/button_NPWP' is present

2022-04-07 14:42:55 - [TEST_STEP][PASSED] - setText(findTestObject("MEApp_AppBaru_InisiasiKonsumen/input_NPWP No fix"), NPWP_tidakBerlaku): Text '018368167428000' is set on object 'Object Repository/MEApp_AppBaru_InisiasiKonsumen/input_NPWP No fix'

2022-04-07 14:42:56 - [MESSAGE][PASSED] - Text '018368167428000' is set on object 'Object Repository/MEApp_AppBaru_InisiasiKonsumen/input_NPWP No fix'

2022-04-07 14:42:56 - [TEST_STEP][PASSED] - delay(1): Delayed 1 second(s)

2022-04-07 14:42:57 - [MESSAGE][PASSED] - Delayed 1 second(s)

2022-04-07 14:42:57 - [TEST_STEP][PASSED] - setText(findTestObject("MEApp_AppBaru_InisiasiKonsumen/input_Name fix"), CN_tidakBerlaku): Text 'NIGUUNUNANETI  AASA DS' is set on object 'Object Repository/MEApp_AppBaru_InisiasiKonsumen/input_Name fix'

2022-04-07 14:42:59 - [MESSAGE][PASSED] - Text 'NIGUUNUNANETI  AASA DS' is set on object 'Object Repository/MEApp_AppBaru_InisiasiKonsumen/input_Name fix'

2022-04-07 14:42:59 - [TEST_STEP][PASSED] - click(findTestObject("MEApp_AppBaru_InisiasiKonsumen/button_Capture_siupfix")): Object: 'Object Repository/MEApp_AppBaru_InisiasiKonsumen/button_Capture_siupfix' is clicked on

2022-04-07 14:42:59 - [MESSAGE][PASSED] - Object: 'Object Repository/MEApp_AppBaru_InisiasiKonsumen/button_Capture_siupfix' is clicked on

2022-04-07 14:42:59 - [TEST_STEP][PASSED] - delay(2): Delayed 2 second(s)

2022-04-07 14:43:01 - [MESSAGE][PASSED] - Delayed 2 second(s)

2022-04-07 14:43:01 - [TEST_STEP][PASSED] - uploadFile(findTestObject("MEApp_AppBaru_InisiasiKonsumen/Capture_"), userDir + pathfinder_siup): File 'C:/Users/Nia Yusniati/Git_Asa/BCAF_MEAPP_i3/Assets/siup-dummy.jpg' sent to object: 'Object Repository/MEApp_AppBaru_InisiasiKonsumen/Capture_'

2022-04-07 14:43:02 - [MESSAGE][PASSED] - File 'C:/Users/Nia Yusniati/Git_Asa/BCAF_MEAPP_i3/Assets/siup-dummy.jpg' sent to object: 'Object Repository/MEApp_AppBaru_InisiasiKonsumen/Capture_'

2022-04-07 14:43:02 - [TEST_STEP][PASSED] - delay(2): Delayed 2 second(s)

2022-04-07 14:43:04 - [MESSAGE][PASSED] - Delayed 2 second(s)

2022-04-07 14:43:04 - [TEST_STEP][PASSED] - click(findTestObject("MEApp_AppBaru_InisiasiKonsumen/button_Capture_TDP")): Object: 'Object Repository/MEApp_AppBaru_InisiasiKonsumen/button_Capture_TDP' is clicked on

2022-04-07 14:43:07 - [MESSAGE][PASSED] - Object: 'Object Repository/MEApp_AppBaru_InisiasiKonsumen/button_Capture_TDP' is clicked on

2022-04-07 14:43:07 - [TEST_STEP][PASSED] - delay(2): Delayed 2 second(s)

2022-04-07 14:43:09 - [MESSAGE][PASSED] - Delayed 2 second(s)

2022-04-07 14:43:09 - [TEST_STEP][PASSED] - uploadFile(findTestObject("MEApp_AppBaru_InisiasiKonsumen/Capture_"), userDir + pathfinder_tdp): File 'C:/Users/Nia Yusniati/Git_Asa/BCAF_MEAPP_i3/Assets/tdp-dummy.jpg' sent to object: 'Object Repository/MEApp_AppBaru_InisiasiKonsumen/Capture_'

2022-04-07 14:43:10 - [MESSAGE][PASSED] - File 'C:/Users/Nia Yusniati/Git_Asa/BCAF_MEAPP_i3/Assets/tdp-dummy.jpg' sent to object: 'Object Repository/MEApp_AppBaru_InisiasiKonsumen/Capture_'

2022-04-07 14:43:10 - [TEST_STEP][PASSED] - delay(2): Delayed 2 second(s)

2022-04-07 14:43:12 - [MESSAGE][PASSED] - Delayed 2 second(s)

2022-04-07 14:43:12 - [TEST_STEP][PASSED] - takeFullPageScreenshotAsCheckpoint(userDir + sprint4WebScreenshootPath + "scenario-3-Capture-npwp-siup-tdp.png"): Taking screenshot successfully

2022-04-07 14:43:13 - [MESSAGE][INFO] - 0 hidden object(s)

2022-04-07 14:43:13 - [MESSAGE][PASSED] - Taking screenshot successfully
[[ATTACHMENT|C:\Users\Nia Yusniati\Git_Asa\BCAF_MEAPP_i3\Screenshoot\Sprint4\Web\keyes\keyes-scenario-3-Capture-npwp-siup-tdp.png]]

2022-04-07 14:43:13 - [TEST_STEP][PASSED] - markPassed("scenario 3 - Capture NPWP + SIUP + TDP"): scenario 3 - Capture NPWP + SIUP + TDP

2022-04-07 14:43:13 - [MESSAGE][PASSED] - scenario 3 - Capture NPWP + SIUP + TDP

2022-04-07 14:43:13 - [TEST_STEP][PASSED] - delay(2): Delayed 2 second(s)

2022-04-07 14:43:15 - [MESSAGE][PASSED] - Delayed 2 second(s)

2022-04-07 14:43:15 - [TEST_STEP][PASSED] - delay(1): Delayed 1 second(s)

2022-04-07 14:43:16 - [MESSAGE][PASSED] - Delayed 1 second(s)

2022-04-07 14:43:16 - [TEST_STEP][PASSED] - click(findTestObject("MEApp_AppBaru_InisiasiKonsumen/input_Ada Perubahan Data YA")): Object: 'Object Repository/MEApp_AppBaru_InisiasiKonsumen/input_Ada Perubahan Data YA' is clicked on

2022-04-07 14:43:17 - [MESSAGE][PASSED] - Object: 'Object Repository/MEApp_AppBaru_InisiasiKonsumen/input_Ada Perubahan Data YA' is clicked on

2022-04-07 14:43:17 - [TEST_STEP][PASSED] - delay(1): Delayed 1 second(s)

2022-04-07 14:43:18 - [MESSAGE][PASSED] - Delayed 1 second(s)

2022-04-07 14:43:18 - [TEST_STEP][PASSED] - click(findTestObject("MEApp_AppBaru_InisiasiKonsumen/input_Ada Perubahan Data Tidak")): Object: 'Object Repository/MEApp_AppBaru_InisiasiKonsumen/input_Ada Perubahan Data Tidak' is clicked on

2022-04-07 14:43:18 - [MESSAGE][PASSED] - Object: 'Object Repository/MEApp_AppBaru_InisiasiKonsumen/input_Ada Perubahan Data Tidak' is clicked on

2022-04-07 14:43:18 - [TEST_STEP][PASSED] - delay(1): Delayed 1 second(s)

2022-04-07 14:43:19 - [MESSAGE][PASSED] - Delayed 1 second(s)

2022-04-07 14:43:19 - [TEST_STEP][PASSED] - takeFullPageScreenshotAsCheckpoint(userDir + sprint4WebScreenshootPath + "scenario-3-Memilih-Radio-Button-Perubahan-Data.png"): Taking screenshot successfully

2022-04-07 14:43:20 - [MESSAGE][INFO] - 0 hidden object(s)

2022-04-07 14:43:21 - [MESSAGE][PASSED] - Taking screenshot successfully
[[ATTACHMENT|C:\Users\Nia Yusniati\Git_Asa\BCAF_MEAPP_i3\Screenshoot\Sprint4\Web\keyes\keyes-scenario-3-Memilih-Radio-Button-Perubahan-Data.png]]

2022-04-07 14:43:21 - [TEST_STEP][PASSED] - markPassed("scenario 3 - Memilih Radio Button Perubahan Data"): scenario 3 - Memilih Radio Button Perubahan Data

2022-04-07 14:43:21 - [MESSAGE][PASSED] - scenario 3 - Memilih Radio Button Perubahan Data

2022-04-07 14:43:21 - [TEST_STEP][PASSED] - delay(2): Delayed 2 second(s)

2022-04-07 14:43:23 - [MESSAGE][PASSED] - Delayed 2 second(s)

2022-04-07 14:43:23 - [TEST_STEP][PASSED] - click(findTestObject("MEApp_AppBaru_InisiasiKonsumen/button_Prosesfix")): Object: 'Object Repository/MEApp_AppBaru_InisiasiKonsumen/button_Prosesfix' is clicked on

2022-04-07 14:43:24 - [MESSAGE][PASSED] - Object: 'Object Repository/MEApp_AppBaru_InisiasiKonsumen/button_Prosesfix' is clicked on

2022-04-07 14:43:24 - [TEST_STEP][PASSED] - delay(2): Delayed 2 second(s)

2022-04-07 14:43:26 - [MESSAGE][PASSED] - Delayed 2 second(s)

2022-04-07 14:43:26 - [TEST_STEP][PASSED] - waitForElementPresent(findTestObject("MEApp_AppBaru_InisiasiKonsumen/AplikasiBaruMatching"), 300): Object 'Object Repository/MEApp_AppBaru_InisiasiKonsumen/AplikasiBaruMatching' is present

2022-04-07 14:43:42 - [MESSAGE][PASSED] - Object 'Object Repository/MEApp_AppBaru_InisiasiKonsumen/AplikasiBaruMatching' is present

2022-04-07 14:43:42 - [TEST_STEP][PASSED] - takeFullPageScreenshotAsCheckpoint(userDir + sprint4WebScreenshootPath + "scenario-3-Masuk-aplikasi-matching.png"): Taking screenshot successfully

2022-04-07 14:43:43 - [MESSAGE][INFO] - 0 hidden object(s)

2022-04-07 14:43:43 - [MESSAGE][PASSED] - Taking screenshot successfully
[[ATTACHMENT|C:\Users\Nia Yusniati\Git_Asa\BCAF_MEAPP_i3\Screenshoot\Sprint4\Web\keyes\keyes-scenario-3-Masuk-aplikasi-matching.png]]

2022-04-07 14:43:43 - [TEST_STEP][PASSED] - markPassed("scenario 3 - Masuk aplikasi matching"): scenario 3 - Masuk aplikasi matching

2022-04-07 14:43:43 - [MESSAGE][PASSED] - scenario 3 - Masuk aplikasi matching

2022-04-07 14:43:43 - [TEST_STEP][PASSED] - delay(2): Delayed 2 second(s)

2022-04-07 14:43:45 - [MESSAGE][PASSED] - Delayed 2 second(s)

2022-04-07 14:43:45 - [TEST_STEP][PASSED] - click(findTestObject("MEApp_AppBaru_InisiasiKonsumen/a_Ok")): Object: 'Object Repository/MEApp_AppBaru_InisiasiKonsumen/a_Ok' is clicked on

2022-04-07 14:43:45 - [MESSAGE][PASSED] - Object: 'Object Repository/MEApp_AppBaru_InisiasiKonsumen/a_Ok' is clicked on

2022-04-07 14:43:45 - [TEST_STEP][PASSED] - delay(1): Delayed 1 second(s)

2022-04-07 14:43:46 - [MESSAGE][PASSED] - Delayed 1 second(s)

2022-04-07 14:43:46 - [TEST_STEP][PASSED] - click(findTestObject("MEApp_AppBaru_InisiasiKonsumen/button_Ya")): Object: 'Object Repository/MEApp_AppBaru_InisiasiKonsumen/button_Ya' is clicked on

2022-04-07 14:43:48 - [MESSAGE][PASSED] - Object: 'Object Repository/MEApp_AppBaru_InisiasiKonsumen/button_Ya' is clicked on

2022-04-07 14:43:48 - [TEST_STEP][PASSED] - delay(3): Delayed 3 second(s)

2022-04-07 14:43:51 - [MESSAGE][PASSED] - Delayed 3 second(s)

2022-04-07 14:43:51 - [TEST_STEP][PASSED] - takeFullPageScreenshotAsCheckpoint(userDir + sprint4WebScreenshootPath + "scenario-3-Berhasil-dilakukan-inisiasi-konsumen-baru.png"): Taking screenshot successfully

2022-04-07 14:43:52 - [MESSAGE][INFO] - 0 hidden object(s)

2022-04-07 14:43:52 - [MESSAGE][PASSED] - Taking screenshot successfully
[[ATTACHMENT|C:\Users\Nia Yusniati\Git_Asa\BCAF_MEAPP_i3\Screenshoot\Sprint4\Web\keyes\keyes-scenario-3-Berhasil-dilakukan-inisiasi-konsumen-baru.png]]

2022-04-07 14:43:52 - [TEST_STEP][PASSED] - markPassed("scenario 3 - Berhasil dilakukan inisiasi konsumen baru"): scenario 3 - Berhasil dilakukan inisiasi konsumen baru

2022-04-07 14:43:52 - [MESSAGE][PASSED] - scenario 3 - Berhasil dilakukan inisiasi konsumen baru

2022-04-07 14:43:52 - [TEST_STEP][PASSED] - delay(2): Delayed 2 second(s)

2022-04-07 14:43:54 - [MESSAGE][PASSED] - Delayed 2 second(s)]]></system-out>
         <system-err><![CDATA[]]></system-err>
      </testcase>
      <testcase name="Test Cases/Sprint 4/Skenario 3/03-02-Transaction-AppPending-InputCorporate" time="263.02" classname="Test Cases/Sprint 4/Skenario 3/03-02-Transaction-AppPending-InputCorporate" status="PASSED">
         <system-out><![CDATA[2022-04-07 14:43:54 - [TEST_CASE][PASSED] - Test Cases/Sprint 4/Skenario 3/03-02-Transaction-AppPending-InputCorporate: Test Cases/Sprint 4/Skenario 3/03-02-Transaction-AppPending-InputCorporate

2022-04-07 14:43:56 - [TEST_STEP][PASSED] - userDir = getProjectDir(): null

2022-04-07 14:43:56 - [TEST_STEP][PASSED] - setText(findTestObject("Object Repository/Input_Corporate/Input_Konsumen/input_SID Name_form-control ng-untouched ng-pristine ng-invalid"), konsumen_SID, OPTIONAL): Text '223213445' is set on object 'Object Repository/Input_Corporate/Input_Konsumen/input_SID Name_form-control ng-untouched ng-pristine ng-invalid'

2022-04-07 14:44:52 - [MESSAGE][PASSED] - Text '223213445' is set on object 'Object Repository/Input_Corporate/Input_Konsumen/input_SID Name_form-control ng-untouched ng-pristine ng-invalid'

2022-04-07 14:44:52 - [TEST_STEP][PASSED] - delay(1): Delayed 1 second(s)

2022-04-07 14:44:53 - [MESSAGE][PASSED] - Delayed 1 second(s)

2022-04-07 14:44:53 - [TEST_STEP][PASSED] - scrollToElement(findTestObject("Object Repository/Input_Corporate/Input_Konsumen/i_Fax 2_ri-arrow-right-line"), 60, OPTIONAL): Scroll to object 'Object Repository/Input_Corporate/Input_Konsumen/i_Fax 2_ri-arrow-right-line' successfully

2022-04-07 14:44:54 - [MESSAGE][PASSED] - Scroll to object 'Object Repository/Input_Corporate/Input_Konsumen/i_Fax 2_ri-arrow-right-line' successfully

2022-04-07 14:44:54 - [TEST_STEP][PASSED] - delay(1): Delayed 1 second(s)

2022-04-07 14:44:55 - [MESSAGE][PASSED] - Delayed 1 second(s)

2022-04-07 14:44:55 - [TEST_STEP][PASSED] - click(findTestObject("Object Repository/Input_Corporate/Input_Konsumen/button_Surat Keterangan Domisili"), OPTIONAL): Object: 'Object Repository/Input_Corporate/Input_Konsumen/button_Surat Keterangan Domisili' is clicked on

2022-04-07 14:44:55 - [MESSAGE][PASSED] - Object: 'Object Repository/Input_Corporate/Input_Konsumen/button_Surat Keterangan Domisili' is clicked on

2022-04-07 14:44:55 - [TEST_STEP][PASSED] - delay(1): Delayed 1 second(s)

2022-04-07 14:44:56 - [MESSAGE][PASSED] - Delayed 1 second(s)

2022-04-07 14:44:56 - [TEST_STEP][PASSED] - takeFullPageScreenshotAsCheckpoint(userDir + sprint4WebScreenshootPath + "scenario-3-masuk-submenu-surat-keterangan-domisili.png"): Taking screenshot successfully

2022-04-07 14:44:57 - [MESSAGE][INFO] - 0 hidden object(s)

2022-04-07 14:44:57 - [MESSAGE][PASSED] - Taking screenshot successfully
[[ATTACHMENT|C:\Users\Nia Yusniati\Git_Asa\BCAF_MEAPP_i3\Screenshoot\Sprint4\Web\keyes\keyes-scenario-3-masuk-submenu-surat-keterangan-domisili.png]]

2022-04-07 14:44:57 - [TEST_STEP][PASSED] - markPassed("scenario 3 - Masuk submenu surat keterangan domisili"): scenario 3 - Masuk submenu surat keterangan domisili

2022-04-07 14:44:57 - [MESSAGE][PASSED] - scenario 3 - Masuk submenu surat keterangan domisili

2022-04-07 14:44:57 - [TEST_STEP][PASSED] - delay(1): Delayed 1 second(s)

2022-04-07 14:44:58 - [MESSAGE][PASSED] - Delayed 1 second(s)

2022-04-07 14:44:58 - [TEST_STEP][PASSED] - click(findTestObject("Object Repository/Input_Corporate/Input_Konsumen/button_Capture_Domisili"), OPTIONAL): Object: 'Object Repository/Input_Corporate/Input_Konsumen/button_Capture_Domisili' is clicked on

2022-04-07 14:44:59 - [MESSAGE][PASSED] - Object: 'Object Repository/Input_Corporate/Input_Konsumen/button_Capture_Domisili' is clicked on

2022-04-07 14:44:59 - [TEST_STEP][PASSED] - delay(1): Delayed 1 second(s)

2022-04-07 14:45:00 - [MESSAGE][PASSED] - Delayed 1 second(s)

2022-04-07 14:45:00 - [TEST_STEP][PASSED] - uploadFile(findTestObject("Input_Corporate/Capture_"), userDir + cobaKTP, OPTIONAL): File 'C:/Users/Nia Yusniati/Git_Asa/BCAF_MEAPP_i3/Assets/ktp_dummy.png' sent to object: 'Object Repository/Input_Corporate/Capture_'

2022-04-07 14:45:01 - [MESSAGE][PASSED] - File 'C:/Users/Nia Yusniati/Git_Asa/BCAF_MEAPP_i3/Assets/ktp_dummy.png' sent to object: 'Object Repository/Input_Corporate/Capture_'

2022-04-07 14:45:01 - [TEST_STEP][PASSED] - delay(1): Delayed 1 second(s)

2022-04-07 14:45:02 - [MESSAGE][PASSED] - Delayed 1 second(s)

2022-04-07 14:45:02 - [TEST_STEP][PASSED] - takeFullPageScreenshotAsCheckpoint(userDir + sprint4WebScreenshootPath + "scenario-3-capture-surat-keterangan-domisili-berhasil.png"): Taking screenshot successfully

2022-04-07 14:45:02 - [MESSAGE][INFO] - 0 hidden object(s)

2022-04-07 14:45:03 - [MESSAGE][PASSED] - Taking screenshot successfully
[[ATTACHMENT|C:\Users\Nia Yusniati\Git_Asa\BCAF_MEAPP_i3\Screenshoot\Sprint4\Web\keyes\keyes-scenario-3-capture-surat-keterangan-domisili-berhasil.png]]

2022-04-07 14:45:03 - [TEST_STEP][PASSED] - markPassed("scenario 3 - Capture surat keterangan domisili berhasil"): scenario 3 - Capture surat keterangan domisili berhasil

2022-04-07 14:45:03 - [MESSAGE][PASSED] - scenario 3 - Capture surat keterangan domisili berhasil

2022-04-07 14:45:03 - [TEST_STEP][PASSED] - delay(1): Delayed 1 second(s)

2022-04-07 14:45:04 - [MESSAGE][PASSED] - Delayed 1 second(s)

2022-04-07 14:45:04 - [TEST_STEP][PASSED] - click(findTestObject("Object Repository/Input_Corporate/Input_Konsumen/button_FAP"), OPTIONAL): Object: 'Object Repository/Input_Corporate/Input_Konsumen/button_FAP' is clicked on

2022-04-07 14:45:04 - [MESSAGE][PASSED] - Object: 'Object Repository/Input_Corporate/Input_Konsumen/button_FAP' is clicked on

2022-04-07 14:45:04 - [TEST_STEP][PASSED] - delay(1): Delayed 1 second(s)

2022-04-07 14:45:05 - [MESSAGE][PASSED] - Delayed 1 second(s)

2022-04-07 14:45:05 - [TEST_STEP][PASSED] - takeFullPageScreenshotAsCheckpoint(userDir + sprint4WebScreenshootPath + "scenario-3-Masuk-submenu-FAP.png"): Taking screenshot successfully

2022-04-07 14:45:07 - [MESSAGE][INFO] - 0 hidden object(s)

2022-04-07 14:45:07 - [MESSAGE][PASSED] - Taking screenshot successfully
[[ATTACHMENT|C:\Users\Nia Yusniati\Git_Asa\BCAF_MEAPP_i3\Screenshoot\Sprint4\Web\keyes\keyes-scenario-3-Masuk-submenu-FAP.png]]

2022-04-07 14:45:07 - [TEST_STEP][PASSED] - markPassed("scenario 3 - Masuk submenu FAP"): scenario 3 - Masuk submenu FAP

2022-04-07 14:45:07 - [MESSAGE][PASSED] - scenario 3 - Masuk submenu FAP

2022-04-07 14:45:07 - [TEST_STEP][PASSED] - delay(1): Delayed 1 second(s)

2022-04-07 14:45:08 - [MESSAGE][PASSED] - Delayed 1 second(s)

2022-04-07 14:45:08 - [TEST_STEP][PASSED] - click(findTestObject("Object Repository/Input_Corporate/Input_Konsumen/a_Add Capture_FAP"), OPTIONAL): Object: 'Object Repository/Input_Corporate/Input_Konsumen/a_Add Capture_FAP' is clicked on

2022-04-07 14:45:09 - [MESSAGE][PASSED] - Object: 'Object Repository/Input_Corporate/Input_Konsumen/a_Add Capture_FAP' is clicked on

2022-04-07 14:45:09 - [TEST_STEP][PASSED] - delay(1): Delayed 1 second(s)

2022-04-07 14:45:10 - [MESSAGE][PASSED] - Delayed 1 second(s)

2022-04-07 14:45:10 - [TEST_STEP][PASSED] - uploadFile(findTestObject("Input_Corporate/Capture_"), userDir + cobaKTP, OPTIONAL): File 'C:/Users/Nia Yusniati/Git_Asa/BCAF_MEAPP_i3/Assets/ktp_dummy.png' sent to object: 'Object Repository/Input_Corporate/Capture_'

2022-04-07 14:45:10 - [MESSAGE][PASSED] - File 'C:/Users/Nia Yusniati/Git_Asa/BCAF_MEAPP_i3/Assets/ktp_dummy.png' sent to object: 'Object Repository/Input_Corporate/Capture_'

2022-04-07 14:45:10 - [TEST_STEP][PASSED] - delay(1): Delayed 1 second(s)

2022-04-07 14:45:11 - [MESSAGE][PASSED] - Delayed 1 second(s)

2022-04-07 14:45:11 - [TEST_STEP][PASSED] - setText(findTestObject("Object Repository/Input_Corporate/Input_Konsumen/input_Jenis Usaha_form-control ng-untouched ng-pristine ng-invalid"), konsumen_jenisUsaha, OPTIONAL): Text 'Kontruksi' is set on object 'Object Repository/Input_Corporate/Input_Konsumen/input_Jenis Usaha_form-control ng-untouched ng-pristine ng-invalid'

2022-04-07 14:45:13 - [MESSAGE][PASSED] - Text 'Kontruksi' is set on object 'Object Repository/Input_Corporate/Input_Konsumen/input_Jenis Usaha_form-control ng-untouched ng-pristine ng-invalid'

2022-04-07 14:45:13 - [TEST_STEP][PASSED] - delay(1): Delayed 1 second(s)

2022-04-07 14:45:14 - [MESSAGE][PASSED] - Delayed 1 second(s)

2022-04-07 14:45:14 - [TEST_STEP][PASSED] - setText(findTestObject("Object Repository/Input_Corporate/Input_Konsumen/input_Economy Code_form-control bcaf-autocomplete ng-untouched ng-pristine ng-invalid"), konsumen_economyCode, OPTIONAL): Text '010103' is set on object 'Object Repository/Input_Corporate/Input_Konsumen/input_Economy Code_form-control bcaf-autocomplete ng-untouched ng-pristine ng-invalid'

2022-04-07 14:45:15 - [MESSAGE][PASSED] - Text '010103' is set on object 'Object Repository/Input_Corporate/Input_Konsumen/input_Economy Code_form-control bcaf-autocomplete ng-untouched ng-pristine ng-invalid'

2022-04-07 14:45:15 - [TEST_STEP][PASSED] - delay(1): Delayed 1 second(s)

2022-04-07 14:45:16 - [MESSAGE][PASSED] - Delayed 1 second(s)

2022-04-07 14:45:16 - [TEST_STEP][PASSED] - waitForElementPresent(findTestObject("Object Repository/Input_Corporate/Input_Konsumen/li_010103 Pertanian  Kehutanan-Pertanian  Pupuk-Importir"), 100, OPTIONAL): Object 'Object Repository/Input_Corporate/Input_Konsumen/li_010103 Pertanian  Kehutanan-Pertanian  Pupuk-Importir' is present

2022-04-07 14:45:16 - [MESSAGE][PASSED] - Object 'Object Repository/Input_Corporate/Input_Konsumen/li_010103 Pertanian  Kehutanan-Pertanian  Pupuk-Importir' is present

2022-04-07 14:45:16 - [TEST_STEP][PASSED] - delay(1): Delayed 1 second(s)

2022-04-07 14:45:17 - [MESSAGE][PASSED] - Delayed 1 second(s)

2022-04-07 14:45:17 - [TEST_STEP][PASSED] - click(findTestObject("Object Repository/Input_Corporate/Input_Konsumen/li_010103 Pertanian  Kehutanan-Pertanian  Pupuk-Importir"), OPTIONAL): Object: 'Object Repository/Input_Corporate/Input_Konsumen/li_010103 Pertanian  Kehutanan-Pertanian  Pupuk-Importir' is clicked on

2022-04-07 14:45:18 - [MESSAGE][PASSED] - Object: 'Object Repository/Input_Corporate/Input_Konsumen/li_010103 Pertanian  Kehutanan-Pertanian  Pupuk-Importir' is clicked on

2022-04-07 14:45:18 - [TEST_STEP][PASSED] - delay(1): Delayed 1 second(s)

2022-04-07 14:45:19 - [MESSAGE][PASSED] - Delayed 1 second(s)

2022-04-07 14:45:19 - [TEST_STEP][PASSED] - setText(findTestObject("Object Repository/Input_Corporate/Input_Konsumen/input_Kode Lokasi Proyek_form"), konsumen_kodeLokasi, OPTIONAL): Text '1213' is set on object 'Object Repository/Input_Corporate/Input_Konsumen/input_Kode Lokasi Proyek_form'

2022-04-07 14:45:20 - [MESSAGE][PASSED] - Text '1213' is set on object 'Object Repository/Input_Corporate/Input_Konsumen/input_Kode Lokasi Proyek_form'

2022-04-07 14:45:20 - [TEST_STEP][PASSED] - delay(1): Delayed 1 second(s)

2022-04-07 14:45:21 - [MESSAGE][PASSED] - Delayed 1 second(s)

2022-04-07 14:45:21 - [TEST_STEP][PASSED] - waitForElementPresent(findTestObject("Object Repository/Input_Corporate/Input_Konsumen/li_1213 - MALANG,KAB"), 100, OPTIONAL): Object 'Object Repository/Input_Corporate/Input_Konsumen/li_1213 - MALANG,KAB' is present

2022-04-07 14:45:22 - [MESSAGE][PASSED] - Object 'Object Repository/Input_Corporate/Input_Konsumen/li_1213 - MALANG,KAB' is present

2022-04-07 14:45:22 - [TEST_STEP][PASSED] - delay(1): Delayed 1 second(s)

2022-04-07 14:45:23 - [MESSAGE][PASSED] - Delayed 1 second(s)

2022-04-07 14:45:23 - [TEST_STEP][PASSED] - click(findTestObject("Object Repository/Input_Corporate/Input_Konsumen/li_1213 - MALANG,KAB"), OPTIONAL): Object: 'Object Repository/Input_Corporate/Input_Konsumen/li_1213 - MALANG,KAB' is clicked on

2022-04-07 14:45:24 - [MESSAGE][PASSED] - Object: 'Object Repository/Input_Corporate/Input_Konsumen/li_1213 - MALANG,KAB' is clicked on

2022-04-07 14:45:24 - [TEST_STEP][PASSED] - delay(1): Delayed 1 second(s)

2022-04-07 14:45:25 - [MESSAGE][PASSED] - Delayed 1 second(s)

2022-04-07 14:45:25 - [TEST_STEP][PASSED] - setText(findTestObject("Object Repository/Input_Corporate/Input_Konsumen/input_Berdiri Sejak Tahun_form-control ng-untouched ng-pristine ng-invalid"), konsumen_tahunBerdiri, OPTIONAL): Text '1995' is set on object 'Object Repository/Input_Corporate/Input_Konsumen/input_Berdiri Sejak Tahun_form-control ng-untouched ng-pristine ng-invalid'

2022-04-07 14:45:26 - [MESSAGE][PASSED] - Text '1995' is set on object 'Object Repository/Input_Corporate/Input_Konsumen/input_Berdiri Sejak Tahun_form-control ng-untouched ng-pristine ng-invalid'

2022-04-07 14:45:26 - [TEST_STEP][PASSED] - delay(1): Delayed 1 second(s)

2022-04-07 14:45:27 - [MESSAGE][PASSED] - Delayed 1 second(s)

2022-04-07 14:45:27 - [TEST_STEP][PASSED] - setText(findTestObject("Object Repository/Input_Corporate/Input_Konsumen/input_Omzet Usaha per Tahun_form-control text-right ng-untouched ng-pristine ng-invalid"), konsumen_omzetUsaha, OPTIONAL): Text '10000000000' is set on object 'Object Repository/Input_Corporate/Input_Konsumen/input_Omzet Usaha per Tahun_form-control text-right ng-untouched ng-pristine ng-invalid'

2022-04-07 14:45:28 - [MESSAGE][PASSED] - Text '10000000000' is set on object 'Object Repository/Input_Corporate/Input_Konsumen/input_Omzet Usaha per Tahun_form-control text-right ng-untouched ng-pristine ng-invalid'

2022-04-07 14:45:28 - [TEST_STEP][PASSED] - delay(1): Delayed 1 second(s)

2022-04-07 14:45:29 - [MESSAGE][PASSED] - Delayed 1 second(s)

2022-04-07 14:45:29 - [TEST_STEP][PASSED] - setText(findTestObject("Object Repository/Input_Corporate/Input_Konsumen/input_No. Rekening BCA_form-control ng-untouched ng-pristine ng-valid"), konsumen_noRekBCA, OPTIONAL): Text '413514512' is set on object 'Object Repository/Input_Corporate/Input_Konsumen/input_No. Rekening BCA_form-control ng-untouched ng-pristine ng-valid'

2022-04-07 14:45:31 - [MESSAGE][PASSED] - Text '413514512' is set on object 'Object Repository/Input_Corporate/Input_Konsumen/input_No. Rekening BCA_form-control ng-untouched ng-pristine ng-valid'

2022-04-07 14:45:31 - [TEST_STEP][PASSED] - delay(1): Delayed 1 second(s)

2022-04-07 14:45:32 - [MESSAGE][PASSED] - Delayed 1 second(s)

2022-04-07 14:45:32 - [TEST_STEP][PASSED] - setText(findTestObject("Object Repository/Input_Corporate/Input_Konsumen/input_Alamat Perusahaan_form-control ng-untouched ng-pristine ng-invalid"), konsumen_alamatPT, OPTIONAL): Text 'Jakarta, No. 45' is set on object 'Object Repository/Input_Corporate/Input_Konsumen/input_Alamat Perusahaan_form-control ng-untouched ng-pristine ng-invalid'

2022-04-07 14:45:33 - [MESSAGE][PASSED] - Text 'Jakarta, No. 45' is set on object 'Object Repository/Input_Corporate/Input_Konsumen/input_Alamat Perusahaan_form-control ng-untouched ng-pristine ng-invalid'

2022-04-07 14:45:33 - [TEST_STEP][PASSED] - delay(1): Delayed 1 second(s)

2022-04-07 14:45:34 - [MESSAGE][PASSED] - Delayed 1 second(s)

2022-04-07 14:45:34 - [TEST_STEP][PASSED] - setText(findTestObject("Object Repository/Input_Corporate/Input_Konsumen/input_Provinsi_form-control bcaf-autocomplete ng-untouched ng-pristine ng-invalid"), konsumen_provinsi, OPTIONAL): Text 'JAWA TIMUR' is set on object 'Object Repository/Input_Corporate/Input_Konsumen/input_Provinsi_form-control bcaf-autocomplete ng-untouched ng-pristine ng-invalid'

2022-04-07 14:45:35 - [MESSAGE][PASSED] - Text 'JAWA TIMUR' is set on object 'Object Repository/Input_Corporate/Input_Konsumen/input_Provinsi_form-control bcaf-autocomplete ng-untouched ng-pristine ng-invalid'

2022-04-07 14:45:35 - [TEST_STEP][PASSED] - delay(1): Delayed 1 second(s)

2022-04-07 14:45:36 - [MESSAGE][PASSED] - Delayed 1 second(s)

2022-04-07 14:45:36 - [TEST_STEP][PASSED] - waitForElementPresent(findTestObject("Object Repository/Input_Corporate/Input_Konsumen/li_JAWA TIMUR"), 100, OPTIONAL): Object 'Object Repository/Input_Corporate/Input_Konsumen/li_JAWA TIMUR' is present

2022-04-07 14:45:37 - [MESSAGE][PASSED] - Object 'Object Repository/Input_Corporate/Input_Konsumen/li_JAWA TIMUR' is present

2022-04-07 14:45:37 - [TEST_STEP][PASSED] - delay(1): Delayed 1 second(s)

2022-04-07 14:45:38 - [MESSAGE][PASSED] - Delayed 1 second(s)

2022-04-07 14:45:38 - [TEST_STEP][PASSED] - click(findTestObject("Object Repository/Input_Corporate/Input_Konsumen/li_JAWA TIMUR"), OPTIONAL): Object: 'Object Repository/Input_Corporate/Input_Konsumen/li_JAWA TIMUR' is clicked on

2022-04-07 14:45:38 - [MESSAGE][PASSED] - Object: 'Object Repository/Input_Corporate/Input_Konsumen/li_JAWA TIMUR' is clicked on

2022-04-07 14:45:38 - [TEST_STEP][PASSED] - delay(1): Delayed 1 second(s)

2022-04-07 14:45:39 - [MESSAGE][PASSED] - Delayed 1 second(s)

2022-04-07 14:45:39 - [TEST_STEP][PASSED] - setText(findTestObject("Object Repository/Input_Corporate/Input_Konsumen/input_KabKota_form-control bcaf-autocomplete ng-untouched ng-pristine ng-invalid"), konsumen_kabKota, OPTIONAL): Text 'Malang' is set on object 'Object Repository/Input_Corporate/Input_Konsumen/input_KabKota_form-control bcaf-autocomplete ng-untouched ng-pristine ng-invalid'

2022-04-07 14:45:40 - [MESSAGE][PASSED] - Text 'Malang' is set on object 'Object Repository/Input_Corporate/Input_Konsumen/input_KabKota_form-control bcaf-autocomplete ng-untouched ng-pristine ng-invalid'

2022-04-07 14:45:40 - [TEST_STEP][PASSED] - delay(1): Delayed 1 second(s)

2022-04-07 14:45:41 - [MESSAGE][PASSED] - Delayed 1 second(s)

2022-04-07 14:45:41 - [TEST_STEP][PASSED] - waitForElementPresent(findTestObject("Object Repository/Input_Corporate/Input_Konsumen/li_MALANG"), 100, OPTIONAL): Object 'Object Repository/Input_Corporate/Input_Konsumen/li_MALANG' is present

2022-04-07 14:45:42 - [MESSAGE][PASSED] - Object 'Object Repository/Input_Corporate/Input_Konsumen/li_MALANG' is present

2022-04-07 14:45:42 - [TEST_STEP][PASSED] - delay(1): Delayed 1 second(s)

2022-04-07 14:45:43 - [MESSAGE][PASSED] - Delayed 1 second(s)

2022-04-07 14:45:43 - [TEST_STEP][PASSED] - click(findTestObject("Object Repository/Input_Corporate/Input_Konsumen/li_MALANG"), OPTIONAL): Object: 'Object Repository/Input_Corporate/Input_Konsumen/li_MALANG' is clicked on

2022-04-07 14:45:44 - [MESSAGE][PASSED] - Object: 'Object Repository/Input_Corporate/Input_Konsumen/li_MALANG' is clicked on

2022-04-07 14:45:44 - [TEST_STEP][PASSED] - delay(1): Delayed 1 second(s)

2022-04-07 14:45:45 - [MESSAGE][PASSED] - Delayed 1 second(s)

2022-04-07 14:45:45 - [TEST_STEP][PASSED] - setText(findTestObject("Object Repository/Input_Corporate/Input_Konsumen/input_Kecamatan_form-control bcaf-autocomplete ng-untouched ng-pristine ng-invalid"), konsumen_kecamantan, OPTIONAL): Text 'lowokwaru' is set on object 'Object Repository/Input_Corporate/Input_Konsumen/input_Kecamatan_form-control bcaf-autocomplete ng-untouched ng-pristine ng-invalid'

2022-04-07 14:45:46 - [MESSAGE][PASSED] - Text 'lowokwaru' is set on object 'Object Repository/Input_Corporate/Input_Konsumen/input_Kecamatan_form-control bcaf-autocomplete ng-untouched ng-pristine ng-invalid'

2022-04-07 14:45:46 - [TEST_STEP][PASSED] - delay(1): Delayed 1 second(s)

2022-04-07 14:45:47 - [MESSAGE][PASSED] - Delayed 1 second(s)

2022-04-07 14:45:47 - [TEST_STEP][PASSED] - waitForElementPresent(findTestObject("Object Repository/Input_Corporate/Input_Konsumen/li_LOWOKWARU"), 0, OPTIONAL): Object 'Object Repository/Input_Corporate/Input_Konsumen/li_LOWOKWARU' is present

2022-04-07 14:45:47 - [MESSAGE][WARNING] - Timeout '0' is invalid. Using default page load timeout: '30'

2022-04-07 14:45:47 - [MESSAGE][PASSED] - Object 'Object Repository/Input_Corporate/Input_Konsumen/li_LOWOKWARU' is present

2022-04-07 14:45:47 - [TEST_STEP][PASSED] - delay(1): Delayed 1 second(s)

2022-04-07 14:45:48 - [MESSAGE][PASSED] - Delayed 1 second(s)

2022-04-07 14:45:48 - [TEST_STEP][PASSED] - click(findTestObject("Object Repository/Input_Corporate/Input_Konsumen/li_LOWOKWARU"), OPTIONAL): Object: 'Object Repository/Input_Corporate/Input_Konsumen/li_LOWOKWARU' is clicked on

2022-04-07 14:45:49 - [MESSAGE][PASSED] - Object: 'Object Repository/Input_Corporate/Input_Konsumen/li_LOWOKWARU' is clicked on

2022-04-07 14:45:49 - [TEST_STEP][PASSED] - delay(1): Delayed 1 second(s)

2022-04-07 14:45:50 - [MESSAGE][PASSED] - Delayed 1 second(s)

2022-04-07 14:45:50 - [TEST_STEP][PASSED] - setText(findTestObject("Object Repository/Input_Corporate/Input_Konsumen/input_Kelurahan_form-control bcaf-autocomplete ng-untouched ng-pristine ng-invalid"), konsumen_kelurahan, OPTIONAL): Text 'ketawanggede' is set on object 'Object Repository/Input_Corporate/Input_Konsumen/input_Kelurahan_form-control bcaf-autocomplete ng-untouched ng-pristine ng-invalid'

2022-04-07 14:45:51 - [MESSAGE][PASSED] - Text 'ketawanggede' is set on object 'Object Repository/Input_Corporate/Input_Konsumen/input_Kelurahan_form-control bcaf-autocomplete ng-untouched ng-pristine ng-invalid'

2022-04-07 14:45:51 - [TEST_STEP][PASSED] - delay(1): Delayed 1 second(s)

2022-04-07 14:45:52 - [MESSAGE][PASSED] - Delayed 1 second(s)

2022-04-07 14:45:52 - [TEST_STEP][PASSED] - waitForElementPresent(findTestObject("Object Repository/Input_Corporate/Input_Konsumen/li_KETAWANGGEDE"), 100, OPTIONAL): Object 'Object Repository/Input_Corporate/Input_Konsumen/li_KETAWANGGEDE' is present

2022-04-07 14:45:53 - [MESSAGE][PASSED] - Object 'Object Repository/Input_Corporate/Input_Konsumen/li_KETAWANGGEDE' is present

2022-04-07 14:45:53 - [TEST_STEP][PASSED] - delay(1): Delayed 1 second(s)

2022-04-07 14:45:54 - [MESSAGE][PASSED] - Delayed 1 second(s)

2022-04-07 14:45:54 - [TEST_STEP][PASSED] - click(findTestObject("Object Repository/Input_Corporate/Input_Konsumen/li_KETAWANGGEDE"), OPTIONAL): Object: 'Object Repository/Input_Corporate/Input_Konsumen/li_KETAWANGGEDE' is clicked on

2022-04-07 14:45:54 - [MESSAGE][PASSED] - Object: 'Object Repository/Input_Corporate/Input_Konsumen/li_KETAWANGGEDE' is clicked on

2022-04-07 14:45:54 - [TEST_STEP][PASSED] - delay(1): Delayed 1 second(s)

2022-04-07 14:45:55 - [MESSAGE][PASSED] - Delayed 1 second(s)

2022-04-07 14:45:55 - [TEST_STEP][PASSED] - setText(findTestObject("Object Repository/Input_Corporate/Input_Konsumen/input_Kode Pos_form-control bcaf-autocomplete ng-untouched ng-pristine ng-invalid"), konsumen_kodePos, OPTIONAL): Text '65145' is set on object 'Object Repository/Input_Corporate/Input_Konsumen/input_Kode Pos_form-control bcaf-autocomplete ng-untouched ng-pristine ng-invalid'

2022-04-07 14:45:56 - [MESSAGE][PASSED] - Text '65145' is set on object 'Object Repository/Input_Corporate/Input_Konsumen/input_Kode Pos_form-control bcaf-autocomplete ng-untouched ng-pristine ng-invalid'

2022-04-07 14:45:56 - [TEST_STEP][PASSED] - delay(1): Delayed 1 second(s)

2022-04-07 14:45:57 - [MESSAGE][PASSED] - Delayed 1 second(s)

2022-04-07 14:45:57 - [TEST_STEP][PASSED] - waitForElementPresent(findTestObject("Object Repository/Input_Corporate/Input_Konsumen/li_65145"), 100, OPTIONAL): Object 'Object Repository/Input_Corporate/Input_Konsumen/li_65145' is present

2022-04-07 14:45:58 - [MESSAGE][PASSED] - Object 'Object Repository/Input_Corporate/Input_Konsumen/li_65145' is present

2022-04-07 14:45:58 - [TEST_STEP][PASSED] - delay(1): Delayed 1 second(s)

2022-04-07 14:45:59 - [MESSAGE][PASSED] - Delayed 1 second(s)

2022-04-07 14:45:59 - [TEST_STEP][PASSED] - click(findTestObject("Object Repository/Input_Corporate/Input_Konsumen/li_65145"), OPTIONAL): Object: 'Object Repository/Input_Corporate/Input_Konsumen/li_65145' is clicked on

2022-04-07 14:45:59 - [MESSAGE][PASSED] - Object: 'Object Repository/Input_Corporate/Input_Konsumen/li_65145' is clicked on

2022-04-07 14:45:59 - [TEST_STEP][PASSED] - delay(1): Delayed 1 second(s)

2022-04-07 14:46:00 - [MESSAGE][PASSED] - Delayed 1 second(s)

2022-04-07 14:46:00 - [TEST_STEP][PASSED] - takeFullPageScreenshotAsCheckpoint(userDir + sprint4WebScreenshootPath + "scenario-3-Input-data-FAP.png"): Taking screenshot successfully

2022-04-07 14:46:02 - [MESSAGE][INFO] - 0 hidden object(s)

2022-04-07 14:46:02 - [MESSAGE][PASSED] - Taking screenshot successfully
[[ATTACHMENT|C:\Users\Nia Yusniati\Git_Asa\BCAF_MEAPP_i3\Screenshoot\Sprint4\Web\keyes\keyes-scenario-3-Input-data-FAP.png]]

2022-04-07 14:46:02 - [TEST_STEP][PASSED] - markPassed("scenario 3 - Input data FAP"): scenario 3 - Input data FAP

2022-04-07 14:46:02 - [MESSAGE][PASSED] - scenario 3 - Input data FAP

2022-04-07 14:46:02 - [TEST_STEP][PASSED] - delay(1): Delayed 1 second(s)

2022-04-07 14:46:03 - [MESSAGE][PASSED] - Delayed 1 second(s)

2022-04-07 14:46:03 - [TEST_STEP][PASSED] - scrollToElement(findTestObject("Object Repository/Input_Corporate/Input_Konsumen/i_Fax 2_ri-arrow-right-line"), 60, OPTIONAL): Scroll to object 'Object Repository/Input_Corporate/Input_Konsumen/i_Fax 2_ri-arrow-right-line' successfully

2022-04-07 14:46:03 - [MESSAGE][PASSED] - Scroll to object 'Object Repository/Input_Corporate/Input_Konsumen/i_Fax 2_ri-arrow-right-line' successfully

2022-04-07 14:46:03 - [TEST_STEP][PASSED] - click(findTestObject("Object Repository/Input_Corporate/Input_Konsumen/input_Alamat Pengiriman Surat  Alamat Perusahaan_isAlamatPengirimanSurat"), OPTIONAL): Unable to click on object 'Object Repository/Input_Corporate/Input_Konsumen/input_Alamat Pengiriman Surat  Alamat Perusahaan_isAlamatPengirimanSurat' (Root cause: com.kms.katalon.core.exception.StepFailedException: Unable to click on object 'Object Repository/Input_Corporate/Input_Konsumen/input_Alamat Pengiriman Surat  Alamat Perusahaan_isAlamatPengirimanSurat'
	at com.kms.katalon.core.webui.keyword.internal.WebUIKeywordMain.stepFailed(WebUIKeywordMain.groovy:64)
	at com.kms.katalon.core.webui.keyword.internal.WebUIKeywordMain.runKeyword(WebUIKeywordMain.groovy:26)
	at com.kms.katalon.core.webui.keyword.builtin.ClickKeyword.click(ClickKeyword.groovy:75)
	at com.kms.katalon.core.webui.keyword.builtin.ClickKeyword.execute(ClickKeyword.groovy:42)
	at com.kms.katalon.core.keyword.internal.KeywordExecutor.executeKeywordForPlatform(KeywordExecutor.groovy:74)
	at com.kms.katalon.core.webui.keyword.WebUiBuiltInKeywords.click(WebUiBuiltInKeywords.groovy:608)
	at com.kms.katalon.core.webui.keyword.WebUiBuiltInKeywords$click$10.call(Unknown Source)
	at 03-02-Transaction-AppPending-InputCorporate.run(03-02-Transaction-AppPending-InputCorporate:294)
	at com.kms.katalon.core.main.ScriptEngine.run(ScriptEngine.java:194)
	at com.kms.katalon.core.main.ScriptEngine.runScriptAsRawText(ScriptEngine.java:119)
	at com.kms.katalon.core.main.TestCaseExecutor.runScript(TestCaseExecutor.java:430)
	at com.kms.katalon.core.main.TestCaseExecutor.doExecute(TestCaseExecutor.java:421)
	at com.kms.katalon.core.main.TestCaseExecutor.processExecutionPhase(TestCaseExecutor.java:400)
	at com.kms.katalon.core.main.TestCaseExecutor.accessMainPhase(TestCaseExecutor.java:392)
	at com.kms.katalon.core.main.TestCaseExecutor.execute(TestCaseExecutor.java:273)
	at com.kms.katalon.core.main.TestSuiteExecutor.accessTestCaseMainPhase(TestSuiteExecutor.java:202)
	at com.kms.katalon.core.main.TestSuiteExecutor.accessTestSuiteMainPhase(TestSuiteExecutor.java:164)
	at com.kms.katalon.core.main.TestSuiteExecutor.execute(TestSuiteExecutor.java:105)
	at com.kms.katalon.core.main.TestCaseMain.startTestSuite(TestCaseMain.java:185)
	at com.kms.katalon.core.main.TestCaseMain$startTestSuite$0.call(Unknown Source)
	at TempTestSuite1649317294040.run(TempTestSuite1649317294040.groovy:36)
Caused by: org.openqa.selenium.ElementClickInterceptedException: element click intercepted: Element <input _ngcontent-gxq-c99="" formcontrolname="isAlamatPengirimanSurat" id="radio-perorangan" type="radio" value="ya" name="isAlamatPengirimanSurat" class="form-check-input ng-untouched ng-pristine ng-valid"> is not clickable at point (312, 7). Other element would receive the click: <header _ngcontent-gxq-c84="" id="mainHeader" class="c-header c-header-light c-header-fixed">...</header>
  (Session info: chrome=99.0.4844.84)
Build info: version: '3.141.59', revision: 'e82be7d358', time: '2018-11-14T08:25:53'
System info: host: 'APANDI', ip: '192.168.250.25', os.name: 'Windows 10', os.arch: 'amd64', os.version: '10.0', java.version: '1.8.0_282'
Driver info: com.kms.katalon.selenium.driver.CChromeDriver
Capabilities {acceptInsecureCerts: false, browserName: chrome, browserVersion: 99.0.4844.84, chrome: {chromedriverVersion: 99.0.4844.51 (d537ec02474b5..., userDataDir: C:\Users\NIAYUS~1\AppData\L...}, goog:chromeOptions: {debuggerAddress: localhost:64541}, javascriptEnabled: true, networkConnectionEnabled: false, pageLoadStrategy: normal, platform: WINDOWS, platformName: WINDOWS, proxy: Proxy(), setWindowRect: true, strictFileInteractability: false, timeouts: {implicit: 0, pageLoad: 300000, script: 30000}, unhandledPromptBehavior: dismiss and notify, webauthn:extension:credBlob: true, webauthn:extension:largeBlob: true, webauthn:virtualAuthenticators: true}
Session ID: 1e4a4d31e0abcb309ba9b5a3fbce7d54
	at org.openqa.selenium.remote.http.W3CHttpResponseCodec.createException(W3CHttpResponseCodec.java:187)
	at org.openqa.selenium.remote.http.W3CHttpResponseCodec.decode(W3CHttpResponseCodec.java:122)
	at org.openqa.selenium.remote.http.W3CHttpResponseCodec.decode(W3CHttpResponseCodec.java:49)
	at org.openqa.selenium.remote.HttpCommandExecutor.execute(HttpCommandExecutor.java:158)
	at org.openqa.selenium.remote.service.DriverCommandExecutor.execute(DriverCommandExecutor.java:83)
	at org.openqa.selenium.remote.RemoteWebDriver.execute(RemoteWebDriver.java:552)
	at com.kms.katalon.selenium.driver.CChromeDriver.execute(CChromeDriver.java:19)
	at org.openqa.selenium.remote.RemoteWebElement.execute(RemoteWebElement.java:285)
	at org.openqa.selenium.remote.RemoteWebElement.click(RemoteWebElement.java:84)
	at org.openqa.selenium.support.events.EventFiringWebDriver$EventFiringWebElement.lambda$new$0(EventFiringWebDriver.java:404)
	at com.sun.proxy.$Proxy11.click(Unknown Source)
	at org.openqa.selenium.support.events.EventFiringWebDriver$EventFiringWebElement.click(EventFiringWebDriver.java:417)
	at com.kms.katalon.core.webui.keyword.builtin.ClickKeyword$_click_closure1.doCall(ClickKeyword.groovy:68)
	at com.kms.katalon.core.webui.keyword.builtin.ClickKeyword$_click_closure1.call(ClickKeyword.groovy)
	at com.kms.katalon.core.webui.keyword.internal.WebUIKeywordMain.runKeyword(WebUIKeywordMain.groovy:20)
	at com.kms.katalon.core.webui.keyword.builtin.ClickKeyword.click(ClickKeyword.groovy:75)
	at com.kms.katalon.core.webui.keyword.builtin.ClickKeyword.execute(ClickKeyword.groovy:42)
	at com.kms.katalon.core.keyword.internal.KeywordExecutor.executeKeywordForPlatform(KeywordExecutor.groovy:74)
	at com.kms.katalon.core.webui.keyword.WebUiBuiltInKeywords.click(WebUiBuiltInKeywords.groovy:608)
	at com.kms.katalon.core.webui.keyword.WebUiBuiltInKeywords$click$10.call(Unknown Source)
	at Script1647432020843.run(Script1647432020843.groovy:294)
	... 13 more
)

2022-04-07 14:46:05 - [MESSAGE][WARNING] - Unable to click on object 'Object Repository/Input_Corporate/Input_Konsumen/input_Alamat Pengiriman Surat  Alamat Perusahaan_isAlamatPengirimanSurat' (Root cause: com.kms.katalon.core.exception.StepFailedException: Unable to click on object 'Object Repository/Input_Corporate/Input_Konsumen/input_Alamat Pengiriman Surat  Alamat Perusahaan_isAlamatPengirimanSurat'
	at com.kms.katalon.core.webui.keyword.internal.WebUIKeywordMain.stepFailed(WebUIKeywordMain.groovy:64)
	at com.kms.katalon.core.webui.keyword.internal.WebUIKeywordMain.runKeyword(WebUIKeywordMain.groovy:26)
	at com.kms.katalon.core.webui.keyword.builtin.ClickKeyword.click(ClickKeyword.groovy:75)
	at com.kms.katalon.core.webui.keyword.builtin.ClickKeyword.execute(ClickKeyword.groovy:42)
	at com.kms.katalon.core.keyword.internal.KeywordExecutor.executeKeywordForPlatform(KeywordExecutor.groovy:74)
	at com.kms.katalon.core.webui.keyword.WebUiBuiltInKeywords.click(WebUiBuiltInKeywords.groovy:608)
	at com.kms.katalon.core.webui.keyword.WebUiBuiltInKeywords$click$10.call(Unknown Source)
	at 03-02-Transaction-AppPending-InputCorporate.run(03-02-Transaction-AppPending-InputCorporate:294)
	at com.kms.katalon.core.main.ScriptEngine.run(ScriptEngine.java:194)
	at com.kms.katalon.core.main.ScriptEngine.runScriptAsRawText(ScriptEngine.java:119)
	at com.kms.katalon.core.main.TestCaseExecutor.runScript(TestCaseExecutor.java:430)
	at com.kms.katalon.core.main.TestCaseExecutor.doExecute(TestCaseExecutor.java:421)
	at com.kms.katalon.core.main.TestCaseExecutor.processExecutionPhase(TestCaseExecutor.java:400)
	at com.kms.katalon.core.main.TestCaseExecutor.accessMainPhase(TestCaseExecutor.java:392)
	at com.kms.katalon.core.main.TestCaseExecutor.execute(TestCaseExecutor.java:273)
	at com.kms.katalon.core.main.TestSuiteExecutor.accessTestCaseMainPhase(TestSuiteExecutor.java:202)
	at com.kms.katalon.core.main.TestSuiteExecutor.accessTestSuiteMainPhase(TestSuiteExecutor.java:164)
	at com.kms.katalon.core.main.TestSuiteExecutor.execute(TestSuiteExecutor.java:105)
	at com.kms.katalon.core.main.TestCaseMain.startTestSuite(TestCaseMain.java:185)
	at com.kms.katalon.core.main.TestCaseMain$startTestSuite$0.call(Unknown Source)
	at TempTestSuite1649317294040.run(TempTestSuite1649317294040.groovy:36)
Caused by: org.openqa.selenium.ElementClickInterceptedException: element click intercepted: Element <input _ngcontent-gxq-c99="" formcontrolname="isAlamatPengirimanSurat" id="radio-perorangan" type="radio" value="ya" name="isAlamatPengirimanSurat" class="form-check-input ng-untouched ng-pristine ng-valid"> is not clickable at point (312, 7). Other element would receive the click: <header _ngcontent-gxq-c84="" id="mainHeader" class="c-header c-header-light c-header-fixed">...</header>
  (Session info: chrome=99.0.4844.84)
Build info: version: '3.141.59', revision: 'e82be7d358', time: '2018-11-14T08:25:53'
System info: host: 'APANDI', ip: '192.168.250.25', os.name: 'Windows 10', os.arch: 'amd64', os.version: '10.0', java.version: '1.8.0_282'
Driver info: com.kms.katalon.selenium.driver.CChromeDriver
Capabilities {acceptInsecureCerts: false, browserName: chrome, browserVersion: 99.0.4844.84, chrome: {chromedriverVersion: 99.0.4844.51 (d537ec02474b5..., userDataDir: C:\Users\NIAYUS~1\AppData\L...}, goog:chromeOptions: {debuggerAddress: localhost:64541}, javascriptEnabled: true, networkConnectionEnabled: false, pageLoadStrategy: normal, platform: WINDOWS, platformName: WINDOWS, proxy: Proxy(), setWindowRect: true, strictFileInteractability: false, timeouts: {implicit: 0, pageLoad: 300000, script: 30000}, unhandledPromptBehavior: dismiss and notify, webauthn:extension:credBlob: true, webauthn:extension:largeBlob: true, webauthn:virtualAuthenticators: true}
Session ID: 1e4a4d31e0abcb309ba9b5a3fbce7d54
	at org.openqa.selenium.remote.http.W3CHttpResponseCodec.createException(W3CHttpResponseCodec.java:187)
	at org.openqa.selenium.remote.http.W3CHttpResponseCodec.decode(W3CHttpResponseCodec.java:122)
	at org.openqa.selenium.remote.http.W3CHttpResponseCodec.decode(W3CHttpResponseCodec.java:49)
	at org.openqa.selenium.remote.HttpCommandExecutor.execute(HttpCommandExecutor.java:158)
	at org.openqa.selenium.remote.service.DriverCommandExecutor.execute(DriverCommandExecutor.java:83)
	at org.openqa.selenium.remote.RemoteWebDriver.execute(RemoteWebDriver.java:552)
	at com.kms.katalon.selenium.driver.CChromeDriver.execute(CChromeDriver.java:19)
	at org.openqa.selenium.remote.RemoteWebElement.execute(RemoteWebElement.java:285)
	at org.openqa.selenium.remote.RemoteWebElement.click(RemoteWebElement.java:84)
	at org.openqa.selenium.support.events.EventFiringWebDriver$EventFiringWebElement.lambda$new$0(EventFiringWebDriver.java:404)
	at com.sun.proxy.$Proxy11.click(Unknown Source)
	at org.openqa.selenium.support.events.EventFiringWebDriver$EventFiringWebElement.click(EventFiringWebDriver.java:417)
	at com.kms.katalon.core.webui.keyword.builtin.ClickKeyword$_click_closure1.doCall(ClickKeyword.groovy:68)
	at com.kms.katalon.core.webui.keyword.builtin.ClickKeyword$_click_closure1.call(ClickKeyword.groovy)
	at com.kms.katalon.core.webui.keyword.internal.WebUIKeywordMain.runKeyword(WebUIKeywordMain.groovy:20)
	at com.kms.katalon.core.webui.keyword.builtin.ClickKeyword.click(ClickKeyword.groovy:75)
	at com.kms.katalon.core.webui.keyword.builtin.ClickKeyword.execute(ClickKeyword.groovy:42)
	at com.kms.katalon.core.keyword.internal.KeywordExecutor.executeKeywordForPlatform(KeywordExecutor.groovy:74)
	at com.kms.katalon.core.webui.keyword.WebUiBuiltInKeywords.click(WebUiBuiltInKeywords.groovy:608)
	at com.kms.katalon.core.webui.keyword.WebUiBuiltInKeywords$click$10.call(Unknown Source)
	at Script1647432020843.run(Script1647432020843.groovy:294)
	... 13 more
)
[[ATTACHMENT|C:\\Users\\Nia Yusniati\\Git_Asa\\BCAF_MEAPP_i3\\Reports\\20220407_144134\\Skenario_3\\S3\\20220407_144134\\1649317565447.png]]

2022-04-07 14:46:05 - [TEST_STEP][PASSED] - delay(1): Delayed 1 second(s)

2022-04-07 14:46:06 - [MESSAGE][PASSED] - Delayed 1 second(s)

2022-04-07 14:46:06 - [TEST_STEP][PASSED] - setText(findTestObject("Object Repository/Input_Corporate/Input_Konsumen/input_Email_form-control ng-untouched ng-pristine ng-valid"), konsumen_email, OPTIONAL): Text 'contoh@gmail.com' is set on object 'Object Repository/Input_Corporate/Input_Konsumen/input_Email_form-control ng-untouched ng-pristine ng-valid'

2022-04-07 14:46:07 - [MESSAGE][PASSED] - Text 'contoh@gmail.com' is set on object 'Object Repository/Input_Corporate/Input_Konsumen/input_Email_form-control ng-untouched ng-pristine ng-valid'

2022-04-07 14:46:07 - [TEST_STEP][PASSED] - delay(1): Delayed 1 second(s)

2022-04-07 14:46:08 - [MESSAGE][PASSED] - Delayed 1 second(s)

2022-04-07 14:46:08 - [TEST_STEP][PASSED] - setText(findTestObject("Object Repository/Input_Corporate/Input_Konsumen/input_Telepon 1_form-control ng-untouched ng-pristine ng-valid"), konsumen_telepon1, OPTIONAL): Text '089773662555' is set on object 'Object Repository/Input_Corporate/Input_Konsumen/input_Telepon 1_form-control ng-untouched ng-pristine ng-valid'

2022-04-07 14:46:09 - [MESSAGE][PASSED] - Text '089773662555' is set on object 'Object Repository/Input_Corporate/Input_Konsumen/input_Telepon 1_form-control ng-untouched ng-pristine ng-valid'

2022-04-07 14:46:09 - [TEST_STEP][PASSED] - delay(1): Delayed 1 second(s)

2022-04-07 14:46:10 - [MESSAGE][PASSED] - Delayed 1 second(s)

2022-04-07 14:46:10 - [TEST_STEP][PASSED] - takeFullPageScreenshotAsCheckpoint(userDir + sprint4WebScreenshootPath + "scenario-3-Input-data-alamat-pengirim-surat.png"): Taking screenshot successfully

2022-04-07 14:46:12 - [MESSAGE][INFO] - 0 hidden object(s)

2022-04-07 14:46:12 - [MESSAGE][PASSED] - Taking screenshot successfully
[[ATTACHMENT|C:\Users\Nia Yusniati\Git_Asa\BCAF_MEAPP_i3\Screenshoot\Sprint4\Web\keyes\keyes-scenario-3-Input-data-alamat-pengirim-surat.png]]

2022-04-07 14:46:12 - [TEST_STEP][PASSED] - markPassed("scenario 3 - Input data alamat pengirim surat"): scenario 3 - Input data alamat pengirim surat

2022-04-07 14:46:12 - [MESSAGE][PASSED] - scenario 3 - Input data alamat pengirim surat

2022-04-07 14:46:12 - [TEST_STEP][PASSED] - scrollToPosition(0, 0, OPTIONAL): Browser is scrolled to position x = 0, y = 0

2022-04-07 14:46:12 - [MESSAGE][PASSED] - Browser is scrolled to position x = 0, y = 0

2022-04-07 14:46:12 - [TEST_STEP][PASSED] - delay(2): Delayed 2 second(s)

2022-04-07 14:46:14 - [MESSAGE][PASSED] - Delayed 2 second(s)

2022-04-07 14:46:14 - [TEST_STEP][PASSED] - delay(1): Delayed 1 second(s)

2022-04-07 14:46:15 - [MESSAGE][PASSED] - Delayed 1 second(s)

2022-04-07 14:46:15 - [TEST_STEP][PASSED] - click(findTestObject("Input_Corporate/Pengurus/1_a_Pengurus"), OPTIONAL): Object: 'Object Repository/Input_Corporate/Pengurus/1_a_Pengurus' is clicked on

2022-04-07 14:46:16 - [MESSAGE][PASSED] - Object: 'Object Repository/Input_Corporate/Pengurus/1_a_Pengurus' is clicked on

2022-04-07 14:46:16 - [TEST_STEP][PASSED] - delay(1): Delayed 1 second(s)

2022-04-07 14:46:17 - [MESSAGE][PASSED] - Delayed 1 second(s)

2022-04-07 14:46:17 - [TEST_STEP][PASSED] - takeFullPageScreenshotAsCheckpoint(userDir + sprint4WebScreenshootPath + "scenario-3-Input-data-pengurus.png"): Taking screenshot successfully

2022-04-07 14:46:18 - [MESSAGE][INFO] - 0 hidden object(s)

2022-04-07 14:46:18 - [MESSAGE][PASSED] - Taking screenshot successfully
[[ATTACHMENT|C:\Users\Nia Yusniati\Git_Asa\BCAF_MEAPP_i3\Screenshoot\Sprint4\Web\keyes\keyes-scenario-3-Input-data-pengurus.png]]

2022-04-07 14:46:18 - [TEST_STEP][PASSED] - markPassed("scenario 3 - Input data pengurus"): scenario 3 - Input data pengurus

2022-04-07 14:46:18 - [MESSAGE][PASSED] - scenario 3 - Input data pengurus

2022-04-07 14:46:18 - [TEST_STEP][PASSED] - delay(1): Delayed 1 second(s)

2022-04-07 14:46:19 - [MESSAGE][PASSED] - Delayed 1 second(s)

2022-04-07 14:46:19 - [TEST_STEP][PASSED] - click(findTestObject("Input_Corporate/Pengurus/2_i_Add_ri-file-add-line ( Add_Pengurus )"), OPTIONAL): Object: 'Object Repository/Input_Corporate/Pengurus/2_i_Add_ri-file-add-line ( Add_Pengurus )' is clicked on

2022-04-07 14:46:20 - [MESSAGE][PASSED] - Object: 'Object Repository/Input_Corporate/Pengurus/2_i_Add_ri-file-add-line ( Add_Pengurus )' is clicked on

2022-04-07 14:46:20 - [TEST_STEP][PASSED] - delay(1): Delayed 1 second(s)

2022-04-07 14:46:21 - [MESSAGE][PASSED] - Delayed 1 second(s)

2022-04-07 14:46:21 - [TEST_STEP][PASSED] - click(findTestObject("Input_Corporate/Pengurus/3_button_Pengurus 1"), OPTIONAL): Object: 'Object Repository/Input_Corporate/Pengurus/3_button_Pengurus 1' is clicked on

2022-04-07 14:46:21 - [MESSAGE][PASSED] - Object: 'Object Repository/Input_Corporate/Pengurus/3_button_Pengurus 1' is clicked on

2022-04-07 14:46:21 - [TEST_STEP][PASSED] - delay(1): Delayed 1 second(s)

2022-04-07 14:46:22 - [MESSAGE][PASSED] - Delayed 1 second(s)

2022-04-07 14:46:22 - [TEST_STEP][PASSED] - takeFullPageScreenshotAsCheckpoint(userDir + sprint4WebScreenshootPath + "scenario-3-Masuk-submenu-data-pengurus-1.png"): Taking screenshot successfully

2022-04-07 14:46:23 - [MESSAGE][INFO] - 0 hidden object(s)

2022-04-07 14:46:24 - [MESSAGE][PASSED] - Taking screenshot successfully
[[ATTACHMENT|C:\Users\Nia Yusniati\Git_Asa\BCAF_MEAPP_i3\Screenshoot\Sprint4\Web\keyes\keyes-scenario-3-Masuk-submenu-data-pengurus-1.png]]

2022-04-07 14:46:24 - [TEST_STEP][PASSED] - markPassed("scenario 3 - Masuk submenu data pengurus 1"): scenario 3 - Masuk submenu data pengurus 1

2022-04-07 14:46:24 - [MESSAGE][PASSED] - scenario 3 - Masuk submenu data pengurus 1

2022-04-07 14:46:24 - [TEST_STEP][PASSED] - delay(1): Delayed 1 second(s)

2022-04-07 14:46:25 - [MESSAGE][PASSED] - Delayed 1 second(s)

2022-04-07 14:46:25 - [TEST_STEP][PASSED] - click(findTestObject("Input_Corporate/Pengurus/4_a_Capture File"), OPTIONAL): Object: 'Object Repository/Input_Corporate/Pengurus/4_a_Capture File' is clicked on

2022-04-07 14:46:26 - [MESSAGE][PASSED] - Object: 'Object Repository/Input_Corporate/Pengurus/4_a_Capture File' is clicked on

2022-04-07 14:46:26 - [TEST_STEP][PASSED] - delay(1): Delayed 1 second(s)

2022-04-07 14:46:27 - [MESSAGE][PASSED] - Delayed 1 second(s)

2022-04-07 14:46:27 - [TEST_STEP][PASSED] - uploadFile(findTestObject("Input_Corporate/Capture_"), userDir + cobaKTP, OPTIONAL): File 'C:/Users/Nia Yusniati/Git_Asa/BCAF_MEAPP_i3/Assets/ktp_dummy.png' sent to object: 'Object Repository/Input_Corporate/Capture_'

2022-04-07 14:46:27 - [MESSAGE][PASSED] - File 'C:/Users/Nia Yusniati/Git_Asa/BCAF_MEAPP_i3/Assets/ktp_dummy.png' sent to object: 'Object Repository/Input_Corporate/Capture_'

2022-04-07 14:46:27 - [TEST_STEP][PASSED] - delay(1): Delayed 1 second(s)

2022-04-07 14:46:28 - [MESSAGE][PASSED] - Delayed 1 second(s)

2022-04-07 14:46:28 - [TEST_STEP][PASSED] - waitForElementClickable(findTestObject("Input_Corporate/Pengurus/5_input_Name_form-control ng-untouched ng-pristine ng-invalid"), 300): Object 'Object Repository/Input_Corporate/Pengurus/5_input_Name_form-control ng-untouched ng-pristine ng-invalid' is clickable

2022-04-07 14:46:40 - [MESSAGE][PASSED] - Object 'Object Repository/Input_Corporate/Pengurus/5_input_Name_form-control ng-untouched ng-pristine ng-invalid' is clickable

2022-04-07 14:46:40 - [TEST_STEP][PASSED] - delay(1): Delayed 1 second(s)

2022-04-07 14:46:41 - [MESSAGE][PASSED] - Delayed 1 second(s)

2022-04-07 14:46:41 - [TEST_STEP][PASSED] - takeFullPageScreenshotAsCheckpoint(userDir + sprint4WebScreenshootPath + "scenario-3-Berhasil-input-otomatis-data-pengurus-berdasarkan-data-capture-ktp-pengurus-yang-di-capture.png"): Taking screenshot successfully

2022-04-07 14:46:42 - [MESSAGE][INFO] - 0 hidden object(s)

2022-04-07 14:46:43 - [MESSAGE][PASSED] - Taking screenshot successfully
[[ATTACHMENT|C:\Users\Nia Yusniati\Git_Asa\BCAF_MEAPP_i3\Screenshoot\Sprint4\Web\keyes\keyes-scenario-3-Berhasil-input-otomatis-data-pengurus-berdasarkan-data-capture-ktp-pengurus-yang-di-capture.png]]

2022-04-07 14:46:43 - [TEST_STEP][PASSED] - markPassed("scenario 3 - Berhasil input otomatis data pengurus berdasarkan data capture ktp pengurus yang di capture "): scenario 3 - Berhasil input otomatis data pengurus berdasarkan data capture ktp pengurus yang di capture 

2022-04-07 14:46:43 - [MESSAGE][PASSED] - scenario 3 - Berhasil input otomatis data pengurus berdasarkan data capture ktp pengurus yang di capture 

2022-04-07 14:46:43 - [TEST_STEP][PASSED] - delay(1): Delayed 1 second(s)

2022-04-07 14:46:44 - [MESSAGE][PASSED] - Delayed 1 second(s)

2022-04-07 14:46:44 - [TEST_STEP][PASSED] - setText(findTestObject("Input_Corporate/Pengurus/8_input_SID Pengurus_form-control ng-pristine ng-invalid is-invalid ng-touched"), pengurus_SID, OPTIONAL): Text '3345434656' is set on object 'Object Repository/Input_Corporate/Pengurus/8_input_SID Pengurus_form-control ng-pristine ng-invalid is-invalid ng-touched'

2022-04-07 14:46:45 - [MESSAGE][PASSED] - Text '3345434656' is set on object 'Object Repository/Input_Corporate/Pengurus/8_input_SID Pengurus_form-control ng-pristine ng-invalid is-invalid ng-touched'

2022-04-07 14:46:45 - [TEST_STEP][PASSED] - delay(1): Delayed 1 second(s)

2022-04-07 14:46:46 - [MESSAGE][PASSED] - Delayed 1 second(s)

2022-04-07 14:46:46 - [TEST_STEP][PASSED] - scrollToElement(findTestObject("Input_Corporate/Pengurus/2_i_Add_ri-file-add-line ( Add_Pengurus )"), 30, OPTIONAL): Scroll to object 'Object Repository/Input_Corporate/Pengurus/2_i_Add_ri-file-add-line ( Add_Pengurus )' successfully

2022-04-07 14:46:46 - [MESSAGE][PASSED] - Scroll to object 'Object Repository/Input_Corporate/Pengurus/2_i_Add_ri-file-add-line ( Add_Pengurus )' successfully

2022-04-07 14:46:46 - [TEST_STEP][PASSED] - delay(1): Delayed 1 second(s)

2022-04-07 14:46:47 - [MESSAGE][PASSED] - Delayed 1 second(s)

2022-04-07 14:46:47 - [TEST_STEP][PASSED] - setText(findTestObject("Input_Corporate/Pengurus/15_input_Kode Pos_form-control bcaf-autocomplete ng-pristine ng-invalid ng-touched"), pengurus_kodePos, OPTIONAL): Text '56643' is set on object 'Object Repository/Input_Corporate/Pengurus/15_input_Kode Pos_form-control bcaf-autocomplete ng-pristine ng-invalid ng-touched'

2022-04-07 14:46:49 - [MESSAGE][PASSED] - Text '56643' is set on object 'Object Repository/Input_Corporate/Pengurus/15_input_Kode Pos_form-control bcaf-autocomplete ng-pristine ng-invalid ng-touched'

2022-04-07 14:46:49 - [TEST_STEP][PASSED] - delay(1): Delayed 1 second(s)

2022-04-07 14:46:50 - [MESSAGE][PASSED] - Delayed 1 second(s)

2022-04-07 14:46:50 - [TEST_STEP][PASSED] - click(findTestObject("Input_Corporate/Pengurus/13_div_Pilih Role"), OPTIONAL): Object: 'Object Repository/Input_Corporate/Pengurus/13_div_Pilih Role' is clicked on

2022-04-07 14:46:50 - [MESSAGE][PASSED] - Object: 'Object Repository/Input_Corporate/Pengurus/13_div_Pilih Role' is clicked on

2022-04-07 14:46:50 - [TEST_STEP][PASSED] - delay(1): Delayed 1 second(s)

2022-04-07 14:46:51 - [MESSAGE][PASSED] - Delayed 1 second(s)

2022-04-07 14:46:51 - [TEST_STEP][PASSED] - setText(findTestObject("Input_Corporate/Pengurus/13_div_Pilih Role"), pengurus_role, OPTIONAL): Text 'not set' is set on object 'Object Repository/Input_Corporate/Pengurus/13_div_Pilih Role'

2022-04-07 14:46:52 - [MESSAGE][PASSED] - Text 'not set' is set on object 'Object Repository/Input_Corporate/Pengurus/13_div_Pilih Role'

2022-04-07 14:46:52 - [TEST_STEP][PASSED] - delay(1): Delayed 1 second(s)

2022-04-07 14:46:53 - [MESSAGE][PASSED] - Delayed 1 second(s)

2022-04-07 14:46:53 - [TEST_STEP][PASSED] - click(findTestObject("Input_Corporate/Pengurus/14_div_Not Set"), OPTIONAL): Object: 'Object Repository/Input_Corporate/Pengurus/14_div_Not Set' is clicked on

2022-04-07 14:46:54 - [MESSAGE][PASSED] - Object: 'Object Repository/Input_Corporate/Pengurus/14_div_Not Set' is clicked on

2022-04-07 14:46:54 - [TEST_STEP][PASSED] - delay(1): Delayed 1 second(s)

2022-04-07 14:46:55 - [MESSAGE][PASSED] - Delayed 1 second(s)

2022-04-07 14:46:55 - [TEST_STEP][PASSED] - click(findTestObject("Input_Corporate/Pengurus/21_div_Pilih Jabatan"), OPTIONAL): Object: 'Object Repository/Input_Corporate/Pengurus/21_div_Pilih Jabatan' is clicked on

2022-04-07 14:46:56 - [MESSAGE][PASSED] - Object: 'Object Repository/Input_Corporate/Pengurus/21_div_Pilih Jabatan' is clicked on

2022-04-07 14:46:56 - [TEST_STEP][PASSED] - delay(1): Delayed 1 second(s)

2022-04-07 14:46:57 - [MESSAGE][PASSED] - Delayed 1 second(s)

2022-04-07 14:46:57 - [TEST_STEP][PASSED] - setText(findTestObject("Object Repository/Input_Corporate/Pengurus/21_div_Pilih Jabatan"), pengurus_jabatan, OPTIONAL): Text 'komisaris utama' is set on object 'Object Repository/Input_Corporate/Pengurus/21_div_Pilih Jabatan'

2022-04-07 14:46:58 - [MESSAGE][PASSED] - Text 'komisaris utama' is set on object 'Object Repository/Input_Corporate/Pengurus/21_div_Pilih Jabatan'

2022-04-07 14:46:58 - [TEST_STEP][PASSED] - delay(1): Delayed 1 second(s)

2022-04-07 14:46:59 - [MESSAGE][PASSED] - Delayed 1 second(s)

2022-04-07 14:46:59 - [TEST_STEP][PASSED] - click(findTestObject("Input_Corporate/Pengurus/22_span_Komisaris Utama"), OPTIONAL): Object: 'Object Repository/Input_Corporate/Pengurus/22_span_Komisaris Utama' is clicked on

2022-04-07 14:47:00 - [MESSAGE][PASSED] - Object: 'Object Repository/Input_Corporate/Pengurus/22_span_Komisaris Utama' is clicked on

2022-04-07 14:47:00 - [TEST_STEP][PASSED] - takeFullPageScreenshotAsCheckpoint(userDir + sprint4WebScreenshootPath + "scenario-3-Berhasil-input-otomatis-data-pengurus-1.png"): Taking screenshot successfully

2022-04-07 14:47:01 - [MESSAGE][INFO] - 0 hidden object(s)

2022-04-07 14:47:02 - [MESSAGE][PASSED] - Taking screenshot successfully
[[ATTACHMENT|C:\Users\Nia Yusniati\Git_Asa\BCAF_MEAPP_i3\Screenshoot\Sprint4\Web\keyes\keyes-scenario-3-Berhasil-input-otomatis-data-pengurus-1.png]]

2022-04-07 14:47:02 - [TEST_STEP][PASSED] - markPassed("scenario 3 - Berhasil input data pengurus 1"): scenario 3 - Berhasil input data pengurus 1

2022-04-07 14:47:02 - [MESSAGE][PASSED] - scenario 3 - Berhasil input data pengurus 1

2022-04-07 14:47:02 - [TEST_STEP][PASSED] - delay(1): Delayed 1 second(s)

2022-04-07 14:47:03 - [MESSAGE][PASSED] - Delayed 1 second(s)

2022-04-07 14:47:03 - [TEST_STEP][PASSED] - delay(1): Delayed 1 second(s)

2022-04-07 14:47:04 - [MESSAGE][PASSED] - Delayed 1 second(s)

2022-04-07 14:47:04 - [TEST_STEP][PASSED] - scrollToPosition(0, 133, OPTIONAL): Browser is scrolled to position x = 0, y = 133

2022-04-07 14:47:04 - [MESSAGE][PASSED] - Browser is scrolled to position x = 0, y = 133

2022-04-07 14:47:04 - [TEST_STEP][PASSED] - delay(1): Delayed 1 second(s)

2022-04-07 14:47:05 - [MESSAGE][PASSED] - Delayed 1 second(s)

2022-04-07 14:47:05 - [TEST_STEP][PASSED] - click(findTestObject("Input_Corporate/Pemegang_saham/1_a_Pemegang Saham"), OPTIONAL): Object: 'Object Repository/Input_Corporate/Pemegang_saham/1_a_Pemegang Saham' is clicked on

2022-04-07 14:47:06 - [MESSAGE][PASSED] - Object: 'Object Repository/Input_Corporate/Pemegang_saham/1_a_Pemegang Saham' is clicked on

2022-04-07 14:47:06 - [TEST_STEP][PASSED] - delay(1): Delayed 1 second(s)

2022-04-07 14:47:07 - [MESSAGE][PASSED] - Delayed 1 second(s)

2022-04-07 14:47:07 - [TEST_STEP][PASSED] - takeFullPageScreenshotAsCheckpoint(userDir + sprint4WebScreenshootPath + "scenario-3-Masuk-Submenu-pemegang-saham-1.png"): Taking screenshot successfully

2022-04-07 14:47:07 - [MESSAGE][INFO] - 0 hidden object(s)

2022-04-07 14:47:07 - [MESSAGE][PASSED] - Taking screenshot successfully
[[ATTACHMENT|C:\Users\Nia Yusniati\Git_Asa\BCAF_MEAPP_i3\Screenshoot\Sprint4\Web\keyes\keyes-scenario-3-Masuk-Submenu-pemegang-saham-1.png]]

2022-04-07 14:47:07 - [TEST_STEP][PASSED] - markPassed("scenario 3 - Berhasil masuk menu pemegang saham "): scenario 3 - Berhasil masuk menu pemegang saham 

2022-04-07 14:47:07 - [MESSAGE][PASSED] - scenario 3 - Berhasil masuk menu pemegang saham 

2022-04-07 14:47:07 - [TEST_STEP][PASSED] - delay(1): Delayed 1 second(s)

2022-04-07 14:47:08 - [MESSAGE][PASSED] - Delayed 1 second(s)

2022-04-07 14:47:08 - [TEST_STEP][PASSED] - click(findTestObject("Input_Corporate/Pemegang_saham/2_a_Add"), OPTIONAL): Object: 'Object Repository/Input_Corporate/Pemegang_saham/2_a_Add' is clicked on

2022-04-07 14:47:09 - [MESSAGE][PASSED] - Object: 'Object Repository/Input_Corporate/Pemegang_saham/2_a_Add' is clicked on

2022-04-07 14:47:09 - [TEST_STEP][PASSED] - delay(1): Delayed 1 second(s)

2022-04-07 14:47:10 - [MESSAGE][PASSED] - Delayed 1 second(s)

2022-04-07 14:47:10 - [TEST_STEP][PASSED] - click(findTestObject("Input_Corporate/Pemegang_saham/input_Perorangan_radios"), OPTIONAL): Object: 'Object Repository/Input_Corporate/Pemegang_saham/input_Perorangan_radios' is clicked on

2022-04-07 14:47:11 - [MESSAGE][PASSED] - Object: 'Object Repository/Input_Corporate/Pemegang_saham/input_Perorangan_radios' is clicked on

2022-04-07 14:47:11 - [TEST_STEP][PASSED] - click(findTestObject("Input_Corporate/Pemegang_saham/input_Jenis Pemegang Saham_radios"), OPTIONAL): Object: 'Object Repository/Input_Corporate/Pemegang_saham/input_Jenis Pemegang Saham_radios' is clicked on

2022-04-07 14:47:12 - [MESSAGE][PASSED] - Object: 'Object Repository/Input_Corporate/Pemegang_saham/input_Jenis Pemegang Saham_radios' is clicked on

2022-04-07 14:47:12 - [TEST_STEP][PASSED] - delay(1): Delayed 1 second(s)

2022-04-07 14:47:13 - [MESSAGE][PASSED] - Delayed 1 second(s)

2022-04-07 14:47:13 - [TEST_STEP][PASSED] - takeFullPageScreenshotAsCheckpoint(userDir + sprint4WebScreenshootPath + "scenario-3-Memilih-radio-button-pemegang-saham.png"): Taking screenshot successfully

2022-04-07 14:47:13 - [MESSAGE][INFO] - 0 hidden object(s)

2022-04-07 14:47:13 - [MESSAGE][PASSED] - Taking screenshot successfully
[[ATTACHMENT|C:\Users\Nia Yusniati\Git_Asa\BCAF_MEAPP_i3\Screenshoot\Sprint4\Web\keyes\keyes-scenario-3-Memilih-radio-button-pemegang-saham.png]]

2022-04-07 14:47:13 - [TEST_STEP][PASSED] - markPassed("scenario 3 - Memilih radio button pemegang saham"): scenario 3 - Memilih radio button pemegang saham

2022-04-07 14:47:13 - [MESSAGE][PASSED] - scenario 3 - Memilih radio button pemegang saham

2022-04-07 14:47:13 - [TEST_STEP][PASSED] - delay(1): Delayed 1 second(s)

2022-04-07 14:47:14 - [MESSAGE][PASSED] - Delayed 1 second(s)

2022-04-07 14:47:14 - [TEST_STEP][PASSED] - click(findTestObject("Input_Corporate/Pemegang_saham/4_button_OK"), OPTIONAL): Object: 'Object Repository/Input_Corporate/Pemegang_saham/4_button_OK' is clicked on

2022-04-07 14:47:15 - [MESSAGE][PASSED] - Object: 'Object Repository/Input_Corporate/Pemegang_saham/4_button_OK' is clicked on

2022-04-07 14:47:15 - [TEST_STEP][PASSED] - delay(1): Delayed 1 second(s)

2022-04-07 14:47:16 - [MESSAGE][PASSED] - Delayed 1 second(s)

2022-04-07 14:47:16 - [TEST_STEP][PASSED] - click(findTestObject("Input_Corporate/Pemegang_saham/5_button_Pemegang Saham 1"), OPTIONAL): Object: 'Object Repository/Input_Corporate/Pemegang_saham/5_button_Pemegang Saham 1' is clicked on

2022-04-07 14:47:17 - [MESSAGE][PASSED] - Object: 'Object Repository/Input_Corporate/Pemegang_saham/5_button_Pemegang Saham 1' is clicked on

2022-04-07 14:47:17 - [TEST_STEP][PASSED] - delay(1): Delayed 1 second(s)

2022-04-07 14:47:18 - [MESSAGE][PASSED] - Delayed 1 second(s)

2022-04-07 14:47:18 - [TEST_STEP][PASSED] - takeFullPageScreenshotAsCheckpoint(userDir + sprint4WebScreenshootPath + "scenario-3-Masuk-Submenu-pemegang-saham-1.png"): Taking screenshot successfully

2022-04-07 14:47:19 - [MESSAGE][INFO] - 0 hidden object(s)

2022-04-07 14:47:19 - [MESSAGE][PASSED] - Taking screenshot successfully
[[ATTACHMENT|C:\Users\Nia Yusniati\Git_Asa\BCAF_MEAPP_i3\Screenshoot\Sprint4\Web\keyes\keyes-scenario-3-Masuk-Submenu-pemegang-saham-1.png]]

2022-04-07 14:47:19 - [TEST_STEP][PASSED] - markPassed("scenario 3 - Masuk submenu pemegang saham 1"): scenario 3 - Masuk submenu pemegang saham 1

2022-04-07 14:47:19 - [MESSAGE][PASSED] - scenario 3 - Masuk submenu pemegang saham 1

2022-04-07 14:47:19 - [TEST_STEP][PASSED] - delay(1): Delayed 1 second(s)

2022-04-07 14:47:20 - [MESSAGE][PASSED] - Delayed 1 second(s)

2022-04-07 14:47:20 - [TEST_STEP][PASSED] - click(findTestObject("Input_Corporate/Pemegang_saham/6_a_Capture File"), OPTIONAL): Object: 'Object Repository/Input_Corporate/Pemegang_saham/6_a_Capture File' is clicked on

2022-04-07 14:47:21 - [MESSAGE][PASSED] - Object: 'Object Repository/Input_Corporate/Pemegang_saham/6_a_Capture File' is clicked on

2022-04-07 14:47:21 - [TEST_STEP][PASSED] - delay(1): Delayed 1 second(s)

2022-04-07 14:47:22 - [MESSAGE][PASSED] - Delayed 1 second(s)

2022-04-07 14:47:22 - [TEST_STEP][PASSED] - uploadFile(findTestObject("Input_Corporate/Capture_"), userDir + cobaKTP, OPTIONAL): File 'C:/Users/Nia Yusniati/Git_Asa/BCAF_MEAPP_i3/Assets/ktp_dummy.png' sent to object: 'Object Repository/Input_Corporate/Capture_'

2022-04-07 14:47:22 - [MESSAGE][PASSED] - File 'C:/Users/Nia Yusniati/Git_Asa/BCAF_MEAPP_i3/Assets/ktp_dummy.png' sent to object: 'Object Repository/Input_Corporate/Capture_'

2022-04-07 14:47:22 - [TEST_STEP][PASSED] - delay(1): Delayed 1 second(s)

2022-04-07 14:47:23 - [MESSAGE][PASSED] - Delayed 1 second(s)

2022-04-07 14:47:23 - [TEST_STEP][PASSED] - scrollToPosition(0, 200, OPTIONAL): Browser is scrolled to position x = 0, y = 200

2022-04-07 14:47:23 - [MESSAGE][PASSED] - Browser is scrolled to position x = 0, y = 200

2022-04-07 14:47:23 - [TEST_STEP][PASSED] - delay(1): Delayed 1 second(s)

2022-04-07 14:47:24 - [MESSAGE][PASSED] - Delayed 1 second(s)

[...]
	at com.kms.katalon.core.webui.keyword.WebUiBuiltInKeywords.scrollToElement(WebUiBuiltInKeywords.groovy:4047)
	at com.kms.katalon.core.webui.keyword.WebUiBuiltInKeywords$scrollToElement$9.call(Unknown Source)
	at Script1647432050127.run(Script1647432050127.groovy:317)
	... 13 more
)
[[ATTACHMENT|C:\\Users\\Nia Yusniati\\Git_Asa\\BCAF_MEAPP_i3\\Reports\\20220407_144134\\Skenario_3\\S3\\20220407_144134\\1649318606359.png]]

2022-04-07 15:03:26 - [TEST_STEP][PASSED] - click(findTestObject("Object Repository/Inquiry_Status/Cek_DokumenResume/a_Back"), OPTIONAL): Unable to click on object 'Object Repository/Inquiry_Status/Cek_DokumenResume/a_Back' (Root cause: com.kms.katalon.core.exception.StepFailedException: Unable to click on object 'Object Repository/Inquiry_Status/Cek_DokumenResume/a_Back'
	at com.kms.katalon.core.webui.keyword.internal.WebUIKeywordMain.stepFailed(WebUIKeywordMain.groovy:64)
	at com.kms.katalon.core.webui.keyword.internal.WebUIKeywordMain.runKeyword(WebUIKeywordMain.groovy:26)
	at com.kms.katalon.core.webui.keyword.builtin.ClickKeyword.click(ClickKeyword.groovy:75)
	at com.kms.katalon.core.webui.keyword.builtin.ClickKeyword.execute(ClickKeyword.groovy:42)
	at com.kms.katalon.core.keyword.internal.KeywordExecutor.executeKeywordForPlatform(KeywordExecutor.groovy:74)
	at com.kms.katalon.core.webui.keyword.WebUiBuiltInKeywords.click(WebUiBuiltInKeywords.groovy:608)
	at com.kms.katalon.core.webui.keyword.WebUiBuiltInKeywords$click$10.call(Unknown Source)
	at 03-05-Transaction-InquiryStatus-SearchPengajuan.run(03-05-Transaction-InquiryStatus-SearchPengajuan:320)
	at com.kms.katalon.core.main.ScriptEngine.run(ScriptEngine.java:194)
	at com.kms.katalon.core.main.ScriptEngine.runScriptAsRawText(ScriptEngine.java:119)
	at com.kms.katalon.core.main.TestCaseExecutor.runScript(TestCaseExecutor.java:430)
	at com.kms.katalon.core.main.TestCaseExecutor.doExecute(TestCaseExecutor.java:421)
	at com.kms.katalon.core.main.TestCaseExecutor.processExecutionPhase(TestCaseExecutor.java:400)
	at com.kms.katalon.core.main.TestCaseExecutor.accessMainPhase(TestCaseExecutor.java:392)
	at com.kms.katalon.core.main.TestCaseExecutor.execute(TestCaseExecutor.java:273)
	at com.kms.katalon.core.main.TestSuiteExecutor.accessTestCaseMainPhase(TestSuiteExecutor.java:202)
	at com.kms.katalon.core.main.TestSuiteExecutor.accessTestSuiteMainPhase(TestSuiteExecutor.java:164)
	at com.kms.katalon.core.main.TestSuiteExecutor.execute(TestSuiteExecutor.java:105)
	at com.kms.katalon.core.main.TestCaseMain.startTestSuite(TestCaseMain.java:185)
	at com.kms.katalon.core.main.TestCaseMain$startTestSuite$0.call(Unknown Source)
	at TempTestSuite1649317294040.run(TempTestSuite1649317294040.groovy:36)
Caused by: com.kms.katalon.core.webui.exception.WebElementNotFoundException: Web element with id: 'Object Repository/Inquiry_Status/Cek_DokumenResume/a_Back' located by '//a[(text() = 'Back' or . = 'Back')]' not found
	at com.kms.katalon.core.webui.common.WebUiCommonHelper.findWebElement(WebUiCommonHelper.java:1368)
	at com.kms.katalon.core.webui.keyword.internal.WebUIAbstractKeyword.findWebElement(WebUIAbstractKeyword.groovy:27)
	at com.kms.katalon.core.webui.keyword.internal.WebUIAbstractKeyword.findWebElement(WebUIAbstractKeyword.groovy:26)
	at com.kms.katalon.core.webui.keyword.builtin.ClickKeyword$_click_closure1.doCall(ClickKeyword.groovy:66)
	at com.kms.katalon.core.webui.keyword.builtin.ClickKeyword$_click_closure1.call(ClickKeyword.groovy)
	at com.kms.katalon.core.webui.keyword.internal.WebUIKeywordMain.runKeyword(WebUIKeywordMain.groovy:20)
	at com.kms.katalon.core.webui.keyword.builtin.ClickKeyword.click(ClickKeyword.groovy:75)
	at com.kms.katalon.core.webui.keyword.builtin.ClickKeyword.execute(ClickKeyword.groovy:42)
	at com.kms.katalon.core.keyword.internal.KeywordExecutor.executeKeywordForPlatform(KeywordExecutor.groovy:74)
	at com.kms.katalon.core.webui.keyword.WebUiBuiltInKeywords.click(WebUiBuiltInKeywords.groovy:608)
	at com.kms.katalon.core.webui.keyword.WebUiBuiltInKeywords$click$10.call(Unknown Source)
	at Script1647432050127.run(Script1647432050127.groovy:320)
	... 13 more
)

2022-04-07 15:03:59 - [MESSAGE][INFO] - Unable to find the element located by 'By.xpath: //a[(text() = 'Back' or . = 'Back')]'. Please recheck the objects properties to make sure the desired element is located. 

2022-04-07 15:03:59 - [MESSAGE][WARNING] - [SELF-HEALING] Failed to find element with id 'Object Repository/Inquiry_Status/Cek_DokumenResume/a_Back'. Try using Self-healing.

2022-04-07 15:04:01 - [MESSAGE][INFO] - Unable to find the element located by 'By.xpath: //div[@id='appContainer']/div/div/div[2]/div/a'. Please recheck the objects properties to make sure the desired element is located. 

2022-04-07 15:04:03 - [MESSAGE][INFO] - Unable to find the element located by 'By.xpath: //div[@id='appContainer']/div/div/div[2]/div/a'. Please recheck the objects properties to make sure the desired element is located. 

2022-04-07 15:04:05 - [MESSAGE][INFO] - [SELF-HEALING] Failed Locator: '//div[@id='appContainer']/div/div/div[2]/div/a'.

2022-04-07 15:04:07 - [MESSAGE][INFO] - [SELF-HEALING] Failed Locator: '//a[contains(text(),'Back')]'.

2022-04-07 15:04:09 - [MESSAGE][INFO] - [SELF-HEALING] Failed Locator: '(.//*[normalize-space(text()) and normalize-space(.)='Catatan'])[1]/following::a[1]'.

2022-04-07 15:04:11 - [MESSAGE][INFO] - [SELF-HEALING] Failed Locator: '(.//*[normalize-space(text()) and normalize-space(.)='Penyimpangan Tambahan Direksi 2'])[1]/following::a[1]'.

2022-04-07 15:04:13 - [MESSAGE][INFO] - [SELF-HEALING] Failed Locator: '(.//*[normalize-space(text()) and normalize-space(.)='Print'])[1]/preceding::a[1]'.

2022-04-07 15:04:15 - [MESSAGE][INFO] - [SELF-HEALING] Failed Locator: '(.//*[normalize-space(text()) and normalize-space(.)='Capture object:'])[1]/preceding::a[2]'.

2022-04-07 15:04:17 - [MESSAGE][INFO] - [SELF-HEALING] Failed Locator: '//*/text()[normalize-space(.)='Back']/parent::*'.

2022-04-07 15:04:19 - [MESSAGE][INFO] - [SELF-HEALING] Failed Locator: '(//a[contains(@href, '/inquiry-status')])[2]'.

2022-04-07 15:04:21 - [MESSAGE][INFO] - [SELF-HEALING] Failed Locator: '//div[2]/div/a'.

2022-04-07 15:04:23 - [MESSAGE][INFO] - [SELF-HEALING] Failed Locator: '//a[@href = '/inquiry-status' and (text() = 'Back' or . = 'Back')]'.

2022-04-07 15:04:25 - [MESSAGE][INFO] - Unable to find the element located by 'By.cssSelector: a.btn.btn-secondary.btn-icon.btn-icon-nolabel.m-0.pl-4.pr-4'. Please recheck the objects properties to make sure the desired element is located. 

2022-04-07 15:04:25 - [MESSAGE][WARNING] - Unable to click on object 'Object Repository/Inquiry_Status/Cek_DokumenResume/a_Back' (Root cause: com.kms.katalon.core.exception.StepFailedException: Unable to click on object 'Object Repository/Inquiry_Status/Cek_DokumenResume/a_Back'
	at com.kms.katalon.core.webui.keyword.internal.WebUIKeywordMain.stepFailed(WebUIKeywordMain.groovy:64)
	at com.kms.katalon.core.webui.keyword.internal.WebUIKeywordMain.runKeyword(WebUIKeywordMain.groovy:26)
	at com.kms.katalon.core.webui.keyword.builtin.ClickKeyword.click(ClickKeyword.groovy:75)
	at com.kms.katalon.core.webui.keyword.builtin.ClickKeyword.execute(ClickKeyword.groovy:42)
	at com.kms.katalon.core.keyword.internal.KeywordExecutor.executeKeywordForPlatform(KeywordExecutor.groovy:74)
	at com.kms.katalon.core.webui.keyword.WebUiBuiltInKeywords.click(WebUiBuiltInKeywords.groovy:608)
	at com.kms.katalon.core.webui.keyword.WebUiBuiltInKeywords$click$10.call(Unknown Source)
	at 03-05-Transaction-InquiryStatus-SearchPengajuan.run(03-05-Transaction-InquiryStatus-SearchPengajuan:320)
	at com.kms.katalon.core.main.ScriptEngine.run(ScriptEngine.java:194)
	at com.kms.katalon.core.main.ScriptEngine.runScriptAsRawText(ScriptEngine.java:119)
	at com.kms.katalon.core.main.TestCaseExecutor.runScript(TestCaseExecutor.java:430)
	at com.kms.katalon.core.main.TestCaseExecutor.doExecute(TestCaseExecutor.java:421)
	at com.kms.katalon.core.main.TestCaseExecutor.processExecutionPhase(TestCaseExecutor.java:400)
	at com.kms.katalon.core.main.TestCaseExecutor.accessMainPhase(TestCaseExecutor.java:392)
	at com.kms.katalon.core.main.TestCaseExecutor.execute(TestCaseExecutor.java:273)
	at com.kms.katalon.core.main.TestSuiteExecutor.accessTestCaseMainPhase(TestSuiteExecutor.java:202)
	at com.kms.katalon.core.main.TestSuiteExecutor.accessTestSuiteMainPhase(TestSuiteExecutor.java:164)
	at com.kms.katalon.core.main.TestSuiteExecutor.execute(TestSuiteExecutor.java:105)
	at com.kms.katalon.core.main.TestCaseMain.startTestSuite(TestCaseMain.java:185)
	at com.kms.katalon.core.main.TestCaseMain$startTestSuite$0.call(Unknown Source)
	at TempTestSuite1649317294040.run(TempTestSuite1649317294040.groovy:36)
Caused by: com.kms.katalon.core.webui.exception.WebElementNotFoundException: Web element with id: 'Object Repository/Inquiry_Status/Cek_DokumenResume/a_Back' located by '//a[(text() = 'Back' or . = 'Back')]' not found
	at com.kms.katalon.core.webui.common.WebUiCommonHelper.findWebElement(WebUiCommonHelper.java:1368)
	at com.kms.katalon.core.webui.keyword.internal.WebUIAbstractKeyword.findWebElement(WebUIAbstractKeyword.groovy:27)
	at com.kms.katalon.core.webui.keyword.internal.WebUIAbstractKeyword.findWebElement(WebUIAbstractKeyword.groovy:26)
	at com.kms.katalon.core.webui.keyword.builtin.ClickKeyword$_click_closure1.doCall(ClickKeyword.groovy:66)
	at com.kms.katalon.core.webui.keyword.builtin.ClickKeyword$_click_closure1.call(ClickKeyword.groovy)
	at com.kms.katalon.core.webui.keyword.internal.WebUIKeywordMain.runKeyword(WebUIKeywordMain.groovy:20)
	at com.kms.katalon.core.webui.keyword.builtin.ClickKeyword.click(ClickKeyword.groovy:75)
	at com.kms.katalon.core.webui.keyword.builtin.ClickKeyword.execute(ClickKeyword.groovy:42)
	at com.kms.katalon.core.keyword.internal.KeywordExecutor.executeKeywordForPlatform(KeywordExecutor.groovy:74)
	at com.kms.katalon.core.webui.keyword.WebUiBuiltInKeywords.click(WebUiBuiltInKeywords.groovy:608)
	at com.kms.katalon.core.webui.keyword.WebUiBuiltInKeywords$click$10.call(Unknown Source)
	at Script1647432050127.run(Script1647432050127.groovy:320)
	... 13 more
)
[[ATTACHMENT|C:\\Users\\Nia Yusniati\\Git_Asa\\BCAF_MEAPP_i3\\Reports\\20220407_144134\\Skenario_3\\S3\\20220407_144134\\1649318665363.png]]

2022-04-07 15:04:25 - [TEST_STEP][PASSED] - delay(1): Delayed 1 second(s)

2022-04-07 15:04:26 - [MESSAGE][PASSED] - Delayed 1 second(s)

2022-04-07 15:04:26 - [TEST_STEP][PASSED] - setText(findTestObject("Object Repository/Inquiry_Status/input_Mobile ID  Application ID_form-control ng-untouched ng-pristine ng-valid"), id3, OPTIONAL): Text '4003937' is set on object 'Object Repository/Inquiry_Status/input_Mobile ID  Application ID_form-control ng-untouched ng-pristine ng-valid'

2022-04-07 15:04:27 - [MESSAGE][PASSED] - Text '4003937' is set on object 'Object Repository/Inquiry_Status/input_Mobile ID  Application ID_form-control ng-untouched ng-pristine ng-valid'

2022-04-07 15:04:27 - [TEST_STEP][PASSED] - delay(2): Delayed 2 second(s)

2022-04-07 15:04:29 - [MESSAGE][PASSED] - Delayed 2 second(s)

2022-04-07 15:04:29 - [TEST_STEP][PASSED] - click(findTestObject("Object Repository/Inquiry_Status/span_Search"), OPTIONAL): Object: 'Object Repository/Inquiry_Status/span_Search' is clicked on

2022-04-07 15:04:30 - [MESSAGE][PASSED] - Object: 'Object Repository/Inquiry_Status/span_Search' is clicked on

2022-04-07 15:04:30 - [TEST_STEP][PASSED] - takeFullPageScreenshotAsCheckpoint(userDir + sprint4WebScreenshootPath + "scenario-3-input-search-inquiry-status-data-pengajuan-3.png"): Taking screenshot successfully

2022-04-07 15:04:31 - [MESSAGE][INFO] - 0 hidden object(s)

2022-04-07 15:04:31 - [MESSAGE][PASSED] - Taking screenshot successfully
[[ATTACHMENT|C:\Users\Nia Yusniati\Git_Asa\BCAF_MEAPP_i3\Screenshoot\Sprint4\Web\keyes\keyes-scenario-3-input-search-inquiry-status-data-pengajuan-3.png]]

2022-04-07 15:04:31 - [TEST_STEP][PASSED] - markPassed("scenario 3 - input search inquiry status data pengajuan 3"): scenario 3 - input search inquiry status data pengajuan 3

2022-04-07 15:04:31 - [MESSAGE][PASSED] - scenario 3 - input search inquiry status data pengajuan 3

2022-04-07 15:04:31 - [TEST_STEP][PASSED] - delay(2): Delayed 2 second(s)

2022-04-07 15:04:33 - [MESSAGE][PASSED] - Delayed 2 second(s)

2022-04-07 15:04:33 - [TEST_STEP][PASSED] - click(findTestObject("Object Repository/Inquiry_Status/Cek_DokumenResume/a_list"), OPTIONAL): Object: 'Object Repository/Inquiry_Status/Cek_DokumenResume/a_list' is clicked on

2022-04-07 15:04:33 - [MESSAGE][PASSED] - Object: 'Object Repository/Inquiry_Status/Cek_DokumenResume/a_list' is clicked on

2022-04-07 15:04:33 - [TEST_STEP][PASSED] - delay(1): Delayed 1 second(s)

2022-04-07 15:04:34 - [MESSAGE][PASSED] - Delayed 1 second(s)

2022-04-07 15:04:34 - [TEST_STEP][PASSED] - click(findTestObject("Object Repository/Inquiry_Status/Cek_DokumenResume/button_Resume"), OPTIONAL): Object: 'Object Repository/Inquiry_Status/Cek_DokumenResume/button_Resume' is clicked on

2022-04-07 15:04:36 - [MESSAGE][PASSED] - Object: 'Object Repository/Inquiry_Status/Cek_DokumenResume/button_Resume' is clicked on

2022-04-07 15:04:36 - [TEST_STEP][PASSED] - delay(5): Delayed 5 second(s)

2022-04-07 15:04:41 - [MESSAGE][PASSED] - Delayed 5 second(s)

2022-04-07 15:04:41 - [TEST_STEP][PASSED] - click(findTestObject("Object Repository/Inquiry_Status/Cek_DokumenResume/button_Resume Internal"), OPTIONAL): Object: 'Object Repository/Inquiry_Status/Cek_DokumenResume/button_Resume Internal' is clicked on

2022-04-07 15:04:41 - [MESSAGE][PASSED] - Object: 'Object Repository/Inquiry_Status/Cek_DokumenResume/button_Resume Internal' is clicked on

2022-04-07 15:04:41 - [TEST_STEP][PASSED] - delay(5): Delayed 5 second(s)

2022-04-07 15:04:46 - [MESSAGE][PASSED] - Delayed 5 second(s)

2022-04-07 15:04:46 - [TEST_STEP][PASSED] - takeFullPageScreenshotAsCheckpoint(userDir + sprint4WebScreenshootPath + "scenario-3-menu-resume-internal-pengajuan-3.png"): Taking screenshot successfully

2022-04-07 15:04:47 - [MESSAGE][INFO] - 0 hidden object(s)

2022-04-07 15:04:48 - [MESSAGE][PASSED] - Taking screenshot successfully
[[ATTACHMENT|C:\Users\Nia Yusniati\Git_Asa\BCAF_MEAPP_i3\Screenshoot\Sprint4\Web\keyes\keyes-scenario-3-menu-resume-internal-pengajuan-3.png]]

2022-04-07 15:04:48 - [TEST_STEP][PASSED] - markPassed("scenario 3 - menu resume internal pengajuan-3"): scenario 3 - menu resume internal pengajuan-3

2022-04-07 15:04:48 - [MESSAGE][PASSED] - scenario 3 - menu resume internal pengajuan-3

2022-04-07 15:04:48 - [TEST_STEP][PASSED] - delay(5): Delayed 5 second(s)

2022-04-07 15:04:53 - [MESSAGE][PASSED] - Delayed 5 second(s)

2022-04-07 15:04:53 - [TEST_STEP][PASSED] - click(findTestObject("Object Repository/Inquiry_Status/Cek_DokumenResume/button_Anggaran Dasar Dan Perubahan"), OPTIONAL): Object: 'Object Repository/Inquiry_Status/Cek_DokumenResume/button_Anggaran Dasar Dan Perubahan' is clicked on

2022-04-07 15:04:53 - [MESSAGE][PASSED] - Object: 'Object Repository/Inquiry_Status/Cek_DokumenResume/button_Anggaran Dasar Dan Perubahan' is clicked on

2022-04-07 15:04:53 - [TEST_STEP][PASSED] - delay(5): Delayed 5 second(s)

2022-04-07 15:04:58 - [MESSAGE][PASSED] - Delayed 5 second(s)

2022-04-07 15:04:58 - [TEST_STEP][PASSED] - takeFullPageScreenshotAsCheckpoint(userDir + sprint4WebScreenshootPath + "scenario-3-menu-anggaran-dasar-dan-perubahan-pengajuan-3.png"): Taking screenshot successfully

2022-04-07 15:04:59 - [MESSAGE][INFO] - 0 hidden object(s)

2022-04-07 15:05:00 - [MESSAGE][PASSED] - Taking screenshot successfully
[[ATTACHMENT|C:\Users\Nia Yusniati\Git_Asa\BCAF_MEAPP_i3\Screenshoot\Sprint4\Web\keyes\keyes-scenario-3-menu-anggaran-dasar-dan-perubahan-pengajuan-3.png]]

2022-04-07 15:05:00 - [TEST_STEP][PASSED] - markPassed("scenario 3 - menu anggaran dasar dan perubahan pengajuan-3"): scenario 3 - menu anggaran dasar dan perubahan pengajuan-3

2022-04-07 15:05:00 - [MESSAGE][PASSED] - scenario 3 - menu anggaran dasar dan perubahan pengajuan-3

2022-04-07 15:05:00 - [TEST_STEP][PASSED] - delay(5): Delayed 5 second(s)

2022-04-07 15:05:05 - [MESSAGE][PASSED] - Delayed 5 second(s)

2022-04-07 15:05:05 - [TEST_STEP][PASSED] - click(findTestObject("Object Repository/Inquiry_Status/Cek_DokumenResume/button_Pengurus"), OPTIONAL): Object: 'Object Repository/Inquiry_Status/Cek_DokumenResume/button_Pengurus' is clicked on

2022-04-07 15:05:05 - [MESSAGE][PASSED] - Object: 'Object Repository/Inquiry_Status/Cek_DokumenResume/button_Pengurus' is clicked on

2022-04-07 15:05:05 - [TEST_STEP][PASSED] - delay(5): Delayed 5 second(s)

2022-04-07 15:05:10 - [MESSAGE][PASSED] - Delayed 5 second(s)

2022-04-07 15:05:10 - [TEST_STEP][PASSED] - takeFullPageScreenshotAsCheckpoint(userDir + sprint4WebScreenshootPath + "scenario-3-menu-pengurus-pengajuan-3.png"): Taking screenshot successfully

2022-04-07 15:05:11 - [MESSAGE][INFO] - 0 hidden object(s)

2022-04-07 15:05:12 - [MESSAGE][PASSED] - Taking screenshot successfully
[[ATTACHMENT|C:\Users\Nia Yusniati\Git_Asa\BCAF_MEAPP_i3\Screenshoot\Sprint4\Web\keyes\keyes-scenario-3-menu-pengurus-pengajuan-3.png]]

2022-04-07 15:05:12 - [TEST_STEP][PASSED] - markPassed("scenario 3 - menu pengurus pengajuan-3"): scenario 3 - menu pengurus pengajuan-3

2022-04-07 15:05:12 - [MESSAGE][PASSED] - scenario 3 - menu pengurus pengajuan-3

2022-04-07 15:05:12 - [TEST_STEP][PASSED] - delay(5): Delayed 5 second(s)

2022-04-07 15:05:17 - [MESSAGE][PASSED] - Delayed 5 second(s)

2022-04-07 15:05:17 - [TEST_STEP][PASSED] - click(findTestObject("Object Repository/Inquiry_Status/Cek_DokumenResume/button_Data Pendukung"), OPTIONAL): Object: 'Object Repository/Inquiry_Status/Cek_DokumenResume/button_Data Pendukung' is clicked on

2022-04-07 15:05:17 - [MESSAGE][PASSED] - Object: 'Object Repository/Inquiry_Status/Cek_DokumenResume/button_Data Pendukung' is clicked on

2022-04-07 15:05:17 - [TEST_STEP][PASSED] - delay(5): Delayed 5 second(s)

2022-04-07 15:05:22 - [MESSAGE][PASSED] - Delayed 5 second(s)

2022-04-07 15:05:22 - [TEST_STEP][PASSED] - takeFullPageScreenshotAsCheckpoint(userDir + sprint4WebScreenshootPath + "scenario-3-menu-data-pendukung-pengajuan-3.png"): Taking screenshot successfully

2022-04-07 15:05:23 - [MESSAGE][INFO] - 0 hidden object(s)

2022-04-07 15:05:24 - [MESSAGE][PASSED] - Taking screenshot successfully
[[ATTACHMENT|C:\Users\Nia Yusniati\Git_Asa\BCAF_MEAPP_i3\Screenshoot\Sprint4\Web\keyes\keyes-scenario-3-menu-data-pendukung-pengajuan-3.png]]

2022-04-07 15:05:24 - [TEST_STEP][PASSED] - markPassed("scenario 3 - menu data pendukung pengajuan-3"): scenario 3 - menu data pendukung pengajuan-3

2022-04-07 15:05:24 - [MESSAGE][PASSED] - scenario 3 - menu data pendukung pengajuan-3

2022-04-07 15:05:24 - [TEST_STEP][PASSED] - delay(5): Delayed 5 second(s)

2022-04-07 15:05:29 - [MESSAGE][PASSED] - Delayed 5 second(s)

2022-04-07 15:05:29 - [TEST_STEP][PASSED] - scrollToElement(findTestObject("Object Repository/Inquiry_Status/Cek_DokumenResume/a_Back"), 60, OPTIONAL): Scroll to object 'Object Repository/Inquiry_Status/Cek_DokumenResume/a_Back' successfully

2022-04-07 15:05:29 - [MESSAGE][PASSED] - Scroll to object 'Object Repository/Inquiry_Status/Cek_DokumenResume/a_Back' successfully

2022-04-07 15:05:29 - [TEST_STEP][PASSED] - click(findTestObject("Object Repository/Inquiry_Status/Cek_DokumenResume/a_Back"), OPTIONAL): Object: 'Object Repository/Inquiry_Status/Cek_DokumenResume/a_Back' is clicked on

2022-04-07 15:05:30 - [MESSAGE][PASSED] - Object: 'Object Repository/Inquiry_Status/Cek_DokumenResume/a_Back' is clicked on]]></system-out>
         <system-err><![CDATA[]]></system-err>
      </testcase>
      <system-out><![CDATA[2022-04-07 14:41:46 - [TEST_SUITE][PASSED] - S3: Test Cases/Sprint 4/Skenario 3/03-05-Transaction-InquiryStatus-SearchPengajuan]]></system-out>
      <system-err><![CDATA[]]></system-err>
   </testsuite>
</testsuites>
